#
# There is insufficient memory for the Java Runtime Environment to continue.
# Native memory allocation (malloc) failed to allocate 1048576 bytes. Error detail: AllocateHeap
# Possible reasons:
#   The system is out of physical RAM or swap space
#   This process is running with CompressedOops enabled, and the Java Heap may be blocking the growth of the native heap
# Possible solutions:
#   Reduce memory load on the system
#   Increase physical memory or swap space
#   Check if swap backing store is full
#   Decrease Java heap size (-Xmx/-Xms)
#   Decrease number of Java threads
#   Decrease Java thread stack sizes (-Xss)
#   Set larger code cache with -XX:ReservedCodeCacheSize=
#   JVM is running with Unscaled Compressed Oops mode in which the Java heap is
#     placed in the first 4GB address space. The Java Heap base address is the
#     maximum limit for the native heap growth. Please use -XX:HeapBaseMinAddress
#     to set the Java Heap base and to place the Java Heap above 4GB virtual address.
# This output file may be truncated or incomplete.
#
#  Out of Memory Error (allocation.cpp:44), pid=528, tid=14600
#
# JRE version:  (17.0.11+9) (build )
# Java VM: OpenJDK 64-Bit Server VM (17.0.11+9, mixed mode, tiered, compressed oops, compressed class ptrs, parallel gc, windows-amd64)
# No core dump will be written. Minidumps are not enabled by default on client versions of Windows
#

---------------  S U M M A R Y ------------

Command Line: --add-modules=ALL-SYSTEM --add-opens=java.base/java.util=ALL-UNNAMED --add-opens=java.base/java.lang=ALL-UNNAMED --add-opens=java.base/sun.nio.fs=ALL-UNNAMED -Declipse.application=org.eclipse.jdt.ls.core.id1 -Dosgi.bundles.defaultStartLevel=4 -Declipse.product=org.eclipse.jdt.ls.core.product -Djava.import.generatesMetadataFilesAtProjectRoot=false -DDetectVMInstallationsJob.disabled=true -Dfile.encoding=utf8 -XX:+UseParallelGC -XX:GCTimeRatio=4 -XX:AdaptiveSizePolicyWeight=90 -Dsun.zip.disableMemoryMapping=true -Xmx1G -Xms100m -Xlog:disable -javaagent:c:\Users\Francis\.vscode\extensions\redhat.java-1.31.0-win32-x64\lombok\lombok-1.18.32.jar -XX:+HeapDumpOnOutOfMemoryError -XX:HeapDumpPath=c:\Users\Francis\AppData\Roaming\Code\User\workspaceStorage\1e3143e8f8e6a5f7c99adef743bb7db3\redhat.java -Daether.dependencyCollector.impl=bf c:\Users\Francis\.vscode\extensions\redhat.java-1.31.0-win32-x64\server\plugins\org.eclipse.equinox.launcher_1.6.800.v20240513-1750.jar -configuration c:\Users\Francis\AppData\Roaming\Code\User\globalStorage\redhat.java\1.31.0\config_win -data c:\Users\Francis\AppData\Roaming\Code\User\workspaceStorage\1e3143e8f8e6a5f7c99adef743bb7db3\redhat.java\jdt_ws --pipe=\\.\pipe\lsp-2e9eb798bc3d9bb619b896a8b2af4875-sock

Host: Intel(R) Pentium(R) Silver N5030 CPU @ 1.10GHz, 4 cores, 3G,  Windows 11 , 64 bit Build 22000 (10.0.22000.2538)
Time: Sat Jun  1 16:03:16 2024 South Africa Standard Time elapsed time: 0.407518 seconds (0d 0h 0m 0s)

---------------  T H R E A D  ---------------

Current thread (0x000002bb3909f5b0):  JavaThread "Unknown thread" [_thread_in_vm, id=14600, stack(0x000000c9bfc00000,0x000000c9bfd00000)]

Stack: [0x000000c9bfc00000,0x000000c9bfd00000]
Native frames: (J=compiled Java code, j=interpreted, Vv=VM code, C=native code)
V  [jvm.dll+0x67d429]
V  [jvm.dll+0x834b7a]
V  [jvm.dll+0x83663e]
V  [jvm.dll+0x836ca3]
V  [jvm.dll+0x247dbf]
V  [jvm.dll+0xa6cb3]
V  [jvm.dll+0x6aff5a]
V  [jvm.dll+0x6b0c4f]
V  [jvm.dll+0x689b53]
V  [jvm.dll+0x806c4b]
V  [jvm.dll+0x36c5e4]
V  [jvm.dll+0x7e4f56]
V  [jvm.dll+0x3efdcf]
V  [jvm.dll+0x3f1921]
C  [jli.dll+0x528f]
C  [ucrtbase.dll+0x26c0c]
C  [KERNEL32.DLL+0x153e0]
C  [ntdll.dll+0x485b]


---------------  P R O C E S S  ---------------

Threads class SMR info:
_java_thread_list=0x00007ff9f477eed8, length=0, elements={
}

Java Threads: ( => current thread )

Other Threads:
  0x000002bb390b4e50 GCTaskThread "GC Thread#0" [stack: 0x000000c9bfd00000,0x000000c9bfe00000] [id=8]

=>0x000002bb3909f5b0 (exited) JavaThread "Unknown thread" [_thread_in_vm, id=14600, stack(0x000000c9bfc00000,0x000000c9bfd00000)]

Threads with active compile tasks:

VM state: not at safepoint (normal execution)

VM Mutex/Monitor currently owned by a thread: None

Heap address: 0x00000000c0000000, size: 1024 MB, Compressed Oops mode: 32-bit

CDS archive(s) not mapped
Compressed class space mapped at: 0x0000000100000000-0x0000000140000000, reserved size: 1073741824
Narrow klass base: 0x0000000000000000, Narrow klass shift: 3, Narrow klass range: 0x140000000

GC Precious Log:
 CPUs: 4 total, 4 available
 Memory: 3907M
 Large Page Support: Disabled
 NUMA Support: Disabled
 Compressed Oops: Enabled (32-bit)
 Alignments: Space 512K, Generation 512K, Heap 2M
 Heap Min Capacity: 100M
 Heap Initial Capacity: 100M
 Heap Max Capacity: 1G
 Pre-touch: Disabled
 Parallel Workers: 4

Heap:
 PSYoungGen      total 29696K, used 512K [0x00000000eab00000, 0x00000000ecc00000, 0x0000000100000000)
  eden space 25600K, 2% used [0x00000000eab00000,0x00000000eab80070,0x00000000ec400000)
  from space 4096K, 0% used [0x00000000ec800000,0x00000000ec800000,0x00000000ecc00000)
  to   space 4096K, 0% used [0x00000000ec400000,0x00000000ec400000,0x00000000ec800000)
 ParOldGen       total 68608K, used 0K [0x00000000c0000000, 0x00000000c4300000, 0x00000000eab00000)
  object space 68608K, 0% used [0x00000000c0000000,0x00000000c0000000,0x00000000c4300000)
 Metaspace       used 1149K, committed 1216K, reserved 1114112K
  class space    used 101K, committed 128K, reserved 1048576K

Card table byte_map: [0x000002bb4c700000,0x000002bb4c910000] _byte_map_base: 0x000002bb4c100000

Marking Bits: (ParMarkBitMap*) 0x00007ff9f47ed820
 Begin Bits: [0x000002bb4ca70000, 0x000002bb4da70000)
 End Bits:   [0x000002bb4da70000, 0x000002bb4ea70000)

Polling page: 0x000002bb39160000

Metaspace:

Usage:
  Non-class:      1.02 MB used.
      Class:    101.05 KB used.
       Both:      1.12 MB used.

Virtual space:
  Non-class space:       64.00 MB reserved,       1.06 MB (  2%) committed,  1 nodes.
      Class space:        1.00 GB reserved,     128.00 KB ( <1%) committed,  1 nodes.
             Both:        1.06 GB reserved,       1.19 MB ( <1%) committed. 

Chunk freelists:
   Non-Class:  12.00 MB
       Class:  15.75 MB
        Both:  27.75 MB

MaxMetaspaceSize: unlimited
CompressedClassSpaceSize: 1.00 GB
Initial GC threshold: 21.00 MB
Current GC threshold: 17179869184.00 GB
CDS: off
MetaspaceReclaimPolicy: balanced
 - commit_granule_bytes: 65536.
 - commit_granule_words: 8192.
 - virtual_space_node_default_size: 8388608.
 - enlarge_chunks_in_place: 1.
 - new_chunks_are_fully_committed: 0.
 - uncommit_free_chunks: 1.
 - use_allocation_guard: 0.
 - handle_deallocations: 1.


Internal statistics:

num_allocs_failed_limit: 0.
num_arena_births: 2.
num_arena_deaths: 0.
num_vsnodes_births: 2.
num_vsnodes_deaths: 0.
num_space_committed: 19.
num_space_uncommitted: 0.
num_chunks_returned_to_freelist: 0.
num_chunks_taken_from_freelist: 3.
num_chunk_merges: 0.
num_chunk_splits: 2.
num_chunks_enlarged: 0.
num_inconsistent_stats: 0.

CodeHeap 'non-profiled nmethods': size=120000Kb used=0Kb max_used=0Kb free=120000Kb
 bounds [0x000002bb44ff0000, 0x000002bb45260000, 0x000002bb4c520000]
CodeHeap 'profiled nmethods': size=120000Kb used=0Kb max_used=0Kb free=120000Kb
 bounds [0x000002bb3d520000, 0x000002bb3d790000, 0x000002bb44a50000]
CodeHeap 'non-nmethods': size=5760Kb used=200Kb max_used=352Kb free=5559Kb
 bounds [0x000002bb44a50000, 0x000002bb44cc0000, 0x000002bb44ff0000]
 total_blobs=65 nmethods=0 adapters=47
 compilation: enabled
              stopped_count=0, restarted_count=0
 full_count=0

Compilation events (0 events):
No events

GC Heap History (0 events):
No events

Dll operation events (1 events):
Event: 0.041 Loaded shared library c:\Users\Francis\.vscode\extensions\redhat.java-1.31.0-win32-x64\jre\17.0.11-win32-x86_64\bin\java.dll

Deoptimization events (0 events):
No events

Classes unloaded (0 events):
No events

Classes redefined (0 events):
No events

Internal exceptions (0 events):
No events

VM Operations (0 events):
No events

Events (20 events):
Event: 0.390 loading class java/lang/Long
Event: 0.390 loading class java/lang/Long done
Event: 0.390 loading class java/util/Iterator
Event: 0.390 loading class java/util/Iterator done
Event: 0.390 loading class java/lang/reflect/RecordComponent
Event: 0.390 loading class java/lang/reflect/RecordComponent done
Event: 0.390 loading class jdk/internal/vm/vector/VectorSupport
Event: 0.391 loading class jdk/internal/vm/vector/VectorSupport done
Event: 0.391 loading class jdk/internal/vm/vector/VectorSupport$VectorPayload
Event: 0.391 loading class jdk/internal/vm/vector/VectorSupport$VectorPayload done
Event: 0.391 loading class jdk/internal/vm/vector/VectorSupport$Vector
Event: 0.391 loading class jdk/internal/vm/vector/VectorSupport$Vector done
Event: 0.391 loading class jdk/internal/vm/vector/VectorSupport$VectorMask
Event: 0.391 loading class jdk/internal/vm/vector/VectorSupport$VectorMask done
Event: 0.391 loading class jdk/internal/vm/vector/VectorSupport$VectorShuffle
Event: 0.391 loading class jdk/internal/vm/vector/VectorSupport$VectorShuffle done
Event: 0.396 loading class java/lang/NullPointerException
Event: 0.396 loading class java/lang/NullPointerException done
Event: 0.396 loading class java/lang/ArithmeticException
Event: 0.396 loading class java/lang/ArithmeticException done


Dynamic libraries:
0x00007ff6177e0000 - 0x00007ff6177ee000 	c:\Users\Francis\.vscode\extensions\redhat.java-1.31.0-win32-x64\jre\17.0.11-win32-x86_64\bin\java.exe
0x00007ffa3f740000 - 0x00007ffa3f949000 	C:\WINDOWS\SYSTEM32\ntdll.dll
0x00007ffa3e720000 - 0x00007ffa3e7dd000 	C:\WINDOWS\System32\KERNEL32.DLL
0x00007ffa3cf80000 - 0x00007ffa3d304000 	C:\WINDOWS\System32\KERNELBASE.dll
0x00007ffa3d310000 - 0x00007ffa3d421000 	C:\WINDOWS\System32\ucrtbase.dll
0x00007ffa22070000 - 0x00007ffa22087000 	c:\Users\Francis\.vscode\extensions\redhat.java-1.31.0-win32-x64\jre\17.0.11-win32-x86_64\bin\jli.dll
0x00007ffa3ece0000 - 0x00007ffa3ee8d000 	C:\WINDOWS\System32\USER32.dll
0x00007ffa3d430000 - 0x00007ffa3d456000 	C:\WINDOWS\System32\win32u.dll
0x00007ffa3e090000 - 0x00007ffa3e0ba000 	C:\WINDOWS\System32\GDI32.dll
0x00007ffa3cbd0000 - 0x00007ffa3ccee000 	C:\WINDOWS\System32\gdi32full.dll
0x00007ffa3ccf0000 - 0x00007ffa3cd8d000 	C:\WINDOWS\System32\msvcp_win.dll
0x00007ffa1ed50000 - 0x00007ffa1ed6b000 	c:\Users\Francis\.vscode\extensions\redhat.java-1.31.0-win32-x64\jre\17.0.11-win32-x86_64\bin\VCRUNTIME140.dll
0x00007ffa21990000 - 0x00007ffa21c35000 	C:\WINDOWS\WinSxS\amd64_microsoft.windows.common-controls_6595b64144ccf1df_6.0.22000.120_none_9d947278b86cc467\COMCTL32.dll
0x00007ffa3eb60000 - 0x00007ffa3ec03000 	C:\WINDOWS\System32\msvcrt.dll
0x00007ffa3df50000 - 0x00007ffa3df81000 	C:\WINDOWS\System32\IMM32.DLL
0x00007ffa391b0000 - 0x00007ffa391bc000 	c:\Users\Francis\.vscode\extensions\redhat.java-1.31.0-win32-x64\jre\17.0.11-win32-x86_64\bin\vcruntime140_1.dll
0x00007ffa00040000 - 0x00007ffa000cd000 	c:\Users\Francis\.vscode\extensions\redhat.java-1.31.0-win32-x64\jre\17.0.11-win32-x86_64\bin\msvcp140.dll
0x00007ff9f3c50000 - 0x00007ff9f48b2000 	c:\Users\Francis\.vscode\extensions\redhat.java-1.31.0-win32-x64\jre\17.0.11-win32-x86_64\bin\server\jvm.dll
0x00007ffa3ddf0000 - 0x00007ffa3de9e000 	C:\WINDOWS\System32\ADVAPI32.dll
0x00007ffa3ec40000 - 0x00007ffa3ecde000 	C:\WINDOWS\System32\sechost.dll
0x00007ffa3eff0000 - 0x00007ffa3f111000 	C:\WINDOWS\System32\RPCRT4.dll
0x00007ffa3caa0000 - 0x00007ffa3caed000 	C:\WINDOWS\SYSTEM32\POWRPROF.dll
0x00007ffa38670000 - 0x00007ffa38679000 	C:\WINDOWS\SYSTEM32\WSOCK32.dll
0x00007ffa3dd60000 - 0x00007ffa3ddcf000 	C:\WINDOWS\System32\WS2_32.dll
0x00007ffa354b0000 - 0x00007ffa354e3000 	C:\WINDOWS\SYSTEM32\WINMM.dll
0x00007ffa34700000 - 0x00007ffa3470a000 	C:\WINDOWS\SYSTEM32\VERSION.dll
0x00007ffa3c8e0000 - 0x00007ffa3c8f3000 	C:\WINDOWS\SYSTEM32\UMPDC.dll
0x00007ffa3bc40000 - 0x00007ffa3bc58000 	C:\WINDOWS\SYSTEM32\kernel.appcore.dll
0x00007ffa363c0000 - 0x00007ffa363ca000 	c:\Users\Francis\.vscode\extensions\redhat.java-1.31.0-win32-x64\jre\17.0.11-win32-x86_64\bin\jimage.dll
0x00007ffa3a6b0000 - 0x00007ffa3a8d1000 	C:\WINDOWS\SYSTEM32\DBGHELP.DLL
0x00007ffa1ec90000 - 0x00007ffa1ecc1000 	C:\WINDOWS\SYSTEM32\dbgcore.DLL
0x00007ffa3cd90000 - 0x00007ffa3ce0f000 	C:\WINDOWS\System32\bcryptPrimitives.dll
0x00007ffa363a0000 - 0x00007ffa363ae000 	c:\Users\Francis\.vscode\extensions\redhat.java-1.31.0-win32-x64\jre\17.0.11-win32-x86_64\bin\instrument.dll
0x00007ffa1ed20000 - 0x00007ffa1ed45000 	c:\Users\Francis\.vscode\extensions\redhat.java-1.31.0-win32-x64\jre\17.0.11-win32-x86_64\bin\java.dll
0x00007ffa19760000 - 0x00007ffa19778000 	c:\Users\Francis\.vscode\extensions\redhat.java-1.31.0-win32-x64\jre\17.0.11-win32-x86_64\bin\zip.dll

dbghelp: loaded successfully - version: 4.0.5 - missing functions: none
symbol engine: initialized successfully - sym options: 0x614 - pdb path: .;c:\Users\Francis\.vscode\extensions\redhat.java-1.31.0-win32-x64\jre\17.0.11-win32-x86_64\bin;C:\WINDOWS\SYSTEM32;C:\WINDOWS\WinSxS\amd64_microsoft.windows.common-controls_6595b64144ccf1df_6.0.22000.120_none_9d947278b86cc467;c:\Users\Francis\.vscode\extensions\redhat.java-1.31.0-win32-x64\jre\17.0.11-win32-x86_64\bin\server

VM Arguments:
jvm_args: --add-modules=ALL-SYSTEM --add-opens=java.base/java.util=ALL-UNNAMED --add-opens=java.base/java.lang=ALL-UNNAMED --add-opens=java.base/sun.nio.fs=ALL-UNNAMED -Declipse.application=org.eclipse.jdt.ls.core.id1 -Dosgi.bundles.defaultStartLevel=4 -Declipse.product=org.eclipse.jdt.ls.core.product -Djava.import.generatesMetadataFilesAtProjectRoot=false -DDetectVMInstallationsJob.disabled=true -Dfile.encoding=utf8 -XX:+UseParallelGC -XX:GCTimeRatio=4 -XX:AdaptiveSizePolicyWeight=90 -Dsun.zip.disableMemoryMapping=true -Xmx1G -Xms100m -Xlog:disable -javaagent:c:\Users\Francis\.vscode\extensions\redhat.java-1.31.0-win32-x64\lombok\lombok-1.18.32.jar -XX:+HeapDumpOnOutOfMemoryError -XX:HeapDumpPath=c:\Users\Francis\AppData\Roaming\Code\User\workspaceStorage\1e3143e8f8e6a5f7c99adef743bb7db3\redhat.java -Daether.dependencyCollector.impl=bf 
java_command: c:\Users\Francis\.vscode\extensions\redhat.java-1.31.0-win32-x64\server\plugins\org.eclipse.equinox.launcher_1.6.800.v20240513-1750.jar -configuration c:\Users\Francis\AppData\Roaming\Code\User\globalStorage\redhat.java\1.31.0\config_win -data c:\Users\Francis\AppData\Roaming\Code\User\workspaceStorage\1e3143e8f8e6a5f7c99adef743bb7db3\redhat.java\jdt_ws --pipe=\\.\pipe\lsp-2e9eb798bc3d9bb619b896a8b2af4875-sock
java_class_path (initial): c:\Users\Francis\.vscode\extensions\redhat.java-1.31.0-win32-x64\server\plugins\org.eclipse.equinox.launcher_1.6.800.v20240513-1750.jar
Launcher Type: SUN_STANDARD

[Global flags]
    uintx AdaptiveSizePolicyWeight                 = 90                                        {product} {command line}
     intx CICompilerCount                          = 3                                         {product} {ergonomic}
    uintx GCTimeRatio                              = 4                                         {product} {command line}
     bool HeapDumpOnOutOfMemoryError               = true                                   {manageable} {command line}
    ccstr HeapDumpPath                             = c:\Users\Francis\AppData\Roaming\Code\User\workspaceStorage\1e3143e8f8e6a5f7c99adef743bb7db3\redhat.java         {manageable} {command line}
   size_t InitialHeapSize                          = 104857600                                 {product} {command line}
   size_t MaxHeapSize                              = 1073741824                                {product} {command line}
   size_t MaxNewSize                               = 357564416                                 {product} {ergonomic}
   size_t MinHeapDeltaBytes                        = 524288                                    {product} {ergonomic}
   size_t MinHeapSize                              = 104857600                                 {product} {command line}
   size_t NewSize                                  = 34603008                                  {product} {ergonomic}
    uintx NonNMethodCodeHeapSize                   = 5832780                                {pd product} {ergonomic}
    uintx NonProfiledCodeHeapSize                  = 122912730                              {pd product} {ergonomic}
   size_t OldSize                                  = 70254592                                  {product} {ergonomic}
    uintx ProfiledCodeHeapSize                     = 122912730                              {pd product} {ergonomic}
    uintx ReservedCodeCacheSize                    = 251658240                              {pd product} {ergonomic}
     bool SegmentedCodeCache                       = true                                      {product} {ergonomic}
   size_t SoftMaxHeapSize                          = 1073741824                             {manageable} {ergonomic}
     bool UseCompressedClassPointers               = true                           {product lp64_product} {ergonomic}
     bool UseCompressedOops                        = true                           {product lp64_product} {ergonomic}
     bool UseLargePagesIndividualAllocation        = false                                  {pd product} {ergonomic}
     bool UseParallelGC                            = true                                      {product} {command line}

Logging:
Log output configuration:
 #0: stdout all=off uptime,level,tags
 #1: stderr all=off uptime,level,tags

Environment Variables:
PATH=C:\Program Files\Common Files\Oracle\Java\javapath;C:\WINDOWS\system32;C:\WINDOWS;C:\WINDOWS\System32\Wbem;C:\WINDOWS\System32\WindowsPowerShell\v1.0\;C:\WINDOWS\System32\OpenSSH\;C:\Program Files\HP\HP One Agent;C:\Program Files\Git\cmd;C:\Program Files\nodejs\;C:\ProgramData\chocolatey\bin;C:\Program Files\Go\bin;C:\Users\Francis\AppData\Local\Programs\Python\Launcher\;C:\Users\Francis\AppData\Local\Microsoft\WindowsApps;C:\Users\Francis\AppData\Local\Programs\Microsoft VS Code\bin;C:\Users\Francis\AppData\Roaming\npm;C:\Users\Francis\go\bin;C:\tools\dart-sdk\bin;C:\Users\Francis\AppData\Local\Pub\Cache\bin;C:\Users\Francis\.bun\bin;C:\src\dart-sass;C:\src\apache-maven-3.9.6\bin;C:\Gradle\gradle-8.7\bin;C:\src\sqlite;C:\src\flutter\bin;
USERNAME=Francis
OS=Windows_NT
PROCESSOR_IDENTIFIER=Intel64 Family 6 Model 122 Stepping 8, GenuineIntel
TMP=C:\Users\Francis\AppData\Local\Temp
TEMP=C:\Users\Francis\AppData\Local\Temp



Periodic native trim disabled


---------------  S Y S T E M  ---------------

OS:
 Windows 11 , 64 bit Build 22000 (10.0.22000.2538)
OS uptime: 0 days 5:19 hours

CPU: total 4 (initial active 4) (4 cores per cpu, 1 threads per core) family 6 model 122 stepping 8 microcode 0x20, cx8, cmov, fxsr, mmx, 3dnowpref, sse, sse2, sse3, ssse3, sse4.1, sse4.2, popcnt, tsc, tscinvbit, aes, erms, clmul, sha, clflush, clflushopt
Processor Information for all 4 processors :
  Max Mhz: 1101, Current Mhz: 1101, Mhz Limit: 1101

Memory: 4k page, system-wide physical 3907M (327M free)
TotalPageFile size 11495M (AvailPageFile size 92M)
current process WorkingSet (physical memory assigned to process): 16M, peak: 16M
current process commit charge ("private bytes"): 148M, peak: 149M

vm_info: OpenJDK 64-Bit Server VM (17.0.11+9) for windows-amd64 JRE (17.0.11+9), built on Apr 17 2024 06:07:48 by "admin" with MS VC++ 16.10 / 16.11 (VS2019)

END.
