#
# There is insufficient memory for the Java Runtime Environment to continue.
# Native memory allocation (malloc) failed to allocate 1104976 bytes for Chunk::new
# Possible reasons:
#   The system is out of physical RAM or swap space
#   The process is running with CompressedOops enabled, and the Java Heap may be blocking the growth of the native heap
# Possible solutions:
#   Reduce memory load on the system
#   Increase physical memory or swap space
#   Check if swap backing store is full
#   Decrease Java heap size (-Xmx/-Xms)
#   Decrease number of Java threads
#   Decrease Java thread stack sizes (-Xss)
#   Set larger code cache with -XX:ReservedCodeCacheSize=
#   JVM is running with Unscaled Compressed Oops mode in which the Java heap is
#     placed in the first 4GB address space. The Java Heap base address is the
#     maximum limit for the native heap growth. Please use -XX:HeapBaseMinAddress
#     to set the Java Heap base and to place the Java Heap above 4GB virtual address.
# This output file may be truncated or incomplete.
#
#  Out of Memory Error (arena.cpp:189), pid=18660, tid=19212
#
# JRE version: Java(TM) SE Runtime Environment (17.0.11+7) (build 17.0.11+7-LTS-207)
# Java VM: Java HotSpot(TM) 64-Bit Server VM (17.0.11+7-LTS-207, mixed mode, sharing, tiered, compressed oops, compressed class ptrs, g1 gc, windows-amd64)
# No core dump will be written. Minidumps are not enabled by default on client versions of Windows
#

---------------  S U M M A R Y ------------

Command Line: --add-opens=java.base/java.util=ALL-UNNAMED --add-opens=java.base/java.lang=ALL-UNNAMED --add-opens=java.base/java.lang.invoke=ALL-UNNAMED --add-opens=java.prefs/java.util.prefs=ALL-UNNAMED --add-opens=java.base/java.nio.charset=ALL-UNNAMED --add-opens=java.base/java.net=ALL-UNNAMED --add-opens=java.base/java.util.concurrent.atomic=ALL-UNNAMED -XX:MaxMetaspaceSize=384m -XX:+HeapDumpOnOutOfMemoryError -Xms256m -Xmx512m -Dfile.encoding=windows-1252 -Duser.country=US -Duser.language=en -Duser.variant -javaagent:C:\Users\Francis\.gradle\wrapper\dists\gradle-8.7-bin\bhs2wmbdwecv87pi65oeuq5iu\gradle-8.7\lib\agents\gradle-instrumentation-agent-8.7.jar org.gradle.launcher.daemon.bootstrap.GradleDaemon 8.7

Host: Intel(R) Pentium(R) Silver N5030 CPU @ 1.10GHz, 4 cores, 3G,  Windows 11 , 64 bit Build 22000 (10.0.22000.2538)
Time: Sun Jun  2 14:07:28 2024 South Africa Standard Time elapsed time: 63.410244 seconds (0d 0h 1m 3s)

---------------  T H R E A D  ---------------

Current thread (0x000002cb7d585ca0):  JavaThread "C2 CompilerThread0" daemon [_thread_in_native, id=19212, stack(0x000000d7dc700000,0x000000d7dc800000)]


Current CompileTask:
C2:  63410 9278       4       org.gradle.internal.service.DefaultServiceRegistry$ClassInspector$ClassDetails::collectTypes (63 bytes)

Stack: [0x000000d7dc700000,0x000000d7dc800000]
Native frames: (J=compiled Java code, j=interpreted, Vv=VM code, C=native code)
V  [jvm.dll+0x679cca]
V  [jvm.dll+0x7da13d]
V  [jvm.dll+0x7dba83]
V  [jvm.dll+0x7dc0f3]
V  [jvm.dll+0x2449af]
V  [jvm.dll+0xab83b]
V  [jvm.dll+0xabe1c]
V  [jvm.dll+0x36155f]
V  [jvm.dll+0x1b9fca]
V  [jvm.dll+0x216337]
V  [jvm.dll+0x21560f]
V  [jvm.dll+0x1a2040]
V  [jvm.dll+0x225a2b]
V  [jvm.dll+0x223bcb]
V  [jvm.dll+0x7903ec]
V  [jvm.dll+0x78a85a]
V  [jvm.dll+0x678bb5]
C  [ucrtbase.dll+0x26c0c]
C  [KERNEL32.DLL+0x153e0]
C  [ntdll.dll+0x485b]


---------------  P R O C E S S  ---------------

Threads class SMR info:
_java_thread_list=0x000002cb7da17340, length=79, elements={
0x000002cb615d2780, 0x000002cb7d5645d0, 0x000002cb7d565450, 0x000002cb7d5801a0,
0x000002cb7d581b70, 0x000002cb7d584540, 0x000002cb7d584f00, 0x000002cb7d585ca0,
0x000002cb7d5976b0, 0x000002cb7d720060, 0x000002cb7d54e540, 0x000002cb7d89a7a0,
0x000002cb7dc9b390, 0x000002cb7f0f9d10, 0x000002cb7ed480b0, 0x000002cb7e290030,
0x000002cb7eba5000, 0x000002cb7e3bf610, 0x000002cb7e3c0540, 0x000002cb7e3bfb20,
0x000002cb7e3bdcc0, 0x000002cb7e3be1d0, 0x000002cb7e3be6e0, 0x000002cb7e3c0f60,
0x000002cb7e3bd7b0, 0x000002cb7e3bf100, 0x000002cb19e10820, 0x000002cb19e13fd0,
0x000002cb19e10d30, 0x000002cb19e0d070, 0x000002cb19e0e9c0, 0x000002cb19e0e4b0,
0x000002cb19e12b90, 0x000002cb19e0f8f0, 0x000002cb19e0fe00, 0x000002cb19e149f0,
0x000002cb19e10310, 0x000002cb19e11750, 0x000002cb19e0d580, 0x000002cb19e11240,
0x000002cb19e12680, 0x000002cb19e130a0, 0x000002cb19e135b0, 0x000002cb19e0da90,
0x000002cb19e0dfa0, 0x000002cb7d938b60, 0x000002cb7d937c30, 0x000002cb7d936d00,
0x000002cb7d938650, 0x000002cb7d933040, 0x000002cb7d9362e0, 0x000002cb7d9367f0,
0x000002cb7d934480, 0x000002cb7d9353b0, 0x000002cb7d937210, 0x000002cb7d939070,
0x000002cb7d9358c0, 0x000002cb7d938140, 0x000002cb7d933a60, 0x000002cb7d931c00,
0x000002cb7d935dd0, 0x000002cb7d939580, 0x000002cb7d932110, 0x000002cb7d932620,
0x000002cb7d933f70, 0x000002cb7d932b30, 0x000002cb7d933550, 0x000002cb7d934ea0,
0x000002cb7d934990, 0x000002cb7f20e610, 0x000002cb7f210470, 0x000002cb7f213c20,
0x000002cb7f214130, 0x000002cb7f212cf0, 0x000002cb7f213710, 0x000002cb7f210e90,
0x000002cb7f2127e0, 0x000002cb7f20f030, 0x000002cb7f20ff60
}

Java Threads: ( => current thread )
  0x000002cb615d2780 JavaThread "main" [_thread_blocked, id=8156, stack(0x000000d7dba00000,0x000000d7dbb00000)]
  0x000002cb7d5645d0 JavaThread "Reference Handler" daemon [_thread_blocked, id=9528, stack(0x000000d7dc100000,0x000000d7dc200000)]
  0x000002cb7d565450 JavaThread "Finalizer" daemon [_thread_blocked, id=6508, stack(0x000000d7dc200000,0x000000d7dc300000)]
  0x000002cb7d5801a0 JavaThread "Signal Dispatcher" daemon [_thread_blocked, id=13852, stack(0x000000d7dc300000,0x000000d7dc400000)]
  0x000002cb7d581b70 JavaThread "Attach Listener" daemon [_thread_blocked, id=17296, stack(0x000000d7dc400000,0x000000d7dc500000)]
  0x000002cb7d584540 JavaThread "Service Thread" daemon [_thread_blocked, id=6268, stack(0x000000d7dc500000,0x000000d7dc600000)]
  0x000002cb7d584f00 JavaThread "Monitor Deflation Thread" daemon [_thread_blocked, id=17720, stack(0x000000d7dc600000,0x000000d7dc700000)]
=>0x000002cb7d585ca0 JavaThread "C2 CompilerThread0" daemon [_thread_in_native, id=19212, stack(0x000000d7dc700000,0x000000d7dc800000)]
  0x000002cb7d5976b0 JavaThread "C1 CompilerThread0" daemon [_thread_blocked, id=3888, stack(0x000000d7dc800000,0x000000d7dc900000)]
  0x000002cb7d720060 JavaThread "Sweeper thread" daemon [_thread_blocked, id=17996, stack(0x000000d7dc900000,0x000000d7dca00000)]
  0x000002cb7d54e540 JavaThread "Common-Cleaner" daemon [_thread_blocked, id=18964, stack(0x000000d7dca00000,0x000000d7dcb00000)]
  0x000002cb7d89a7a0 JavaThread "Notification Thread" daemon [_thread_blocked, id=18516, stack(0x000000d7dcb00000,0x000000d7dcc00000)]
  0x000002cb7dc9b390 JavaThread "Daemon health stats" [_thread_blocked, id=17868, stack(0x000000d7dd000000,0x000000d7dd100000)]
  0x000002cb7f0f9d10 JavaThread "Incoming local TCP Connector on port 52234" [_thread_in_native, id=1360, stack(0x000000d7dd100000,0x000000d7dd200000)]
  0x000002cb7ed480b0 JavaThread "Daemon periodic checks" [_thread_blocked, id=16496, stack(0x000000d7dd200000,0x000000d7dd300000)]
  0x000002cb7e290030 JavaThread "Daemon" [_thread_blocked, id=14048, stack(0x000000d7dd300000,0x000000d7dd400000)]
  0x000002cb7eba5000 JavaThread "Handler for socket connection from /127.0.0.1:52234 to /127.0.0.1:52235" [_thread_in_native, id=4940, stack(0x000000d7dd400000,0x000000d7dd500000)]
  0x000002cb7e3bf610 JavaThread "Cancel handler" [_thread_blocked, id=8552, stack(0x000000d7dd500000,0x000000d7dd600000)]
  0x000002cb7e3c0540 JavaThread "Daemon worker" [_thread_in_Java, id=13776, stack(0x000000d7dd600000,0x000000d7dd700000)]
  0x000002cb7e3bfb20 JavaThread "Asynchronous log dispatcher for DefaultDaemonConnection: socket connection from /127.0.0.1:52234 to /127.0.0.1:52235" [_thread_blocked, id=10592, stack(0x000000d7dd700000,0x000000d7dd800000)]
  0x000002cb7e3bdcc0 JavaThread "Stdin handler" [_thread_blocked, id=19368, stack(0x000000d7dd800000,0x000000d7dd900000)]
  0x000002cb7e3be1d0 JavaThread "Daemon client event forwarder" [_thread_blocked, id=9856, stack(0x000000d7dd900000,0x000000d7dda00000)]
  0x000002cb7e3be6e0 JavaThread "Cache worker for journal cache (C:\Users\Francis\.gradle\caches\journal-1)" [_thread_blocked, id=17504, stack(0x000000d7dda00000,0x000000d7ddb00000)]
  0x000002cb7e3c0f60 JavaThread "File lock request listener" [_thread_in_native, id=17092, stack(0x000000d7ddb00000,0x000000d7ddc00000)]
  0x000002cb7e3bd7b0 JavaThread "Cache worker for file hash cache (C:\Users\Francis\.gradle\caches\8.7\fileHashes)" [_thread_blocked, id=7444, stack(0x000000d7ddc00000,0x000000d7ddd00000)]
  0x000002cb7e3bf100 JavaThread "Cache worker for file hash cache (C:\Users\Francis\Code_Lab\BookRestFulApi-Spring\.gradle\8.7\fileHashes)" [_thread_blocked, id=18392, stack(0x000000d7ddd00000,0x000000d7dde00000)]
  0x000002cb19e10820 JavaThread "File watcher server" daemon [_thread_in_native, id=19136, stack(0x000000d7dde00000,0x000000d7ddf00000)]
  0x000002cb19e13fd0 JavaThread "File watcher consumer" daemon [_thread_blocked, id=18280, stack(0x000000d7ddf00000,0x000000d7de000000)]
  0x000002cb19e10d30 JavaThread "Cache worker for checksums cache (C:\Users\Francis\Code_Lab\BookRestFulApi-Spring\.gradle\8.7\checksums)" [_thread_blocked, id=17944, stack(0x000000d7de000000,0x000000d7de100000)]
  0x000002cb19e0d070 JavaThread "Cache worker for cache directory md-supplier (C:\Users\Francis\.gradle\caches\8.7\md-supplier)" [_thread_blocked, id=16432, stack(0x000000d7de100000,0x000000d7de200000)]
  0x000002cb19e0e9c0 JavaThread "Cache worker for cache directory md-rule (C:\Users\Francis\.gradle\caches\8.7\md-rule)" [_thread_blocked, id=16368, stack(0x000000d7de200000,0x000000d7de300000)]
  0x000002cb19e0e4b0 JavaThread "Cache worker for file content cache (C:\Users\Francis\.gradle\caches\8.7\fileContent)" [_thread_blocked, id=13324, stack(0x000000d7de300000,0x000000d7de400000)]
  0x000002cb19e12b90 JavaThread "jar transforms" [_thread_blocked, id=17800, stack(0x000000d7de400000,0x000000d7de500000)]
  0x000002cb19e0f8f0 JavaThread "Unconstrained build operations" [_thread_blocked, id=18192, stack(0x000000d7de700000,0x000000d7de800000)]
  0x000002cb19e0fe00 JavaThread "jar transforms Thread 2" [_thread_blocked, id=12644, stack(0x000000d7de800000,0x000000d7de900000)]
  0x000002cb19e149f0 JavaThread "jar transforms Thread 3" [_thread_blocked, id=7772, stack(0x000000d7de900000,0x000000d7dea00000)]
  0x000002cb19e10310 JavaThread "jar transforms Thread 4" [_thread_blocked, id=4792, stack(0x000000d7dea00000,0x000000d7deb00000)]
  0x000002cb19e11750 JavaThread "Cache worker for Build Output Cleanup Cache (C:\Users\Francis\Code_Lab\BookRestFulApi-Spring\.gradle\buildOutputCleanup)" [_thread_blocked, id=2876, stack(0x000000d7db800000,0x000000d7db900000)]
  0x000002cb19e0d580 JavaThread "Unconstrained build operations Thread 2" [_thread_blocked, id=16308, stack(0x000000d7deb00000,0x000000d7dec00000)]
  0x000002cb19e11240 JavaThread "Unconstrained build operations Thread 3" [_thread_blocked, id=7692, stack(0x000000d7dec00000,0x000000d7ded00000)]
  0x000002cb19e12680 JavaThread "Unconstrained build operations Thread 4" [_thread_blocked, id=1816, stack(0x000000d7ded00000,0x000000d7dee00000)]
  0x000002cb19e130a0 JavaThread "Unconstrained build operations Thread 5" [_thread_blocked, id=13072, stack(0x000000d7dee00000,0x000000d7def00000)]
  0x000002cb19e135b0 JavaThread "Unconstrained build operations Thread 6" [_thread_blocked, id=17232, stack(0x000000d7def00000,0x000000d7df000000)]
  0x000002cb19e0da90 JavaThread "Unconstrained build operations Thread 7" [_thread_blocked, id=16728, stack(0x000000d7df000000,0x000000d7df100000)]
  0x000002cb19e0dfa0 JavaThread "Memory manager" [_thread_blocked, id=5308, stack(0x000000d7df100000,0x000000d7df200000)]
  0x000002cb7d938b60 JavaThread "Unconstrained build operations Thread 8" [_thread_blocked, id=16240, stack(0x000000d7df400000,0x000000d7df500000)]
  0x000002cb7d937c30 JavaThread "Unconstrained build operations Thread 9" [_thread_blocked, id=4388, stack(0x000000d7df500000,0x000000d7df600000)]
  0x000002cb7d936d00 JavaThread "Unconstrained build operations Thread 10" [_thread_blocked, id=18016, stack(0x000000d7df600000,0x000000d7df700000)]
  0x000002cb7d938650 JavaThread "Unconstrained build operations Thread 11" [_thread_blocked, id=17900, stack(0x000000d7df700000,0x000000d7df800000)]
  0x000002cb7d933040 JavaThread "Unconstrained build operations Thread 12" [_thread_blocked, id=16932, stack(0x000000d7df800000,0x000000d7df900000)]
  0x000002cb7d9362e0 JavaThread "Unconstrained build operations Thread 13" [_thread_blocked, id=10148, stack(0x000000d7df900000,0x000000d7dfa00000)]
  0x000002cb7d9367f0 JavaThread "Unconstrained build operations Thread 14" [_thread_blocked, id=15596, stack(0x000000d7dfa00000,0x000000d7dfb00000)]
  0x000002cb7d934480 JavaThread "Unconstrained build operations Thread 15" [_thread_blocked, id=18568, stack(0x000000d7dfb00000,0x000000d7dfc00000)]
  0x000002cb7d9353b0 JavaThread "Unconstrained build operations Thread 16" [_thread_blocked, id=6156, stack(0x000000d7dfc00000,0x000000d7dfd00000)]
  0x000002cb7d937210 JavaThread "Unconstrained build operations Thread 17" [_thread_blocked, id=5492, stack(0x000000d7dfd00000,0x000000d7dfe00000)]
  0x000002cb7d939070 JavaThread "Unconstrained build operations Thread 18" [_thread_blocked, id=8636, stack(0x000000d7dfe00000,0x000000d7dff00000)]
  0x000002cb7d9358c0 JavaThread "Unconstrained build operations Thread 19" [_thread_blocked, id=17784, stack(0x000000d7dff00000,0x000000d7e0000000)]
  0x000002cb7d938140 JavaThread "Unconstrained build operations Thread 20" [_thread_blocked, id=18248, stack(0x000000d7e0000000,0x000000d7e0100000)]
  0x000002cb7d933a60 JavaThread "Unconstrained build operations Thread 21" [_thread_blocked, id=8176, stack(0x000000d7e0100000,0x000000d7e0200000)]
  0x000002cb7d931c00 JavaThread "Unconstrained build operations Thread 22" [_thread_blocked, id=17132, stack(0x000000d7e0200000,0x000000d7e0300000)]
  0x000002cb7d935dd0 JavaThread "Unconstrained build operations Thread 23" [_thread_blocked, id=10424, stack(0x000000d7e0300000,0x000000d7e0400000)]
  0x000002cb7d939580 JavaThread "Unconstrained build operations Thread 24" [_thread_blocked, id=17128, stack(0x000000d7e0400000,0x000000d7e0500000)]
  0x000002cb7d932110 JavaThread "Unconstrained build operations Thread 25" [_thread_blocked, id=1220, stack(0x000000d7e0500000,0x000000d7e0600000)]
  0x000002cb7d932620 JavaThread "Unconstrained build operations Thread 26" [_thread_blocked, id=10616, stack(0x000000d7e0600000,0x000000d7e0700000)]
  0x000002cb7d933f70 JavaThread "Unconstrained build operations Thread 27" [_thread_blocked, id=18024, stack(0x000000d7e0700000,0x000000d7e0800000)]
  0x000002cb7d932b30 JavaThread "Unconstrained build operations Thread 28" [_thread_blocked, id=2744, stack(0x000000d7e0800000,0x000000d7e0900000)]
  0x000002cb7d933550 JavaThread "Unconstrained build operations Thread 29" [_thread_blocked, id=14544, stack(0x000000d7e0900000,0x000000d7e0a00000)]
  0x000002cb7d934ea0 JavaThread "Unconstrained build operations Thread 30" [_thread_blocked, id=15452, stack(0x000000d7e0a00000,0x000000d7e0b00000)]
  0x000002cb7d934990 JavaThread "Unconstrained build operations Thread 31" [_thread_blocked, id=8368, stack(0x000000d7e0b00000,0x000000d7e0c00000)]
  0x000002cb7f20e610 JavaThread "Unconstrained build operations Thread 32" [_thread_blocked, id=9784, stack(0x000000d7e0c00000,0x000000d7e0d00000)]
  0x000002cb7f210470 JavaThread "Unconstrained build operations Thread 33" [_thread_blocked, id=8880, stack(0x000000d7e0d00000,0x000000d7e0e00000)]
  0x000002cb7f213c20 JavaThread "Unconstrained build operations Thread 34" [_thread_blocked, id=18564, stack(0x000000d7e0e00000,0x000000d7e0f00000)]
  0x000002cb7f214130 JavaThread "Unconstrained build operations Thread 35" [_thread_blocked, id=12004, stack(0x000000d7e0f00000,0x000000d7e1000000)]
  0x000002cb7f212cf0 JavaThread "Unconstrained build operations Thread 36" [_thread_blocked, id=17824, stack(0x000000d7e1000000,0x000000d7e1100000)]
  0x000002cb7f213710 JavaThread "Unconstrained build operations Thread 37" [_thread_blocked, id=16084, stack(0x000000d7e1100000,0x000000d7e1200000)]
  0x000002cb7f210e90 JavaThread "Unconstrained build operations Thread 38" [_thread_blocked, id=11844, stack(0x000000d7e1200000,0x000000d7e1300000)]
  0x000002cb7f2127e0 JavaThread "Unconstrained build operations Thread 39" [_thread_blocked, id=9728, stack(0x000000d7e1300000,0x000000d7e1400000)]
  0x000002cb7f20f030 JavaThread "Unconstrained build operations Thread 40" [_thread_blocked, id=13076, stack(0x000000d7e1400000,0x000000d7e1500000)]
  0x000002cb7f20ff60 JavaThread "File lock release action executor" [_thread_blocked, id=6576, stack(0x000000d7e1500000,0x000000d7e1600000)]

Other Threads:
  0x000002cb7d55ee20 VMThread "VM Thread" [stack: 0x000000d7dc000000,0x000000d7dc100000] [id=16984]
  0x000002cb7d89b4a0 WatcherThread [stack: 0x000000d7dcc00000,0x000000d7dcd00000] [id=6884]
  0x000002cb615fe0f0 GCTaskThread "GC Thread#0" [stack: 0x000000d7dbb00000,0x000000d7dbc00000] [id=17336]
  0x000002cb7db2dc70 GCTaskThread "GC Thread#1" [stack: 0x000000d7dcd00000,0x000000d7dce00000] [id=18072]
  0x000002cb7dba91c0 GCTaskThread "GC Thread#2" [stack: 0x000000d7dce00000,0x000000d7dcf00000] [id=10368]
  0x000002cb7dba9480 GCTaskThread "GC Thread#3" [stack: 0x000000d7dcf00000,0x000000d7dd000000] [id=1320]
  0x000002cb61603040 ConcurrentGCThread "G1 Main Marker" [stack: 0x000000d7dbc00000,0x000000d7dbd00000] [id=13780]
  0x000002cb61603a50 ConcurrentGCThread "G1 Conc#0" [stack: 0x000000d7dbd00000,0x000000d7dbe00000] [id=9620]
  0x000002cb616add10 ConcurrentGCThread "G1 Refine#0" [stack: 0x000000d7dbe00000,0x000000d7dbf00000] [id=13008]
  0x000002cb197dc640 ConcurrentGCThread "G1 Refine#1" [stack: 0x000000d7de500000,0x000000d7de600000] [id=5624]
  0x000002cb197dd7e0 ConcurrentGCThread "G1 Refine#2" [stack: 0x000000d7de600000,0x000000d7de700000] [id=7996]
  0x000002cb616ae740 ConcurrentGCThread "G1 Service" [stack: 0x000000d7dbf00000,0x000000d7dc000000] [id=19400]

Threads with active compile tasks:
C2 CompilerThread0    63480 9278       4       org.gradle.internal.service.DefaultServiceRegistry$ClassInspector$ClassDetails::collectTypes (63 bytes)

VM state: not at safepoint (normal execution)

VM Mutex/Monitor currently owned by a thread: None

Heap address: 0x00000000e0000000, size: 512 MB, Compressed Oops mode: 32-bit

CDS archive(s) mapped at: [0x000002cb00000000-0x000002cb00bd0000-0x000002cb00bd0000), size 12386304, SharedBaseAddress: 0x000002cb00000000, ArchiveRelocationMode: 1.
Compressed class space mapped at: 0x000002cb01000000-0x000002cb15000000, reserved size: 335544320
Narrow klass base: 0x000002cb00000000, Narrow klass shift: 0, Narrow klass range: 0x100000000

GC Precious Log:
 CPUs: 4 total, 4 available
 Memory: 3907M
 Large Page Support: Disabled
 NUMA Support: Disabled
 Compressed Oops: Enabled (32-bit)
 Heap Region Size: 1M
 Heap Min Capacity: 256M
 Heap Initial Capacity: 256M
 Heap Max Capacity: 512M
 Pre-touch: Disabled
 Parallel Workers: 4
 Concurrent Workers: 1
 Concurrent Refinement Workers: 4
 Periodic GC: Disabled

Heap:
 garbage-first heap   total 262144K, used 55111K [0x00000000e0000000, 0x0000000100000000)
  region size 1024K, 15 young (15360K), 8 survivors (8192K)
 Metaspace       used 53646K, committed 54208K, reserved 393216K
  class space    used 7294K, committed 7616K, reserved 327680K

Heap Regions: E=young(eden), S=young(survivor), O=old, HS=humongous(starts), HC=humongous(continues), CS=collection set, F=free, OA=open archive, CA=closed archive, TAMS=top-at-mark-start (previous, next)
|   0|0x00000000e0000000, 0x00000000e0100000, 0x00000000e0100000|100%| O|  |TAMS 0x00000000e0100000, 0x00000000e0000000| Untracked 
|   1|0x00000000e0100000, 0x00000000e0200000, 0x00000000e0200000|100%|HS|  |TAMS 0x00000000e0200000, 0x00000000e0100000| Complete 
|   2|0x00000000e0200000, 0x00000000e0300000, 0x00000000e0300000|100%|HC|  |TAMS 0x00000000e0300000, 0x00000000e0200000| Complete 
|   3|0x00000000e0300000, 0x00000000e0400000, 0x00000000e0400000|100%|HC|  |TAMS 0x00000000e0400000, 0x00000000e0300000| Complete 
|   4|0x00000000e0400000, 0x00000000e0500000, 0x00000000e0500000|100%|HC|  |TAMS 0x00000000e0500000, 0x00000000e0400000| Complete 
|   5|0x00000000e0500000, 0x00000000e0600000, 0x00000000e0600000|100%| O|  |TAMS 0x00000000e0600000, 0x00000000e0500000| Untracked 
|   6|0x00000000e0600000, 0x00000000e0700000, 0x00000000e0700000|100%| O|  |TAMS 0x00000000e0700000, 0x00000000e0600000| Untracked 
|   7|0x00000000e0700000, 0x00000000e0800000, 0x00000000e0800000|100%| O|  |TAMS 0x00000000e0700000, 0x00000000e0700000| Untracked 
|   8|0x00000000e0800000, 0x00000000e0900000, 0x00000000e0900000|100%| O|  |TAMS 0x00000000e0900000, 0x00000000e0800000| Untracked 
|   9|0x00000000e0900000, 0x00000000e0a00000, 0x00000000e0a00000|100%| O|  |TAMS 0x00000000e0a00000, 0x00000000e0900000| Untracked 
|  10|0x00000000e0a00000, 0x00000000e0b00000, 0x00000000e0b00000|100%| O|  |TAMS 0x00000000e0b00000, 0x00000000e0a00000| Untracked 
|  11|0x00000000e0b00000, 0x00000000e0c00000, 0x00000000e0c00000|100%| O|  |TAMS 0x00000000e0c00000, 0x00000000e0b00000| Untracked 
|  12|0x00000000e0c00000, 0x00000000e0d00000, 0x00000000e0d00000|100%| O|  |TAMS 0x00000000e0d00000, 0x00000000e0c00000| Untracked 
|  13|0x00000000e0d00000, 0x00000000e0d00000, 0x00000000e0e00000|  0%| F|  |TAMS 0x00000000e0d00000, 0x00000000e0d00000| Untracked 
|  14|0x00000000e0e00000, 0x00000000e0f00000, 0x00000000e0f00000|100%| O|  |TAMS 0x00000000e0f00000, 0x00000000e0e00000| Untracked 
|  15|0x00000000e0f00000, 0x00000000e1000000, 0x00000000e1000000|100%| O|  |TAMS 0x00000000e1000000, 0x00000000e0f00000| Untracked 
|  16|0x00000000e1000000, 0x00000000e1100000, 0x00000000e1100000|100%| O|  |TAMS 0x00000000e1100000, 0x00000000e1000000| Untracked 
|  17|0x00000000e1100000, 0x00000000e1200000, 0x00000000e1200000|100%| O|  |TAMS 0x00000000e1200000, 0x00000000e1100000| Untracked 
|  18|0x00000000e1200000, 0x00000000e1300000, 0x00000000e1300000|100%| O|  |TAMS 0x00000000e1300000, 0x00000000e1200000| Untracked 
|  19|0x00000000e1300000, 0x00000000e1400000, 0x00000000e1400000|100%| O|  |TAMS 0x00000000e1400000, 0x00000000e1300000| Untracked 
|  20|0x00000000e1400000, 0x00000000e1500000, 0x00000000e1500000|100%| O|  |TAMS 0x00000000e1500000, 0x00000000e1400000| Untracked 
|  21|0x00000000e1500000, 0x00000000e1600000, 0x00000000e1600000|100%| O|  |TAMS 0x00000000e1600000, 0x00000000e1500000| Untracked 
|  22|0x00000000e1600000, 0x00000000e1700000, 0x00000000e1700000|100%| O|  |TAMS 0x00000000e1700000, 0x00000000e1600000| Untracked 
|  23|0x00000000e1700000, 0x00000000e1800000, 0x00000000e1800000|100%| O|  |TAMS 0x00000000e1800000, 0x00000000e1700000| Untracked 
|  24|0x00000000e1800000, 0x00000000e1900000, 0x00000000e1900000|100%| O|  |TAMS 0x00000000e1900000, 0x00000000e1800000| Untracked 
|  25|0x00000000e1900000, 0x00000000e1a00000, 0x00000000e1a00000|100%| O|  |TAMS 0x00000000e1a00000, 0x00000000e1900000| Untracked 
|  26|0x00000000e1a00000, 0x00000000e1b00000, 0x00000000e1b00000|100%| O|  |TAMS 0x00000000e1b00000, 0x00000000e1a00000| Untracked 
|  27|0x00000000e1b00000, 0x00000000e1c00000, 0x00000000e1c00000|100%| O|  |TAMS 0x00000000e1c00000, 0x00000000e1b00000| Untracked 
|  28|0x00000000e1c00000, 0x00000000e1d00000, 0x00000000e1d00000|100%| O|  |TAMS 0x00000000e1d00000, 0x00000000e1c00000| Untracked 
|  29|0x00000000e1d00000, 0x00000000e1e00000, 0x00000000e1e00000|100%| O|  |TAMS 0x00000000e1e00000, 0x00000000e1d00000| Untracked 
|  30|0x00000000e1e00000, 0x00000000e1f00000, 0x00000000e1f00000|100%| O|  |TAMS 0x00000000e1e93200, 0x00000000e1e00000| Untracked 
|  31|0x00000000e1f00000, 0x00000000e2000000, 0x00000000e2000000|100%| O|  |TAMS 0x00000000e1f00000, 0x00000000e1f00000| Untracked 
|  32|0x00000000e2000000, 0x00000000e2100000, 0x00000000e2100000|100%| O|  |TAMS 0x00000000e2000000, 0x00000000e2000000| Untracked 
|  33|0x00000000e2100000, 0x00000000e2200000, 0x00000000e2200000|100%| O|  |TAMS 0x00000000e2100000, 0x00000000e2100000| Untracked 
|  34|0x00000000e2200000, 0x00000000e2300000, 0x00000000e2300000|100%| O|  |TAMS 0x00000000e2200000, 0x00000000e2200000| Untracked 
|  35|0x00000000e2300000, 0x00000000e2400000, 0x00000000e2400000|100%| O|  |TAMS 0x00000000e2300000, 0x00000000e2300000| Untracked 
|  36|0x00000000e2400000, 0x00000000e2500000, 0x00000000e2500000|100%| O|  |TAMS 0x00000000e2400000, 0x00000000e2400000| Untracked 
|  37|0x00000000e2500000, 0x00000000e2600000, 0x00000000e2600000|100%| O|  |TAMS 0x00000000e2500000, 0x00000000e2500000| Untracked 
|  38|0x00000000e2600000, 0x00000000e2700000, 0x00000000e2700000|100%| O|  |TAMS 0x00000000e2600000, 0x00000000e2600000| Untracked 
|  39|0x00000000e2700000, 0x00000000e2800000, 0x00000000e2800000|100%| O|  |TAMS 0x00000000e2700000, 0x00000000e2700000| Untracked 
|  40|0x00000000e2800000, 0x00000000e2900000, 0x00000000e2900000|100%| O|  |TAMS 0x00000000e2800000, 0x00000000e2800000| Untracked 
|  41|0x00000000e2900000, 0x00000000e2944000, 0x00000000e2a00000| 26%| O|  |TAMS 0x00000000e2900000, 0x00000000e2900000| Untracked 
|  42|0x00000000e2a00000, 0x00000000e2a00000, 0x00000000e2b00000|  0%| F|  |TAMS 0x00000000e2a00000, 0x00000000e2a00000| Untracked 
|  43|0x00000000e2b00000, 0x00000000e2b00000, 0x00000000e2c00000|  0%| F|  |TAMS 0x00000000e2b00000, 0x00000000e2b00000| Untracked 
|  44|0x00000000e2c00000, 0x00000000e2c00000, 0x00000000e2d00000|  0%| F|  |TAMS 0x00000000e2c00000, 0x00000000e2c00000| Untracked 
|  45|0x00000000e2d00000, 0x00000000e2d00000, 0x00000000e2e00000|  0%| F|  |TAMS 0x00000000e2d00000, 0x00000000e2d00000| Untracked 
|  46|0x00000000e2e00000, 0x00000000e2e00000, 0x00000000e2f00000|  0%| F|  |TAMS 0x00000000e2e00000, 0x00000000e2e00000| Untracked 
|  47|0x00000000e2f00000, 0x00000000e2f00000, 0x00000000e3000000|  0%| F|  |TAMS 0x00000000e2f00000, 0x00000000e2f00000| Untracked 
|  48|0x00000000e3000000, 0x00000000e3000000, 0x00000000e3100000|  0%| F|  |TAMS 0x00000000e3000000, 0x00000000e3000000| Untracked 
|  49|0x00000000e3100000, 0x00000000e3100000, 0x00000000e3200000|  0%| F|  |TAMS 0x00000000e3100000, 0x00000000e3100000| Untracked 
|  50|0x00000000e3200000, 0x00000000e3200000, 0x00000000e3300000|  0%| F|  |TAMS 0x00000000e3200000, 0x00000000e3200000| Untracked 
|  51|0x00000000e3300000, 0x00000000e3300000, 0x00000000e3400000|  0%| F|  |TAMS 0x00000000e3300000, 0x00000000e3300000| Untracked 
|  52|0x00000000e3400000, 0x00000000e3400000, 0x00000000e3500000|  0%| F|  |TAMS 0x00000000e3400000, 0x00000000e3400000| Untracked 
|  53|0x00000000e3500000, 0x00000000e3500000, 0x00000000e3600000|  0%| F|  |TAMS 0x00000000e3500000, 0x00000000e3500000| Untracked 
|  54|0x00000000e3600000, 0x00000000e3600000, 0x00000000e3700000|  0%| F|  |TAMS 0x00000000e3600000, 0x00000000e3600000| Untracked 
|  55|0x00000000e3700000, 0x00000000e3700000, 0x00000000e3800000|  0%| F|  |TAMS 0x00000000e3700000, 0x00000000e3700000| Untracked 
|  56|0x00000000e3800000, 0x00000000e3800000, 0x00000000e3900000|  0%| F|  |TAMS 0x00000000e3800000, 0x00000000e3800000| Untracked 
|  57|0x00000000e3900000, 0x00000000e3900000, 0x00000000e3a00000|  0%| F|  |TAMS 0x00000000e3900000, 0x00000000e3900000| Untracked 
|  58|0x00000000e3a00000, 0x00000000e3a00000, 0x00000000e3b00000|  0%| F|  |TAMS 0x00000000e3a00000, 0x00000000e3a00000| Untracked 
|  59|0x00000000e3b00000, 0x00000000e3b00000, 0x00000000e3c00000|  0%| F|  |TAMS 0x00000000e3b00000, 0x00000000e3b00000| Untracked 
|  60|0x00000000e3c00000, 0x00000000e3c00000, 0x00000000e3d00000|  0%| F|  |TAMS 0x00000000e3c00000, 0x00000000e3c00000| Untracked 
|  61|0x00000000e3d00000, 0x00000000e3d00000, 0x00000000e3e00000|  0%| F|  |TAMS 0x00000000e3d00000, 0x00000000e3d00000| Untracked 
|  62|0x00000000e3e00000, 0x00000000e3e00000, 0x00000000e3f00000|  0%| F|  |TAMS 0x00000000e3e00000, 0x00000000e3e00000| Untracked 
|  63|0x00000000e3f00000, 0x00000000e3f00000, 0x00000000e4000000|  0%| F|  |TAMS 0x00000000e3f00000, 0x00000000e3f00000| Untracked 
|  64|0x00000000e4000000, 0x00000000e4000000, 0x00000000e4100000|  0%| F|  |TAMS 0x00000000e4000000, 0x00000000e4000000| Untracked 
|  65|0x00000000e4100000, 0x00000000e4100000, 0x00000000e4200000|  0%| F|  |TAMS 0x00000000e4100000, 0x00000000e4100000| Untracked 
|  66|0x00000000e4200000, 0x00000000e4200000, 0x00000000e4300000|  0%| F|  |TAMS 0x00000000e4200000, 0x00000000e4200000| Untracked 
|  67|0x00000000e4300000, 0x00000000e4300000, 0x00000000e4400000|  0%| F|  |TAMS 0x00000000e4300000, 0x00000000e4300000| Untracked 
|  68|0x00000000e4400000, 0x00000000e4400000, 0x00000000e4500000|  0%| F|  |TAMS 0x00000000e4400000, 0x00000000e4400000| Untracked 
|  69|0x00000000e4500000, 0x00000000e4500000, 0x00000000e4600000|  0%| F|  |TAMS 0x00000000e4500000, 0x00000000e4500000| Untracked 
|  70|0x00000000e4600000, 0x00000000e4600000, 0x00000000e4700000|  0%| F|  |TAMS 0x00000000e4600000, 0x00000000e4600000| Untracked 
|  71|0x00000000e4700000, 0x00000000e4700000, 0x00000000e4800000|  0%| F|  |TAMS 0x00000000e4700000, 0x00000000e4700000| Untracked 
|  72|0x00000000e4800000, 0x00000000e4800000, 0x00000000e4900000|  0%| F|  |TAMS 0x00000000e4800000, 0x00000000e4800000| Untracked 
|  73|0x00000000e4900000, 0x00000000e4900000, 0x00000000e4a00000|  0%| F|  |TAMS 0x00000000e4900000, 0x00000000e4900000| Untracked 
|  74|0x00000000e4a00000, 0x00000000e4a00000, 0x00000000e4b00000|  0%| F|  |TAMS 0x00000000e4a00000, 0x00000000e4a00000| Untracked 
|  75|0x00000000e4b00000, 0x00000000e4b00000, 0x00000000e4c00000|  0%| F|  |TAMS 0x00000000e4b00000, 0x00000000e4b00000| Untracked 
|  76|0x00000000e4c00000, 0x00000000e4c00000, 0x00000000e4d00000|  0%| F|  |TAMS 0x00000000e4c00000, 0x00000000e4c00000| Untracked 
|  77|0x00000000e4d00000, 0x00000000e4d00000, 0x00000000e4e00000|  0%| F|  |TAMS 0x00000000e4d00000, 0x00000000e4d00000| Untracked 
|  78|0x00000000e4e00000, 0x00000000e4e00000, 0x00000000e4f00000|  0%| F|  |TAMS 0x00000000e4e00000, 0x00000000e4e00000| Untracked 
|  79|0x00000000e4f00000, 0x00000000e4f00000, 0x00000000e5000000|  0%| F|  |TAMS 0x00000000e4f00000, 0x00000000e4f00000| Untracked 
|  80|0x00000000e5000000, 0x00000000e5000000, 0x00000000e5100000|  0%| F|  |TAMS 0x00000000e5000000, 0x00000000e5000000| Untracked 
|  81|0x00000000e5100000, 0x00000000e5100000, 0x00000000e5200000|  0%| F|  |TAMS 0x00000000e5100000, 0x00000000e5100000| Untracked 
|  82|0x00000000e5200000, 0x00000000e5200000, 0x00000000e5300000|  0%| F|  |TAMS 0x00000000e5200000, 0x00000000e5200000| Untracked 
|  83|0x00000000e5300000, 0x00000000e5300000, 0x00000000e5400000|  0%| F|  |TAMS 0x00000000e5300000, 0x00000000e5300000| Untracked 
|  84|0x00000000e5400000, 0x00000000e5400000, 0x00000000e5500000|  0%| F|  |TAMS 0x00000000e5400000, 0x00000000e5400000| Untracked 
|  85|0x00000000e5500000, 0x00000000e5500000, 0x00000000e5600000|  0%| F|  |TAMS 0x00000000e5500000, 0x00000000e5500000| Untracked 
|  86|0x00000000e5600000, 0x00000000e5600000, 0x00000000e5700000|  0%| F|  |TAMS 0x00000000e5600000, 0x00000000e5600000| Untracked 
|  87|0x00000000e5700000, 0x00000000e5700000, 0x00000000e5800000|  0%| F|  |TAMS 0x00000000e5700000, 0x00000000e5700000| Untracked 
|  88|0x00000000e5800000, 0x00000000e5800000, 0x00000000e5900000|  0%| F|  |TAMS 0x00000000e5800000, 0x00000000e5800000| Untracked 
|  89|0x00000000e5900000, 0x00000000e5900000, 0x00000000e5a00000|  0%| F|  |TAMS 0x00000000e5900000, 0x00000000e5900000| Untracked 
|  90|0x00000000e5a00000, 0x00000000e5a00000, 0x00000000e5b00000|  0%| F|  |TAMS 0x00000000e5a00000, 0x00000000e5a00000| Untracked 
|  91|0x00000000e5b00000, 0x00000000e5b00000, 0x00000000e5c00000|  0%| F|  |TAMS 0x00000000e5b00000, 0x00000000e5b00000| Untracked 
|  92|0x00000000e5c00000, 0x00000000e5c00000, 0x00000000e5d00000|  0%| F|  |TAMS 0x00000000e5c00000, 0x00000000e5c00000| Untracked 
|  93|0x00000000e5d00000, 0x00000000e5d00000, 0x00000000e5e00000|  0%| F|  |TAMS 0x00000000e5d00000, 0x00000000e5d00000| Untracked 
|  94|0x00000000e5e00000, 0x00000000e5e00000, 0x00000000e5f00000|  0%| F|  |TAMS 0x00000000e5e00000, 0x00000000e5e00000| Untracked 
|  95|0x00000000e5f00000, 0x00000000e5f00000, 0x00000000e6000000|  0%| F|  |TAMS 0x00000000e5f00000, 0x00000000e5f00000| Untracked 
|  96|0x00000000e6000000, 0x00000000e6000000, 0x00000000e6100000|  0%| F|  |TAMS 0x00000000e6000000, 0x00000000e6000000| Untracked 
|  97|0x00000000e6100000, 0x00000000e6100000, 0x00000000e6200000|  0%| F|  |TAMS 0x00000000e6100000, 0x00000000e6100000| Untracked 
|  98|0x00000000e6200000, 0x00000000e628dd20, 0x00000000e6300000| 55%| S|CS|TAMS 0x00000000e6200000, 0x00000000e6200000| Complete 
|  99|0x00000000e6300000, 0x00000000e6400000, 0x00000000e6400000|100%| S|CS|TAMS 0x00000000e6300000, 0x00000000e6300000| Complete 
| 100|0x00000000e6400000, 0x00000000e6500000, 0x00000000e6500000|100%| S|CS|TAMS 0x00000000e6400000, 0x00000000e6400000| Complete 
| 101|0x00000000e6500000, 0x00000000e6600000, 0x00000000e6600000|100%| S|CS|TAMS 0x00000000e6500000, 0x00000000e6500000| Complete 
| 102|0x00000000e6600000, 0x00000000e6700000, 0x00000000e6700000|100%| S|CS|TAMS 0x00000000e6600000, 0x00000000e6600000| Complete 
| 103|0x00000000e6700000, 0x00000000e6800000, 0x00000000e6800000|100%| S|CS|TAMS 0x00000000e6700000, 0x00000000e6700000| Complete 
| 104|0x00000000e6800000, 0x00000000e6900000, 0x00000000e6900000|100%| S|CS|TAMS 0x00000000e6800000, 0x00000000e6800000| Complete 
| 105|0x00000000e6900000, 0x00000000e6a00000, 0x00000000e6a00000|100%| S|CS|TAMS 0x00000000e6900000, 0x00000000e6900000| Complete 
| 106|0x00000000e6a00000, 0x00000000e6a00000, 0x00000000e6b00000|  0%| F|  |TAMS 0x00000000e6a00000, 0x00000000e6a00000| Untracked 
| 107|0x00000000e6b00000, 0x00000000e6b00000, 0x00000000e6c00000|  0%| F|  |TAMS 0x00000000e6b00000, 0x00000000e6b00000| Untracked 
| 108|0x00000000e6c00000, 0x00000000e6c00000, 0x00000000e6d00000|  0%| F|  |TAMS 0x00000000e6c00000, 0x00000000e6c00000| Untracked 
| 109|0x00000000e6d00000, 0x00000000e6d00000, 0x00000000e6e00000|  0%| F|  |TAMS 0x00000000e6d00000, 0x00000000e6d00000| Untracked 
| 110|0x00000000e6e00000, 0x00000000e6e00000, 0x00000000e6f00000|  0%| F|  |TAMS 0x00000000e6e00000, 0x00000000e6e00000| Untracked 
| 111|0x00000000e6f00000, 0x00000000e6f00000, 0x00000000e7000000|  0%| F|  |TAMS 0x00000000e6f00000, 0x00000000e6f00000| Untracked 
| 112|0x00000000e7000000, 0x00000000e7000000, 0x00000000e7100000|  0%| F|  |TAMS 0x00000000e7000000, 0x00000000e7000000| Untracked 
| 113|0x00000000e7100000, 0x00000000e7100000, 0x00000000e7200000|  0%| F|  |TAMS 0x00000000e7100000, 0x00000000e7100000| Untracked 
| 114|0x00000000e7200000, 0x00000000e7200000, 0x00000000e7300000|  0%| F|  |TAMS 0x00000000e7200000, 0x00000000e7200000| Untracked 
| 115|0x00000000e7300000, 0x00000000e7300000, 0x00000000e7400000|  0%| F|  |TAMS 0x00000000e7300000, 0x00000000e7300000| Untracked 
| 116|0x00000000e7400000, 0x00000000e7400000, 0x00000000e7500000|  0%| F|  |TAMS 0x00000000e7400000, 0x00000000e7400000| Untracked 
| 117|0x00000000e7500000, 0x00000000e7500000, 0x00000000e7600000|  0%| F|  |TAMS 0x00000000e7500000, 0x00000000e7500000| Untracked 
| 118|0x00000000e7600000, 0x00000000e7600000, 0x00000000e7700000|  0%| F|  |TAMS 0x00000000e7600000, 0x00000000e7600000| Untracked 
| 119|0x00000000e7700000, 0x00000000e7700000, 0x00000000e7800000|  0%| F|  |TAMS 0x00000000e7700000, 0x00000000e7700000| Untracked 
| 120|0x00000000e7800000, 0x00000000e7800000, 0x00000000e7900000|  0%| F|  |TAMS 0x00000000e7800000, 0x00000000e7800000| Untracked 
| 121|0x00000000e7900000, 0x00000000e7900000, 0x00000000e7a00000|  0%| F|  |TAMS 0x00000000e7900000, 0x00000000e7900000| Untracked 
| 122|0x00000000e7a00000, 0x00000000e7a00000, 0x00000000e7b00000|  0%| F|  |TAMS 0x00000000e7a00000, 0x00000000e7a00000| Untracked 
| 123|0x00000000e7b00000, 0x00000000e7b00000, 0x00000000e7c00000|  0%| F|  |TAMS 0x00000000e7b00000, 0x00000000e7b00000| Untracked 
| 124|0x00000000e7c00000, 0x00000000e7c00000, 0x00000000e7d00000|  0%| F|  |TAMS 0x00000000e7c00000, 0x00000000e7c00000| Untracked 
| 125|0x00000000e7d00000, 0x00000000e7d00000, 0x00000000e7e00000|  0%| F|  |TAMS 0x00000000e7d00000, 0x00000000e7d00000| Untracked 
| 126|0x00000000e7e00000, 0x00000000e7e00000, 0x00000000e7f00000|  0%| F|  |TAMS 0x00000000e7e00000, 0x00000000e7e00000| Untracked 
| 127|0x00000000e7f00000, 0x00000000e7f00000, 0x00000000e8000000|  0%| F|  |TAMS 0x00000000e7f00000, 0x00000000e7f00000| Untracked 
| 128|0x00000000e8000000, 0x00000000e8000000, 0x00000000e8100000|  0%| F|  |TAMS 0x00000000e8000000, 0x00000000e8000000| Untracked 
| 129|0x00000000e8100000, 0x00000000e8100000, 0x00000000e8200000|  0%| F|  |TAMS 0x00000000e8100000, 0x00000000e8100000| Untracked 
| 130|0x00000000e8200000, 0x00000000e8200000, 0x00000000e8300000|  0%| F|  |TAMS 0x00000000e8200000, 0x00000000e8200000| Untracked 
| 131|0x00000000e8300000, 0x00000000e8300000, 0x00000000e8400000|  0%| F|  |TAMS 0x00000000e8300000, 0x00000000e8300000| Untracked 
| 132|0x00000000e8400000, 0x00000000e8400000, 0x00000000e8500000|  0%| F|  |TAMS 0x00000000e8400000, 0x00000000e8400000| Untracked 
| 133|0x00000000e8500000, 0x00000000e8500000, 0x00000000e8600000|  0%| F|  |TAMS 0x00000000e8500000, 0x00000000e8500000| Untracked 
| 134|0x00000000e8600000, 0x00000000e8600000, 0x00000000e8700000|  0%| F|  |TAMS 0x00000000e8600000, 0x00000000e8600000| Untracked 
| 135|0x00000000e8700000, 0x00000000e8700000, 0x00000000e8800000|  0%| F|  |TAMS 0x00000000e8700000, 0x00000000e8700000| Untracked 
| 136|0x00000000e8800000, 0x00000000e8800000, 0x00000000e8900000|  0%| F|  |TAMS 0x00000000e8800000, 0x00000000e8800000| Untracked 
| 137|0x00000000e8900000, 0x00000000e8900000, 0x00000000e8a00000|  0%| F|  |TAMS 0x00000000e8900000, 0x00000000e8900000| Untracked 
| 138|0x00000000e8a00000, 0x00000000e8a00000, 0x00000000e8b00000|  0%| F|  |TAMS 0x00000000e8a00000, 0x00000000e8a00000| Untracked 
| 139|0x00000000e8b00000, 0x00000000e8b00000, 0x00000000e8c00000|  0%| F|  |TAMS 0x00000000e8b00000, 0x00000000e8b00000| Untracked 
| 140|0x00000000e8c00000, 0x00000000e8c00000, 0x00000000e8d00000|  0%| F|  |TAMS 0x00000000e8c00000, 0x00000000e8c00000| Untracked 
| 141|0x00000000e8d00000, 0x00000000e8d00000, 0x00000000e8e00000|  0%| F|  |TAMS 0x00000000e8d00000, 0x00000000e8d00000| Untracked 
| 142|0x00000000e8e00000, 0x00000000e8e00000, 0x00000000e8f00000|  0%| F|  |TAMS 0x00000000e8e00000, 0x00000000e8e00000| Untracked 
| 143|0x00000000e8f00000, 0x00000000e8f00000, 0x00000000e9000000|  0%| F|  |TAMS 0x00000000e8f00000, 0x00000000e8f00000| Untracked 
| 144|0x00000000e9000000, 0x00000000e9000000, 0x00000000e9100000|  0%| F|  |TAMS 0x00000000e9000000, 0x00000000e9000000| Untracked 
| 145|0x00000000e9100000, 0x00000000e9100000, 0x00000000e9200000|  0%| F|  |TAMS 0x00000000e9100000, 0x00000000e9100000| Untracked 
| 146|0x00000000e9200000, 0x00000000e9200000, 0x00000000e9300000|  0%| F|  |TAMS 0x00000000e9200000, 0x00000000e9200000| Untracked 
| 147|0x00000000e9300000, 0x00000000e9300000, 0x00000000e9400000|  0%| F|  |TAMS 0x00000000e9300000, 0x00000000e9300000| Untracked 
| 148|0x00000000e9400000, 0x00000000e9400000, 0x00000000e9500000|  0%| F|  |TAMS 0x00000000e9400000, 0x00000000e9400000| Untracked 
| 149|0x00000000e9500000, 0x00000000e9500000, 0x00000000e9600000|  0%| F|  |TAMS 0x00000000e9500000, 0x00000000e9500000| Untracked 
| 150|0x00000000e9600000, 0x00000000e9600000, 0x00000000e9700000|  0%| F|  |TAMS 0x00000000e9600000, 0x00000000e9600000| Untracked 
| 151|0x00000000e9700000, 0x00000000e9700000, 0x00000000e9800000|  0%| F|  |TAMS 0x00000000e9700000, 0x00000000e9700000| Untracked 
| 152|0x00000000e9800000, 0x00000000e9800000, 0x00000000e9900000|  0%| F|  |TAMS 0x00000000e9800000, 0x00000000e9800000| Untracked 
| 153|0x00000000e9900000, 0x00000000e9900000, 0x00000000e9a00000|  0%| F|  |TAMS 0x00000000e9900000, 0x00000000e9900000| Untracked 
| 154|0x00000000e9a00000, 0x00000000e9a00000, 0x00000000e9b00000|  0%| F|  |TAMS 0x00000000e9a00000, 0x00000000e9a00000| Untracked 
| 155|0x00000000e9b00000, 0x00000000e9b00000, 0x00000000e9c00000|  0%| F|  |TAMS 0x00000000e9b00000, 0x00000000e9b00000| Untracked 
| 156|0x00000000e9c00000, 0x00000000e9c00000, 0x00000000e9d00000|  0%| F|  |TAMS 0x00000000e9c00000, 0x00000000e9c00000| Untracked 
| 157|0x00000000e9d00000, 0x00000000e9d00000, 0x00000000e9e00000|  0%| F|  |TAMS 0x00000000e9d00000, 0x00000000e9d00000| Untracked 
| 158|0x00000000e9e00000, 0x00000000e9e00000, 0x00000000e9f00000|  0%| F|  |TAMS 0x00000000e9e00000, 0x00000000e9e00000| Untracked 
| 159|0x00000000e9f00000, 0x00000000e9f00000, 0x00000000ea000000|  0%| F|  |TAMS 0x00000000e9f00000, 0x00000000e9f00000| Untracked 
| 160|0x00000000ea000000, 0x00000000ea000000, 0x00000000ea100000|  0%| F|  |TAMS 0x00000000ea000000, 0x00000000ea000000| Untracked 
| 161|0x00000000ea100000, 0x00000000ea100000, 0x00000000ea200000|  0%| F|  |TAMS 0x00000000ea100000, 0x00000000ea100000| Untracked 
| 162|0x00000000ea200000, 0x00000000ea200000, 0x00000000ea300000|  0%| F|  |TAMS 0x00000000ea200000, 0x00000000ea200000| Untracked 
| 163|0x00000000ea300000, 0x00000000ea300000, 0x00000000ea400000|  0%| F|  |TAMS 0x00000000ea300000, 0x00000000ea300000| Untracked 
| 164|0x00000000ea400000, 0x00000000ea400000, 0x00000000ea500000|  0%| F|  |TAMS 0x00000000ea400000, 0x00000000ea400000| Untracked 
| 165|0x00000000ea500000, 0x00000000ea500000, 0x00000000ea600000|  0%| F|  |TAMS 0x00000000ea500000, 0x00000000ea500000| Untracked 
| 166|0x00000000ea600000, 0x00000000ea600000, 0x00000000ea700000|  0%| F|  |TAMS 0x00000000ea600000, 0x00000000ea600000| Untracked 
| 167|0x00000000ea700000, 0x00000000ea700000, 0x00000000ea800000|  0%| F|  |TAMS 0x00000000ea700000, 0x00000000ea700000| Untracked 
| 168|0x00000000ea800000, 0x00000000ea800000, 0x00000000ea900000|  0%| F|  |TAMS 0x00000000ea800000, 0x00000000ea800000| Untracked 
| 169|0x00000000ea900000, 0x00000000ea900000, 0x00000000eaa00000|  0%| F|  |TAMS 0x00000000ea900000, 0x00000000ea900000| Untracked 
| 170|0x00000000eaa00000, 0x00000000eaa00000, 0x00000000eab00000|  0%| F|  |TAMS 0x00000000eaa00000, 0x00000000eaa00000| Untracked 
| 171|0x00000000eab00000, 0x00000000eab00000, 0x00000000eac00000|  0%| F|  |TAMS 0x00000000eab00000, 0x00000000eab00000| Untracked 
| 172|0x00000000eac00000, 0x00000000eac00000, 0x00000000ead00000|  0%| F|  |TAMS 0x00000000eac00000, 0x00000000eac00000| Untracked 
| 173|0x00000000ead00000, 0x00000000ead00000, 0x00000000eae00000|  0%| F|  |TAMS 0x00000000ead00000, 0x00000000ead00000| Untracked 
| 174|0x00000000eae00000, 0x00000000eae00000, 0x00000000eaf00000|  0%| F|  |TAMS 0x00000000eae00000, 0x00000000eae00000| Untracked 
| 175|0x00000000eaf00000, 0x00000000eaf00000, 0x00000000eb000000|  0%| F|  |TAMS 0x00000000eaf00000, 0x00000000eaf00000| Untracked 
| 176|0x00000000eb000000, 0x00000000eb000000, 0x00000000eb100000|  0%| F|  |TAMS 0x00000000eb000000, 0x00000000eb000000| Untracked 
| 177|0x00000000eb100000, 0x00000000eb100000, 0x00000000eb200000|  0%| F|  |TAMS 0x00000000eb100000, 0x00000000eb100000| Untracked 
| 178|0x00000000eb200000, 0x00000000eb200000, 0x00000000eb300000|  0%| F|  |TAMS 0x00000000eb200000, 0x00000000eb200000| Untracked 
| 179|0x00000000eb300000, 0x00000000eb300000, 0x00000000eb400000|  0%| F|  |TAMS 0x00000000eb300000, 0x00000000eb300000| Untracked 
| 180|0x00000000eb400000, 0x00000000eb400000, 0x00000000eb500000|  0%| F|  |TAMS 0x00000000eb400000, 0x00000000eb400000| Untracked 
| 181|0x00000000eb500000, 0x00000000eb500000, 0x00000000eb600000|  0%| F|  |TAMS 0x00000000eb500000, 0x00000000eb500000| Untracked 
| 182|0x00000000eb600000, 0x00000000eb600000, 0x00000000eb700000|  0%| F|  |TAMS 0x00000000eb600000, 0x00000000eb600000| Untracked 
| 183|0x00000000eb700000, 0x00000000eb700000, 0x00000000eb800000|  0%| F|  |TAMS 0x00000000eb700000, 0x00000000eb700000| Untracked 
| 184|0x00000000eb800000, 0x00000000eb800000, 0x00000000eb900000|  0%| F|  |TAMS 0x00000000eb800000, 0x00000000eb800000| Untracked 
| 185|0x00000000eb900000, 0x00000000eb900000, 0x00000000eba00000|  0%| F|  |TAMS 0x00000000eb900000, 0x00000000eb900000| Untracked 
| 186|0x00000000eba00000, 0x00000000eba00000, 0x00000000ebb00000|  0%| F|  |TAMS 0x00000000eba00000, 0x00000000eba00000| Untracked 
| 187|0x00000000ebb00000, 0x00000000ebb00000, 0x00000000ebc00000|  0%| F|  |TAMS 0x00000000ebb00000, 0x00000000ebb00000| Untracked 
| 188|0x00000000ebc00000, 0x00000000ebc00000, 0x00000000ebd00000|  0%| F|  |TAMS 0x00000000ebc00000, 0x00000000ebc00000| Untracked 
| 189|0x00000000ebd00000, 0x00000000ebd00000, 0x00000000ebe00000|  0%| F|  |TAMS 0x00000000ebd00000, 0x00000000ebd00000| Untracked 
| 190|0x00000000ebe00000, 0x00000000ebe00000, 0x00000000ebf00000|  0%| F|  |TAMS 0x00000000ebe00000, 0x00000000ebe00000| Untracked 
| 191|0x00000000ebf00000, 0x00000000ebf00000, 0x00000000ec000000|  0%| F|  |TAMS 0x00000000ebf00000, 0x00000000ebf00000| Untracked 
| 192|0x00000000ec000000, 0x00000000ec000000, 0x00000000ec100000|  0%| F|  |TAMS 0x00000000ec000000, 0x00000000ec000000| Untracked 
| 193|0x00000000ec100000, 0x00000000ec100000, 0x00000000ec200000|  0%| F|  |TAMS 0x00000000ec100000, 0x00000000ec100000| Untracked 
| 194|0x00000000ec200000, 0x00000000ec200000, 0x00000000ec300000|  0%| F|  |TAMS 0x00000000ec200000, 0x00000000ec200000| Untracked 
| 195|0x00000000ec300000, 0x00000000ec300000, 0x00000000ec400000|  0%| F|  |TAMS 0x00000000ec300000, 0x00000000ec300000| Untracked 
| 196|0x00000000ec400000, 0x00000000ec400000, 0x00000000ec500000|  0%| F|  |TAMS 0x00000000ec400000, 0x00000000ec400000| Untracked 
| 197|0x00000000ec500000, 0x00000000ec500000, 0x00000000ec600000|  0%| F|  |TAMS 0x00000000ec500000, 0x00000000ec500000| Untracked 
| 198|0x00000000ec600000, 0x00000000ec600000, 0x00000000ec700000|  0%| F|  |TAMS 0x00000000ec600000, 0x00000000ec600000| Untracked 
| 199|0x00000000ec700000, 0x00000000ec700000, 0x00000000ec800000|  0%| F|  |TAMS 0x00000000ec700000, 0x00000000ec700000| Untracked 
| 200|0x00000000ec800000, 0x00000000ec800000, 0x00000000ec900000|  0%| F|  |TAMS 0x00000000ec800000, 0x00000000ec800000| Untracked 
| 201|0x00000000ec900000, 0x00000000ec900000, 0x00000000eca00000|  0%| F|  |TAMS 0x00000000ec900000, 0x00000000ec900000| Untracked 
| 202|0x00000000eca00000, 0x00000000eca00000, 0x00000000ecb00000|  0%| F|  |TAMS 0x00000000eca00000, 0x00000000eca00000| Untracked 
| 203|0x00000000ecb00000, 0x00000000ecb00000, 0x00000000ecc00000|  0%| F|  |TAMS 0x00000000ecb00000, 0x00000000ecb00000| Untracked 
| 204|0x00000000ecc00000, 0x00000000ecc00000, 0x00000000ecd00000|  0%| F|  |TAMS 0x00000000ecc00000, 0x00000000ecc00000| Untracked 
| 205|0x00000000ecd00000, 0x00000000ecd00000, 0x00000000ece00000|  0%| F|  |TAMS 0x00000000ecd00000, 0x00000000ecd00000| Untracked 
| 206|0x00000000ece00000, 0x00000000ece00000, 0x00000000ecf00000|  0%| F|  |TAMS 0x00000000ece00000, 0x00000000ece00000| Untracked 
| 207|0x00000000ecf00000, 0x00000000ecf00000, 0x00000000ed000000|  0%| F|  |TAMS 0x00000000ecf00000, 0x00000000ecf00000| Untracked 
| 208|0x00000000ed000000, 0x00000000ed000000, 0x00000000ed100000|  0%| F|  |TAMS 0x00000000ed000000, 0x00000000ed000000| Untracked 
| 209|0x00000000ed100000, 0x00000000ed100000, 0x00000000ed200000|  0%| F|  |TAMS 0x00000000ed100000, 0x00000000ed100000| Untracked 
| 210|0x00000000ed200000, 0x00000000ed200000, 0x00000000ed300000|  0%| F|  |TAMS 0x00000000ed200000, 0x00000000ed200000| Untracked 
| 211|0x00000000ed300000, 0x00000000ed300000, 0x00000000ed400000|  0%| F|  |TAMS 0x00000000ed300000, 0x00000000ed300000| Untracked 
| 212|0x00000000ed400000, 0x00000000ed400000, 0x00000000ed500000|  0%| F|  |TAMS 0x00000000ed400000, 0x00000000ed400000| Untracked 
| 213|0x00000000ed500000, 0x00000000ed500000, 0x00000000ed600000|  0%| F|  |TAMS 0x00000000ed500000, 0x00000000ed500000| Untracked 
| 214|0x00000000ed600000, 0x00000000ed600000, 0x00000000ed700000|  0%| F|  |TAMS 0x00000000ed600000, 0x00000000ed600000| Untracked 
| 215|0x00000000ed700000, 0x00000000ed700000, 0x00000000ed800000|  0%| F|  |TAMS 0x00000000ed700000, 0x00000000ed700000| Untracked 
| 216|0x00000000ed800000, 0x00000000ed800000, 0x00000000ed900000|  0%| F|  |TAMS 0x00000000ed800000, 0x00000000ed800000| Untracked 
| 217|0x00000000ed900000, 0x00000000ed900000, 0x00000000eda00000|  0%| F|  |TAMS 0x00000000ed900000, 0x00000000ed900000| Untracked 
| 218|0x00000000eda00000, 0x00000000eda00000, 0x00000000edb00000|  0%| F|  |TAMS 0x00000000eda00000, 0x00000000eda00000| Untracked 
| 219|0x00000000edb00000, 0x00000000edb00000, 0x00000000edc00000|  0%| F|  |TAMS 0x00000000edb00000, 0x00000000edb00000| Untracked 
| 220|0x00000000edc00000, 0x00000000edc00000, 0x00000000edd00000|  0%| F|  |TAMS 0x00000000edc00000, 0x00000000edc00000| Untracked 
| 221|0x00000000edd00000, 0x00000000edd00000, 0x00000000ede00000|  0%| F|  |TAMS 0x00000000edd00000, 0x00000000edd00000| Untracked 
| 222|0x00000000ede00000, 0x00000000ede00000, 0x00000000edf00000|  0%| F|  |TAMS 0x00000000ede00000, 0x00000000ede00000| Untracked 
| 223|0x00000000edf00000, 0x00000000edf00000, 0x00000000ee000000|  0%| F|  |TAMS 0x00000000edf00000, 0x00000000edf00000| Untracked 
| 224|0x00000000ee000000, 0x00000000ee000000, 0x00000000ee100000|  0%| F|  |TAMS 0x00000000ee000000, 0x00000000ee000000| Untracked 
| 225|0x00000000ee100000, 0x00000000ee100000, 0x00000000ee200000|  0%| F|  |TAMS 0x00000000ee100000, 0x00000000ee100000| Untracked 
| 226|0x00000000ee200000, 0x00000000ee200000, 0x00000000ee300000|  0%| F|  |TAMS 0x00000000ee200000, 0x00000000ee200000| Untracked 
| 227|0x00000000ee300000, 0x00000000ee300000, 0x00000000ee400000|  0%| F|  |TAMS 0x00000000ee300000, 0x00000000ee300000| Untracked 
| 228|0x00000000ee400000, 0x00000000ee400000, 0x00000000ee500000|  0%| F|  |TAMS 0x00000000ee400000, 0x00000000ee400000| Untracked 
| 229|0x00000000ee500000, 0x00000000ee500000, 0x00000000ee600000|  0%| F|  |TAMS 0x00000000ee500000, 0x00000000ee500000| Untracked 
| 230|0x00000000ee600000, 0x00000000ee600000, 0x00000000ee700000|  0%| F|  |TAMS 0x00000000ee600000, 0x00000000ee600000| Untracked 
| 231|0x00000000ee700000, 0x00000000ee700000, 0x00000000ee800000|  0%| F|  |TAMS 0x00000000ee700000, 0x00000000ee700000| Untracked 
| 232|0x00000000ee800000, 0x00000000ee800000, 0x00000000ee900000|  0%| F|  |TAMS 0x00000000ee800000, 0x00000000ee800000| Untracked 
| 233|0x00000000ee900000, 0x00000000ee900000, 0x00000000eea00000|  0%| F|  |TAMS 0x00000000ee900000, 0x00000000ee900000| Untracked 
| 234|0x00000000eea00000, 0x00000000eea00000, 0x00000000eeb00000|  0%| F|  |TAMS 0x00000000eea00000, 0x00000000eea00000| Untracked 
| 235|0x00000000eeb00000, 0x00000000eeb00000, 0x00000000eec00000|  0%| F|  |TAMS 0x00000000eeb00000, 0x00000000eeb00000| Untracked 
| 236|0x00000000eec00000, 0x00000000eec00000, 0x00000000eed00000|  0%| F|  |TAMS 0x00000000eec00000, 0x00000000eec00000| Untracked 
| 237|0x00000000eed00000, 0x00000000eed00000, 0x00000000eee00000|  0%| F|  |TAMS 0x00000000eed00000, 0x00000000eed00000| Untracked 
| 238|0x00000000eee00000, 0x00000000eee00000, 0x00000000eef00000|  0%| F|  |TAMS 0x00000000eee00000, 0x00000000eee00000| Untracked 
| 239|0x00000000eef00000, 0x00000000eef00000, 0x00000000ef000000|  0%| F|  |TAMS 0x00000000eef00000, 0x00000000eef00000| Untracked 
| 240|0x00000000ef000000, 0x00000000ef000000, 0x00000000ef100000|  0%| F|  |TAMS 0x00000000ef000000, 0x00000000ef000000| Untracked 
| 241|0x00000000ef100000, 0x00000000ef100000, 0x00000000ef200000|  0%| F|  |TAMS 0x00000000ef100000, 0x00000000ef100000| Untracked 
| 242|0x00000000ef200000, 0x00000000ef200000, 0x00000000ef300000|  0%| F|  |TAMS 0x00000000ef200000, 0x00000000ef200000| Untracked 
| 243|0x00000000ef300000, 0x00000000ef300000, 0x00000000ef400000|  0%| F|  |TAMS 0x00000000ef300000, 0x00000000ef300000| Untracked 
| 244|0x00000000ef400000, 0x00000000ef400000, 0x00000000ef500000|  0%| F|  |TAMS 0x00000000ef400000, 0x00000000ef400000| Untracked 
| 245|0x00000000ef500000, 0x00000000ef500000, 0x00000000ef600000|  0%| F|  |TAMS 0x00000000ef500000, 0x00000000ef500000| Untracked 
| 246|0x00000000ef600000, 0x00000000ef600000, 0x00000000ef700000|  0%| F|  |TAMS 0x00000000ef600000, 0x00000000ef600000| Untracked 
| 247|0x00000000ef700000, 0x00000000ef700000, 0x00000000ef800000|  0%| F|  |TAMS 0x00000000ef700000, 0x00000000ef700000| Untracked 
| 248|0x00000000ef800000, 0x00000000ef800000, 0x00000000ef900000|  0%| F|  |TAMS 0x00000000ef800000, 0x00000000ef800000| Untracked 
| 249|0x00000000ef900000, 0x00000000ef980800, 0x00000000efa00000| 50%| E|  |TAMS 0x00000000ef900000, 0x00000000ef900000| Complete 
| 250|0x00000000efa00000, 0x00000000efb00000, 0x00000000efb00000|100%| E|CS|TAMS 0x00000000efa00000, 0x00000000efa00000| Complete 
| 251|0x00000000efb00000, 0x00000000efc00000, 0x00000000efc00000|100%| E|CS|TAMS 0x00000000efb00000, 0x00000000efb00000| Complete 
| 252|0x00000000efc00000, 0x00000000efd00000, 0x00000000efd00000|100%| E|CS|TAMS 0x00000000efc00000, 0x00000000efc00000| Complete 
| 253|0x00000000efd00000, 0x00000000efe00000, 0x00000000efe00000|100%| E|CS|TAMS 0x00000000efd00000, 0x00000000efd00000| Complete 
| 254|0x00000000efe00000, 0x00000000eff00000, 0x00000000eff00000|100%| E|CS|TAMS 0x00000000efe00000, 0x00000000efe00000| Complete 
| 255|0x00000000eff00000, 0x00000000f0000000, 0x00000000f0000000|100%| E|CS|TAMS 0x00000000eff00000, 0x00000000eff00000| Complete 

Card table byte_map: [0x000002cb79da0000,0x000002cb79ea0000] _byte_map_base: 0x000002cb796a0000

Marking Bits (Prev, Next): (CMBitMap*) 0x000002cb615fe710, (CMBitMap*) 0x000002cb615fe750
 Prev Bits: [0x000002cb79fa0000, 0x000002cb7a7a0000)
 Next Bits: [0x000002cb7a7a0000, 0x000002cb7afa0000)

Polling page: 0x000002cb616b0000

Metaspace:

Usage:
  Non-class:     45.27 MB used.
      Class:      7.12 MB used.
       Both:     52.39 MB used.

Virtual space:
  Non-class space:       64.00 MB reserved,      45.50 MB ( 71%) committed,  1 nodes.
      Class space:      320.00 MB reserved,       7.44 MB (  2%) committed,  1 nodes.
             Both:      384.00 MB reserved,      52.94 MB ( 14%) committed. 

Chunk freelists:
   Non-Class:  2.44 MB
       Class:  8.48 MB
        Both:  10.92 MB

MaxMetaspaceSize: 384.00 MB
CompressedClassSpaceSize: 320.00 MB
Initial GC threshold: 21.00 MB
Current GC threshold: 59.38 MB
CDS: on
MetaspaceReclaimPolicy: balanced
 - commit_granule_bytes: 65536.
 - commit_granule_words: 8192.
 - virtual_space_node_default_size: 8388608.
 - enlarge_chunks_in_place: 1.
 - new_chunks_are_fully_committed: 0.
 - uncommit_free_chunks: 1.
 - use_allocation_guard: 0.
 - handle_deallocations: 1.


Internal statistics:

num_allocs_failed_limit: 9.
num_arena_births: 612.
num_arena_deaths: 0.
num_vsnodes_births: 2.
num_vsnodes_deaths: 0.
num_space_committed: 847.
num_space_uncommitted: 0.
num_chunks_returned_to_freelist: 9.
num_chunks_taken_from_freelist: 2784.
num_chunk_merges: 9.
num_chunk_splits: 1803.
num_chunks_enlarged: 1167.
num_inconsistent_stats: 0.

CodeHeap 'non-profiled nmethods': size=120000Kb used=4320Kb max_used=4320Kb free=115679Kb
 bounds [0x000002cb72140000, 0x000002cb72580000, 0x000002cb79670000]
CodeHeap 'profiled nmethods': size=120000Kb used=17685Kb max_used=17685Kb free=102314Kb
 bounds [0x000002cb6a670000, 0x000002cb6b7c0000, 0x000002cb71ba0000]
CodeHeap 'non-nmethods': size=5760Kb used=2327Kb max_used=2375Kb free=3432Kb
 bounds [0x000002cb71ba0000, 0x000002cb71e10000, 0x000002cb72140000]
 total_blobs=9292 nmethods=8450 adapters=755
 compilation: enabled
              stopped_count=0, restarted_count=0
 full_count=0

Compilation events (20 events):
Event: 63.023 Thread 0x000002cb7d5976b0 9289       3       org.gradle.api.internal.artifacts.ivyservice.modulecache.artifacts.InMemoryModuleArtifactsCache::get (52 bytes)
Event: 63.024 Thread 0x000002cb7d5976b0 nmethod 9289 0x000002cb6b7a3b90 code [0x000002cb6b7a3d60, 0x000002cb6b7a42a8]
Event: 63.024 Thread 0x000002cb7d5976b0 9290       3       org.gradle.api.internal.artifacts.ivyservice.modulecache.artifacts.DefaultCachedArtifacts::<init> (20 bytes)
Event: 63.024 Thread 0x000002cb7d5976b0 nmethod 9290 0x000002cb6b7a4410 code [0x000002cb6b7a45c0, 0x000002cb6b7a47f8]
Event: 63.024 Thread 0x000002cb7d5976b0 9291       3       org.gradle.api.internal.artifacts.ivyservice.resolutionstrategy.DefaultCachePolicy::moduleArtifactsExpiry (36 bytes)
Event: 63.025 Thread 0x000002cb7d5976b0 nmethod 9291 0x000002cb6b7a4910 code [0x000002cb6b7a4ae0, 0x000002cb6b7a4f88]
Event: 63.035 Thread 0x000002cb7d5976b0 9292       3       java.util.concurrent.locks.AbstractQueuedSynchronizer::acquire (20 bytes)
Event: 63.035 Thread 0x000002cb7d5976b0 nmethod 9292 0x000002cb6b7a5190 code [0x000002cb6b7a5340, 0x000002cb6b7a55b8]
Event: 63.044 Thread 0x000002cb7d5976b0 9293       3       java.util.Arrays::sort (47 bytes)
Event: 63.045 Thread 0x000002cb7d5976b0 nmethod 9293 0x000002cb6b7a5690 code [0x000002cb6b7a5860, 0x000002cb6b7a5aa8]
Event: 63.086 Thread 0x000002cb7d5976b0 9295       3       org.gradle.util.internal.CollectionUtils::addAll (8 bytes)
Event: 63.086 Thread 0x000002cb7d5976b0 nmethod 9295 0x000002cb6b7a5b90 code [0x000002cb6b7a5d20, 0x000002cb6b7a5e48]
Event: 63.211 Thread 0x000002cb7d5976b0 9297       3       java.util.concurrent.locks.AbstractQueuedSynchronizer$ConditionObject::unlinkCancelledWaiters (91 bytes)
Event: 63.212 Thread 0x000002cb7d5976b0 nmethod 9297 0x000002cb6b7a5f10 code [0x000002cb6b7a60e0, 0x000002cb6b7a6598]
Event: 63.253 Thread 0x000002cb7d5976b0 9298       3       org.gradle.api.internal.artifacts.DefaultPublishArtifactSet::<init> (51 bytes)
Event: 63.255 Thread 0x000002cb7d5976b0 nmethod 9298 0x000002cb6b7a6710 code [0x000002cb6b7a69c0, 0x000002cb6b7a7988]
Event: 63.258 Thread 0x000002cb7d5976b0 9299       3       org.gradle.api.internal.artifacts.ivyservice.modulecache.artifacts.ArtifactsAtRepositoryKey::equals (69 bytes)
Event: 63.259 Thread 0x000002cb7d5976b0 nmethod 9299 0x000002cb6b7a8010 code [0x000002cb6b7a8200, 0x000002cb6b7a8808]
Event: 63.403 Thread 0x000002cb7d5976b0 9300       3       java.util.concurrent.TimeUnit::convert (77 bytes)
Event: 63.404 Thread 0x000002cb7d5976b0 nmethod 9300 0x000002cb6b7a8990 code [0x000002cb6b7a8ba0, 0x000002cb6b7a8f68]

GC Heap History (20 events):
Event: 1.814 GC heap before
{Heap before GC invocations=0 (full 0):
 garbage-first heap   total 262144K, used 12288K [0x00000000e0000000, 0x0000000100000000)
  region size 1024K, 13 young (13312K), 0 survivors (0K)
 Metaspace       used 1005K, committed 1152K, reserved 393216K
  class space    used 74K, committed 128K, reserved 327680K
}
Event: 1.829 GC heap after
{Heap after GC invocations=1 (full 0):
 garbage-first heap   total 262144K, used 2890K [0x00000000e0000000, 0x0000000100000000)
  region size 1024K, 2 young (2048K), 2 survivors (2048K)
 Metaspace       used 1005K, committed 1152K, reserved 393216K
  class space    used 74K, committed 128K, reserved 327680K
}
Event: 4.992 GC heap before
{Heap before GC invocations=1 (full 0):
 garbage-first heap   total 262144K, used 22346K [0x00000000e0000000, 0x0000000100000000)
  region size 1024K, 18 young (18432K), 2 survivors (2048K)
 Metaspace       used 3884K, committed 4032K, reserved 393216K
  class space    used 486K, committed 576K, reserved 327680K
}
Event: 4.999 GC heap after
{Heap after GC invocations=2 (full 0):
 garbage-first heap   total 262144K, used 10874K [0x00000000e0000000, 0x0000000100000000)
  region size 1024K, 3 young (3072K), 3 survivors (3072K)
 Metaspace       used 3884K, committed 4032K, reserved 393216K
  class space    used 486K, committed 576K, reserved 327680K
}
Event: 7.133 GC heap before
{Heap before GC invocations=2 (full 0):
 garbage-first heap   total 262144K, used 33402K [0x00000000e0000000, 0x0000000100000000)
  region size 1024K, 26 young (26624K), 3 survivors (3072K)
 Metaspace       used 4017K, committed 4224K, reserved 393216K
  class space    used 490K, committed 576K, reserved 327680K
}
Event: 7.138 GC heap after
{Heap after GC invocations=3 (full 0):
 garbage-first heap   total 262144K, used 11773K [0x00000000e0000000, 0x0000000100000000)
  region size 1024K, 1 young (1024K), 1 survivors (1024K)
 Metaspace       used 4017K, committed 4224K, reserved 393216K
  class space    used 490K, committed 576K, reserved 327680K
}
Event: 19.959 GC heap before
{Heap before GC invocations=3 (full 0):
 garbage-first heap   total 262144K, used 129533K [0x00000000e0000000, 0x0000000100000000)
  region size 1024K, 116 young (118784K), 1 survivors (1024K)
 Metaspace       used 21231K, committed 21504K, reserved 393216K
  class space    used 3113K, committed 3264K, reserved 327680K
}
Event: 19.982 GC heap after
{Heap after GC invocations=4 (full 0):
 garbage-first heap   total 262144K, used 22874K [0x00000000e0000000, 0x0000000100000000)
  region size 1024K, 12 young (12288K), 12 survivors (12288K)
 Metaspace       used 21231K, committed 21504K, reserved 393216K
  class space    used 3113K, committed 3264K, reserved 327680K
}
Event: 27.253 GC heap before
{Heap before GC invocations=5 (full 0):
 garbage-first heap   total 262144K, used 133466K [0x00000000e0000000, 0x0000000100000000)
  region size 1024K, 117 young (119808K), 12 survivors (12288K)
 Metaspace       used 35618K, committed 35968K, reserved 393216K
  class space    used 4970K, committed 5120K, reserved 327680K
}
Event: 27.300 GC heap after
{Heap after GC invocations=6 (full 0):
 garbage-first heap   total 262144K, used 31050K [0x00000000e0000000, 0x0000000100000000)
  region size 1024K, 9 young (9216K), 9 survivors (9216K)
 Metaspace       used 35618K, committed 35968K, reserved 393216K
  class space    used 4970K, committed 5120K, reserved 327680K
}
Event: 27.470 GC heap before
{Heap before GC invocations=6 (full 0):
 garbage-first heap   total 262144K, used 34122K [0x00000000e0000000, 0x0000000100000000)
  region size 1024K, 12 young (12288K), 9 survivors (9216K)
 Metaspace       used 35929K, committed 36288K, reserved 393216K
  class space    used 5021K, committed 5184K, reserved 327680K
}
Event: 27.492 GC heap after
{Heap after GC invocations=7 (full 0):
 garbage-first heap   total 262144K, used 31299K [0x00000000e0000000, 0x0000000100000000)
  region size 1024K, 1 young (1024K), 1 survivors (1024K)
 Metaspace       used 35929K, committed 36288K, reserved 393216K
  class space    used 5021K, committed 5184K, reserved 327680K
}
Event: 27.492 GC heap before
{Heap before GC invocations=7 (full 0):
 garbage-first heap   total 262144K, used 31299K [0x00000000e0000000, 0x0000000100000000)
  region size 1024K, 2 young (2048K), 1 survivors (1024K)
 Metaspace       used 35929K, committed 36288K, reserved 393216K
  class space    used 5021K, committed 5184K, reserved 327680K
}
Event: 27.496 GC heap after
{Heap after GC invocations=8 (full 0):
 garbage-first heap   total 262144K, used 30641K [0x00000000e0000000, 0x0000000100000000)
  region size 1024K, 1 young (1024K), 1 survivors (1024K)
 Metaspace       used 35929K, committed 36288K, reserved 393216K
  class space    used 5021K, committed 5184K, reserved 327680K
}
Event: 44.964 GC heap before
{Heap before GC invocations=9 (full 0):
 garbage-first heap   total 262144K, used 188337K [0x00000000e0000000, 0x0000000100000000)
  region size 1024K, 153 young (156672K), 1 survivors (1024K)
 Metaspace       used 50162K, committed 50816K, reserved 393216K
  class space    used 7110K, committed 7424K, reserved 327680K
}
Event: 45.004 GC heap after
{Heap after GC invocations=10 (full 0):
 garbage-first heap   total 262144K, used 41488K [0x00000000e0000000, 0x0000000100000000)
  region size 1024K, 11 young (11264K), 11 survivors (11264K)
 Metaspace       used 50162K, committed 50816K, reserved 393216K
  class space    used 7110K, committed 7424K, reserved 327680K
}
Event: 45.332 GC heap before
{Heap before GC invocations=10 (full 0):
 garbage-first heap   total 262144K, used 42512K [0x00000000e0000000, 0x0000000100000000)
  region size 1024K, 12 young (12288K), 11 survivors (11264K)
 Metaspace       used 50282K, committed 50880K, reserved 393216K
  class space    used 7125K, committed 7424K, reserved 327680K
}
Event: 45.370 GC heap after
{Heap after GC invocations=11 (full 0):
 garbage-first heap   total 262144K, used 42631K [0x00000000e0000000, 0x0000000100000000)
  region size 1024K, 2 young (2048K), 2 survivors (2048K)
 Metaspace       used 50282K, committed 50880K, reserved 393216K
  class space    used 7125K, committed 7424K, reserved 327680K
}
Event: 62.571 GC heap before
{Heap before GC invocations=11 (full 0):
 garbage-first heap   total 262144K, used 193159K [0x00000000e0000000, 0x0000000100000000)
  region size 1024K, 150 young (153600K), 2 survivors (2048K)
 Metaspace       used 53590K, committed 54144K, reserved 393216K
  class space    used 7294K, committed 7616K, reserved 327680K
}
Event: 62.599 GC heap after
{Heap after GC invocations=12 (full 0):
 garbage-first heap   total 262144K, used 48967K [0x00000000e0000000, 0x0000000100000000)
  region size 1024K, 8 young (8192K), 8 survivors (8192K)
 Metaspace       used 53590K, committed 54144K, reserved 393216K
  class space    used 7294K, committed 7616K, reserved 327680K
}

Deoptimization events (20 events):
Event: 59.343 Thread 0x000002cb7f214130 DEOPT PACKING pc=0x000002cb72223598 sp=0x000000d7e0ffe6a0
Event: 59.343 Thread 0x000002cb7f214130 DEOPT UNPACKING pc=0x000002cb71bf239d sp=0x000000d7e0ffe600 mode 2
Event: 59.479 Thread 0x000002cb7e3c0540 DEOPT PACKING pc=0x000002cb6af3c1a6 sp=0x000000d7dd6fae50
Event: 59.479 Thread 0x000002cb7e3c0540 DEOPT UNPACKING pc=0x000002cb71bf2b24 sp=0x000000d7dd6fa2a8 mode 0
Event: 59.491 Thread 0x000002cb7e3c0540 DEOPT PACKING pc=0x000002cb6af3c27e sp=0x000000d7dd6face0
Event: 59.491 Thread 0x000002cb7e3c0540 DEOPT UNPACKING pc=0x000002cb71bf2b24 sp=0x000000d7dd6fa138 mode 0
Event: 60.873 Thread 0x000002cb7e3c0540 Uncommon trap: trap_request=0xffffff45 fr.pc=0x000002cb721aaa44 relative=0x00000000000001a4
Event: 60.873 Thread 0x000002cb7e3c0540 Uncommon trap: reason=unstable_if action=reinterpret pc=0x000002cb721aaa44 method=com.esotericsoftware.kryo.io.Input.require(I)I @ 65 c2
Event: 60.874 Thread 0x000002cb7e3c0540 DEOPT PACKING pc=0x000002cb721aaa44 sp=0x000000d7dd6f9d80
Event: 60.874 Thread 0x000002cb7e3c0540 DEOPT UNPACKING pc=0x000002cb71bf239d sp=0x000000d7dd6f9d30 mode 2
Event: 61.019 Thread 0x000002cb7ed480b0 DEOPT PACKING pc=0x000002cb6acf8549 sp=0x000000d7dd2fe6b0
Event: 61.019 Thread 0x000002cb7ed480b0 DEOPT UNPACKING pc=0x000002cb71bf2b24 sp=0x000000d7dd2fdbc0 mode 0
Event: 62.342 Thread 0x000002cb7e3c0540 Uncommon trap: trap_request=0xffffff45 fr.pc=0x000002cb72557518 relative=0x0000000000000098
Event: 62.342 Thread 0x000002cb7e3c0540 Uncommon trap: reason=unstable_if action=reinterpret pc=0x000002cb72557518 method=com.esotericsoftware.kryo.io.Output.writeByte(B)V @ 8 c2
Event: 62.342 Thread 0x000002cb7e3c0540 DEOPT PACKING pc=0x000002cb72557518 sp=0x000000d7dd6f8fd0
Event: 62.342 Thread 0x000002cb7e3c0540 DEOPT UNPACKING pc=0x000002cb71bf239d sp=0x000000d7dd6f8ef0 mode 2
Event: 62.373 Thread 0x000002cb7e3c0540 Uncommon trap: trap_request=0xffffffc6 fr.pc=0x000002cb722f3324 relative=0x0000000000000064
Event: 62.373 Thread 0x000002cb7e3c0540 Uncommon trap: reason=bimorphic_or_optimized_type_check action=maybe_recompile pc=0x000002cb722f3324 method=com.google.common.collect.ImmutableList.copyOf(Ljava/util/Collection;)Lcom/google/common/collect/ImmutableList; @ 16 c2
Event: 62.373 Thread 0x000002cb7e3c0540 DEOPT PACKING pc=0x000002cb722f3324 sp=0x000000d7dd6f96f0
Event: 62.373 Thread 0x000002cb7e3c0540 DEOPT UNPACKING pc=0x000002cb71bf239d sp=0x000000d7dd6f9698 mode 2

Classes unloaded (0 events):
No events

Classes redefined (0 events):
No events

Internal exceptions (20 events):
Event: 43.828 Thread 0x000002cb7e3be1d0 Exception <a 'java/lang/NoSuchMethodError'{0x00000000e72b9870}: static Lorg/gradle/internal/build/event/types/DefaultBinaryPluginIdentifier;.<clinit>()V> (0x00000000e72b9870) 
thrown [s\open\src\hotspot\share\prims\jni.cpp, line 1112]
Event: 43.841 Thread 0x000002cb7e3be1d0 Exception <a 'java/lang/NoSuchMethodError'{0x00000000e72ce5b8}: static Lorg/gradle/internal/build/event/types/DefaultScriptPluginIdentifier;.<clinit>()V> (0x00000000e72ce5b8) 
thrown [s\open\src\hotspot\share\prims\jni.cpp, line 1112]
Event: 43.887 Thread 0x000002cb7e3c0540 Exception <a 'java/lang/NoSuchMethodError'{0x00000000e7165f50}: 'void java.lang.invoke.DirectMethodHandle$Holder.invokeSpecial(java.lang.Object, java.lang.Object, java.lang.Object, java.lang.Object, java.lang.Object, java.lang.Object, java.lang.Object, java.lang.Object, java.lang.Object, java.lang.Object)'> (0x00000000e7165f50) 
thrown [s\open\src\hotspot\share\interpreter\linkResolver.cpp, line 759]
Event: 43.891 Thread 0x000002cb7e3c0540 Exception <a 'java/lang/NoSuchMethodError'{0x00000000e7171a08}: 'java.lang.Object java.lang.invoke.DirectMethodHandle$Holder.newInvokeSpecial(java.lang.Object, java.lang.Object, java.lang.Object, java.lang.Object, java.lang.Object, java.lang.Object, java.lang.Object, java.lang.Object, java.lang.Object)'> (0x00000000e7171a08) 
thrown [s\open\src\hotspot\share\interpreter\linkResolver.cpp, line 759]
Event: 43.893 Thread 0x000002cb7e3c0540 Exception <a 'java/lang/NoSuchMethodError'{0x00000000e71767f0}: 'java.lang.Object java.lang.invoke.Invokers$Holder.linkToTargetMethod(java.lang.Object, java.lang.Object, java.lang.Object, java.lang.Object, java.lang.Object, java.lang.Object, java.lang.Object, java.lang.Object, java.lang.Object)'> (0x00000000e71767f0) 
thrown [s\open\src\hotspot\share\interpreter\linkResolver.cpp, line 759]
Event: 44.003 Thread 0x000002cb7e3c0540 Exception <a 'java/lang/NoSuchMethodError'{0x00000000e71b6720}: 'int java.lang.invoke.DirectMethodHandle$Holder.invokeSpecialIFC(java.lang.Object, java.lang.Object, java.lang.Object, java.lang.Object, java.lang.Object)'> (0x00000000e71b6720) 
thrown [s\open\src\hotspot\share\interpreter\linkResolver.cpp, line 759]
Event: 46.012 Thread 0x000002cb7e3c0540 Exception <a 'java/lang/ClassNotFoundException'{0x00000000ef6aa608}: org/gradle/api/internal/plugins/NaggingBasePluginConventionBeanInfo> (0x00000000ef6aa608) 
thrown [s\open\src\hotspot\share\classfile\systemDictionary.cpp, line 256]
Event: 46.015 Thread 0x000002cb7e3c0540 Exception <a 'java/lang/ClassNotFoundException'{0x00000000ef6b87c8}: org/gradle/api/plugins/BasePluginConventionBeanInfo> (0x00000000ef6b87c8) 
thrown [s\open\src\hotspot\share\classfile\systemDictionary.cpp, line 256]
Event: 46.016 Thread 0x000002cb7e3c0540 Exception <a 'java/lang/ClassNotFoundException'{0x00000000ef6c6950}: org/gradle/api/plugins/BasePluginConventionCustomizer> (0x00000000ef6c6950) 
thrown [s\open\src\hotspot\share\classfile\systemDictionary.cpp, line 256]
Event: 46.021 Thread 0x000002cb7e3c0540 Exception <a 'java/lang/ClassNotFoundException'{0x00000000ef6df148}: org/gradle/api/internal/plugins/NaggingBasePluginConventionCustomizer> (0x00000000ef6df148) 
thrown [s\open\src\hotspot\share\classfile\systemDictionary.cpp, line 256]
Event: 46.040 Thread 0x000002cb7e3c0540 Exception <a 'java/lang/ClassNotFoundException'{0x00000000ef51f288}: org/gradle/api/plugins/internal/NaggingJavaPluginConventionBeanInfo> (0x00000000ef51f288) 
thrown [s\open\src\hotspot\share\classfile\systemDictionary.cpp, line 256]
Event: 46.041 Thread 0x000002cb7e3c0540 Exception <a 'java/lang/ClassNotFoundException'{0x00000000ef52d448}: org/gradle/api/plugins/JavaPluginConventionBeanInfo> (0x00000000ef52d448) 
thrown [s\open\src\hotspot\share\classfile\systemDictionary.cpp, line 256]
Event: 46.046 Thread 0x000002cb7e3c0540 Exception <a 'java/lang/ClassNotFoundException'{0x00000000ef53b5d0}: org/gradle/api/plugins/JavaPluginConventionCustomizer> (0x00000000ef53b5d0) 
thrown [s\open\src\hotspot\share\classfile\systemDictionary.cpp, line 256]
Event: 46.049 Thread 0x000002cb7e3c0540 Exception <a 'java/lang/ClassNotFoundException'{0x00000000ef55da68}: org/gradle/api/plugins/internal/NaggingJavaPluginConventionCustomizer> (0x00000000ef55da68) 
thrown [s\open\src\hotspot\share\classfile\systemDictionary.cpp, line 256]
Event: 50.569 Thread 0x000002cb7e3c0540 Implicit null exception at 0x000002cb72184772 to 0x000002cb72184c88
Event: 50.569 Thread 0x000002cb7e3c0540 Implicit null exception at 0x000002cb721852f2 to 0x000002cb7218581c
Event: 57.594 Thread 0x000002cb7e3c0540 Exception <a 'java/lang/NoSuchMethodError'{0x00000000e97758e0}: 'void java.lang.invoke.DirectMethodHandle$Holder.invokeVirtual(java.lang.Object, java.lang.Object, java.lang.Object, java.lang.Object)'> (0x00000000e97758e0) 
thrown [s\open\src\hotspot\share\interpreter\linkResolver.cpp, line 759]
Event: 60.346 Thread 0x000002cb7e3c0540 Exception <a 'java/lang/IncompatibleClassChangeError'{0x00000000e7f57648}: Found class java.lang.Object, but interface was expected> (0x00000000e7f57648) 
thrown [s\open\src\hotspot\share\interpreter\linkResolver.cpp, line 826]
Event: 60.349 Thread 0x000002cb7e3c0540 Exception <a 'java/lang/IncompatibleClassChangeError'{0x00000000e7f5b450}: Found class java.lang.Object, but interface was expected> (0x00000000e7f5b450) 
thrown [s\open\src\hotspot\share\interpreter\linkResolver.cpp, line 826]
Event: 61.916 Thread 0x000002cb7e3c0540 Exception <a 'java/lang/IncompatibleClassChangeError'{0x00000000e6e92d20}: Found class java.lang.Object, but interface was expected> (0x00000000e6e92d20) 
thrown [s\open\src\hotspot\share\interpreter\linkResolver.cpp, line 826]

VM Operations (20 events):
Event: 55.683 Executing VM operation: Cleanup
Event: 55.711 Executing VM operation: Cleanup done
Event: 56.715 Executing VM operation: Cleanup
Event: 56.715 Executing VM operation: Cleanup done
Event: 57.723 Executing VM operation: Cleanup
Event: 57.727 Executing VM operation: Cleanup done
Event: 58.577 Executing VM operation: ICBufferFull
Event: 58.578 Executing VM operation: ICBufferFull done
Event: 59.579 Executing VM operation: Cleanup
Event: 59.583 Executing VM operation: Cleanup done
Event: 60.155 Executing VM operation: HandshakeAllThreads
Event: 60.155 Executing VM operation: HandshakeAllThreads done
Event: 60.712 Executing VM operation: HandshakeAllThreads
Event: 60.713 Executing VM operation: HandshakeAllThreads done
Event: 60.713 Executing VM operation: Cleanup
Event: 60.717 Executing VM operation: Cleanup done
Event: 61.723 Executing VM operation: Cleanup
Event: 61.723 Executing VM operation: Cleanup done
Event: 62.571 Executing VM operation: G1CollectForAllocation
Event: 62.599 Executing VM operation: G1CollectForAllocation done

Events (20 events):
Event: 47.436 Thread 0x000002cb7d933f70 Thread added: 0x000002cb7d933f70
Event: 47.463 Thread 0x000002cb7d932b30 Thread added: 0x000002cb7d932b30
Event: 47.565 Thread 0x000002cb7d933550 Thread added: 0x000002cb7d933550
Event: 47.589 Thread 0x000002cb7d934ea0 Thread added: 0x000002cb7d934ea0
Event: 47.621 Thread 0x000002cb7d934990 Thread added: 0x000002cb7d934990
Event: 47.664 Thread 0x000002cb7f20e610 Thread added: 0x000002cb7f20e610
Event: 47.696 Thread 0x000002cb7f210470 Thread added: 0x000002cb7f210470
Event: 47.765 Thread 0x000002cb7f213c20 Thread added: 0x000002cb7f213c20
Event: 47.791 Thread 0x000002cb7f214130 Thread added: 0x000002cb7f214130
Event: 47.831 Thread 0x000002cb7f212cf0 Thread added: 0x000002cb7f212cf0
Event: 47.862 Thread 0x000002cb7f213710 Thread added: 0x000002cb7f213710
Event: 47.890 Thread 0x000002cb7f210e90 Thread added: 0x000002cb7f210e90
Event: 47.954 Thread 0x000002cb7f2127e0 Thread added: 0x000002cb7f2127e0
Event: 47.985 Thread 0x000002cb7f20f030 Thread added: 0x000002cb7f20f030
Event: 50.591 Thread 0x000002cb7f20ff60 Thread added: 0x000002cb7f20ff60
Event: 60.725 Thread 0x000002cb7d720060 flushing nmethod 0x000002cb6ac48610
Event: 60.726 Thread 0x000002cb7d720060 flushing nmethod 0x000002cb6ad27590
Event: 60.729 Thread 0x000002cb7d720060 flushing nmethod 0x000002cb6afaf510
Event: 61.571 loading class sun/nio/cs/ISO_8859_1$Decoder
Event: 61.571 loading class sun/nio/cs/ISO_8859_1$Decoder done


Dynamic libraries:
0x00007ff69efb0000 - 0x00007ff69efc0000 	C:\Program Files\Java\jdk-17\bin\java.exe
0x00007fff2ad00000 - 0x00007fff2af09000 	C:\WINDOWS\SYSTEM32\ntdll.dll
0x00007fff29b00000 - 0x00007fff29bbd000 	C:\WINDOWS\System32\KERNEL32.DLL
0x00007fff287c0000 - 0x00007fff28b44000 	C:\WINDOWS\System32\KERNELBASE.dll
0x00007fff28190000 - 0x00007fff282a1000 	C:\WINDOWS\System32\ucrtbase.dll
0x00007ffef2ba0000 - 0x00007ffef2bb9000 	C:\Program Files\Java\jdk-17\bin\jli.dll
0x00007fff29fe0000 - 0x00007fff2a08e000 	C:\WINDOWS\System32\ADVAPI32.dll
0x00007fff2a240000 - 0x00007fff2a2e3000 	C:\WINDOWS\System32\msvcrt.dll
0x00007fff29260000 - 0x00007fff292fe000 	C:\WINDOWS\System32\sechost.dll
0x00007fff28bb0000 - 0x00007fff28cd1000 	C:\WINDOWS\System32\RPCRT4.dll
0x00007fff29bc0000 - 0x00007fff29d6d000 	C:\WINDOWS\System32\USER32.dll
0x00007fff284c0000 - 0x00007fff284e6000 	C:\WINDOWS\System32\win32u.dll
0x00007fff2a210000 - 0x00007fff2a23a000 	C:\WINDOWS\System32\GDI32.dll
0x00007fff283a0000 - 0x00007fff284be000 	C:\WINDOWS\System32\gdi32full.dll
0x00007fff285b0000 - 0x00007fff2864d000 	C:\WINDOWS\System32\msvcp_win.dll
0x00007fff0ad10000 - 0x00007fff0afb5000 	C:\WINDOWS\WinSxS\amd64_microsoft.windows.common-controls_6595b64144ccf1df_6.0.22000.120_none_9d947278b86cc467\COMCTL32.dll
0x00007fff22140000 - 0x00007fff2214a000 	C:\WINDOWS\SYSTEM32\VERSION.dll
0x00007fff203b0000 - 0x00007fff203cb000 	C:\Program Files\Java\jdk-17\bin\VCRUNTIME140.dll
0x00007fff293a0000 - 0x00007fff293d1000 	C:\WINDOWS\System32\IMM32.DLL
0x00007fff246b0000 - 0x00007fff246bc000 	C:\Program Files\Java\jdk-17\bin\vcruntime140_1.dll
0x00007ffefaa20000 - 0x00007ffefaaae000 	C:\Program Files\Java\jdk-17\bin\msvcp140.dll
0x00007ffe965d0000 - 0x00007ffe971b0000 	C:\Program Files\Java\jdk-17\bin\server\jvm.dll
0x00007fff29690000 - 0x00007fff29698000 	C:\WINDOWS\System32\PSAPI.DLL
0x00007ffeff430000 - 0x00007ffeff439000 	C:\WINDOWS\SYSTEM32\WSOCK32.dll
0x00007fff29a90000 - 0x00007fff29aff000 	C:\WINDOWS\System32\WS2_32.dll
0x00007fff21a10000 - 0x00007fff21a43000 	C:\WINDOWS\SYSTEM32\WINMM.dll
0x00007fff27200000 - 0x00007fff27218000 	C:\WINDOWS\SYSTEM32\kernel.appcore.dll
0x00007ffef9570000 - 0x00007ffef957a000 	C:\Program Files\Java\jdk-17\bin\jimage.dll
0x00007fff25dd0000 - 0x00007fff25ff1000 	C:\WINDOWS\SYSTEM32\DBGHELP.DLL
0x00007fff1fff0000 - 0x00007fff20021000 	C:\WINDOWS\SYSTEM32\dbgcore.DLL
0x00007fff282b0000 - 0x00007fff2832f000 	C:\WINDOWS\System32\bcryptPrimitives.dll
0x00007fff11490000 - 0x00007fff1149e000 	C:\Program Files\Java\jdk-17\bin\instrument.dll
0x00007ffee4c50000 - 0x00007ffee4c75000 	C:\Program Files\Java\jdk-17\bin\java.dll
0x00007ffee1bd0000 - 0x00007ffee1ca7000 	C:\Program Files\Java\jdk-17\bin\jsvml.dll
0x00007fff2a300000 - 0x00007fff2aac5000 	C:\WINDOWS\System32\SHELL32.dll
0x00007fff26260000 - 0x00007fff26ac2000 	C:\WINDOWS\SYSTEM32\windows.storage.dll
0x00007fff29710000 - 0x00007fff29a86000 	C:\WINDOWS\System32\combase.dll
0x00007fff260f0000 - 0x00007fff26257000 	C:\WINDOWS\SYSTEM32\wintypes.dll
0x00007fff2abd0000 - 0x00007fff2acba000 	C:\WINDOWS\System32\SHCORE.dll
0x00007fff28b50000 - 0x00007fff28bad000 	C:\WINDOWS\System32\shlwapi.dll
0x00007fff280c0000 - 0x00007fff280e5000 	C:\WINDOWS\SYSTEM32\profapi.dll
0x00007ffefa9c0000 - 0x00007ffefa9d8000 	C:\Program Files\Java\jdk-17\bin\zip.dll
0x00007ffefaa00000 - 0x00007ffefaa19000 	C:\Program Files\Java\jdk-17\bin\net.dll
0x00007fff20cb0000 - 0x00007fff20dc4000 	C:\WINDOWS\SYSTEM32\WINHTTP.dll
0x00007fff276b0000 - 0x00007fff27717000 	C:\WINDOWS\system32\mswsock.dll
0x00007ffefa9e0000 - 0x00007ffefa9f6000 	C:\Program Files\Java\jdk-17\bin\nio.dll
0x00007fff00a50000 - 0x00007fff00a60000 	C:\Program Files\Java\jdk-17\bin\verify.dll
0x00007ffefa7b0000 - 0x00007ffefa7d7000 	C:\Users\Francis\.gradle\native\c067742578af261105cb4f569cf0c3c89f3d7b1fecec35dd04571415982c5e48\windows-amd64\native-platform.dll
0x00007ffee20a0000 - 0x00007ffee21e4000 	C:\Users\Francis\.gradle\native\38dada09dfb8b06ba9b0570ebf7e218e3eb74d4ef43ca46872605cf95ebc2f47\windows-amd64\native-platform-file-events.dll
0x00007ffef2bc0000 - 0x00007ffef2bca000 	C:\Program Files\Java\jdk-17\bin\management.dll
0x00007ffef2a70000 - 0x00007ffef2a7b000 	C:\Program Files\Java\jdk-17\bin\management_ext.dll
0x00007fff27900000 - 0x00007fff27918000 	C:\WINDOWS\SYSTEM32\CRYPTSP.dll
0x00007fff27160000 - 0x00007fff27195000 	C:\WINDOWS\system32\rsaenh.dll
0x00007fff277a0000 - 0x00007fff277cc000 	C:\WINDOWS\SYSTEM32\USERENV.dll
0x00007fff27a70000 - 0x00007fff27a97000 	C:\WINDOWS\SYSTEM32\bcrypt.dll
0x00007fff278f0000 - 0x00007fff278fc000 	C:\WINDOWS\SYSTEM32\CRYPTBASE.dll
0x00007fff26d20000 - 0x00007fff26d4d000 	C:\WINDOWS\SYSTEM32\IPHLPAPI.DLL
0x00007fff29250000 - 0x00007fff29259000 	C:\WINDOWS\System32\NSI.dll
0x00007fff20c90000 - 0x00007fff20ca9000 	C:\WINDOWS\SYSTEM32\dhcpcsvc6.DLL
0x00007fff221b0000 - 0x00007fff221ce000 	C:\WINDOWS\SYSTEM32\dhcpcsvc.DLL
0x00007fff26d50000 - 0x00007fff26e37000 	C:\WINDOWS\SYSTEM32\DNSAPI.dll
0x00007fff0d000000 - 0x00007fff0d00e000 	C:\Program Files\Java\jdk-17\bin\sunmscapi.dll
0x00007fff28650000 - 0x00007fff287b2000 	C:\WINDOWS\System32\CRYPT32.dll
0x00007fff27a40000 - 0x00007fff27a68000 	C:\WINDOWS\SYSTEM32\ncrypt.dll
0x00007fff27a00000 - 0x00007fff27a37000 	C:\WINDOWS\SYSTEM32\NTASN1.dll
0x00007ffece020000 - 0x00007ffece028000 	C:\WINDOWS\system32\wshunix.dll

dbghelp: loaded successfully - version: 4.0.5 - missing functions: none
symbol engine: initialized successfully - sym options: 0x614 - pdb path: .;C:\Program Files\Java\jdk-17\bin;C:\WINDOWS\SYSTEM32;C:\WINDOWS\WinSxS\amd64_microsoft.windows.common-controls_6595b64144ccf1df_6.0.22000.120_none_9d947278b86cc467;C:\Program Files\Java\jdk-17\bin\server;C:\Users\Francis\.gradle\native\c067742578af261105cb4f569cf0c3c89f3d7b1fecec35dd04571415982c5e48\windows-amd64;C:\Users\Francis\.gradle\native\38dada09dfb8b06ba9b0570ebf7e218e3eb74d4ef43ca46872605cf95ebc2f47\windows-amd64

VM Arguments:
jvm_args: --add-opens=java.base/java.util=ALL-UNNAMED --add-opens=java.base/java.lang=ALL-UNNAMED --add-opens=java.base/java.lang.invoke=ALL-UNNAMED --add-opens=java.prefs/java.util.prefs=ALL-UNNAMED --add-opens=java.base/java.nio.charset=ALL-UNNAMED --add-opens=java.base/java.net=ALL-UNNAMED --add-opens=java.base/java.util.concurrent.atomic=ALL-UNNAMED -XX:MaxMetaspaceSize=384m -XX:+HeapDumpOnOutOfMemoryError -Xms256m -Xmx512m -Dfile.encoding=windows-1252 -Duser.country=US -Duser.language=en -Duser.variant -javaagent:C:\Users\Francis\.gradle\wrapper\dists\gradle-8.7-bin\bhs2wmbdwecv87pi65oeuq5iu\gradle-8.7\lib\agents\gradle-instrumentation-agent-8.7.jar 
java_command: org.gradle.launcher.daemon.bootstrap.GradleDaemon 8.7
java_class_path (initial): C:\Users\Francis\.gradle\wrapper\dists\gradle-8.7-bin\bhs2wmbdwecv87pi65oeuq5iu\gradle-8.7\lib\gradle-launcher-8.7.jar
Launcher Type: SUN_STANDARD

[Global flags]
     intx CICompilerCount                          = 3                                         {product} {ergonomic}
   size_t CompressedClassSpaceSize                 = 335544320                                 {product} {ergonomic}
     uint ConcGCThreads                            = 1                                         {product} {ergonomic}
     uint G1ConcRefinementThreads                  = 4                                         {product} {ergonomic}
   size_t G1HeapRegionSize                         = 1048576                                   {product} {ergonomic}
    uintx GCDrainStackTargetSize                   = 64                                        {product} {ergonomic}
     bool HeapDumpOnOutOfMemoryError               = true                                   {manageable} {command line}
   size_t InitialHeapSize                          = 268435456                                 {product} {command line}
   size_t MarkStackSize                            = 4194304                                   {product} {ergonomic}
   size_t MaxHeapSize                              = 536870912                                 {product} {command line}
   size_t MaxMetaspaceSize                         = 402653184                                 {product} {command line}
   size_t MaxNewSize                               = 321912832                                 {product} {ergonomic}
   size_t MinHeapDeltaBytes                        = 1048576                                   {product} {ergonomic}
   size_t MinHeapSize                              = 268435456                                 {product} {command line}
    uintx NonNMethodCodeHeapSize                   = 5832780                                {pd product} {ergonomic}
    uintx NonProfiledCodeHeapSize                  = 122912730                              {pd product} {ergonomic}
    uintx ProfiledCodeHeapSize                     = 122912730                              {pd product} {ergonomic}
    uintx ReservedCodeCacheSize                    = 251658240                              {pd product} {ergonomic}
     bool SegmentedCodeCache                       = true                                      {product} {ergonomic}
   size_t SoftMaxHeapSize                          = 536870912                              {manageable} {ergonomic}
     bool UseCompressedClassPointers               = true                           {product lp64_product} {ergonomic}
     bool UseCompressedOops                        = true                           {product lp64_product} {ergonomic}
     bool UseG1GC                                  = true                                      {product} {ergonomic}
     bool UseLargePagesIndividualAllocation        = false                                  {pd product} {ergonomic}

Logging:
Log output configuration:
 #0: stdout all=warning uptime,level,tags
 #1: stderr all=off uptime,level,tags

Environment Variables:
PATH=C:\Program Files\Common Files\Oracle\Java\javapath;C:\WINDOWS\system32;C:\WINDOWS;C:\WINDOWS\System32\Wbem;C:\WINDOWS\System32\WindowsPowerShell\v1.0\;C:\WINDOWS\System32\OpenSSH\;C:\Program Files\HP\HP One Agent;C:\Program Files\Git\cmd;C:\Program Files\nodejs\;C:\ProgramData\chocolatey\bin;C:\Program Files\Go\bin;C:\Users\Francis\AppData\Local\Programs\Python\Launcher\;C:\Users\Francis\AppData\Local\Microsoft\WindowsApps;C:\Users\Francis\AppData\Local\Programs\Microsoft VS Code\bin;C:\Users\Francis\AppData\Roaming\npm;C:\Users\Francis\go\bin;C:\tools\dart-sdk\bin;C:\Users\Francis\AppData\Local\Pub\Cache\bin;C:\Users\Francis\.bun\bin;C:\src\dart-sass;C:\src\apache-maven-3.9.6\bin;C:\Gradle\gradle-8.7\bin;C:\src\sqlite;C:\src\flutter\bin;
USERNAME=Francis
OS=Windows_NT
PROCESSOR_IDENTIFIER=Intel64 Family 6 Model 122 Stepping 8, GenuineIntel



---------------  S Y S T E M  ---------------

OS:
 Windows 11 , 64 bit Build 22000 (10.0.22000.2538)
OS uptime: 0 days 18:00 hours

CPU: total 4 (initial active 4) (4 cores per cpu, 1 threads per core) family 6 model 122 stepping 8 microcode 0x20, cx8, cmov, fxsr, mmx, 3dnowpref, sse, sse2, sse3, ssse3, sse4.1, sse4.2, popcnt, tsc, tscinvbit, aes, erms, clmul, sha, clflush, clflushopt

Memory: 4k page, system-wide physical 3907M (260M free)
TotalPageFile size 11846M (AvailPageFile size 8M)
current process WorkingSet (physical memory assigned to process): 364M, peak: 368M
current process commit charge ("private bytes"): 474M, peak: 478M

vm_info: Java HotSpot(TM) 64-Bit Server VM (17.0.11+7-LTS-207) for windows-amd64 JRE (17.0.11+7-LTS-207), built on Mar 11 2024 19:01:50 by "mach5one" with MS VC++ 17.6 (VS2022)

END.
