#
# There is insufficient memory for the Java Runtime Environment to continue.
# Native memory allocation (malloc) failed to allocate 1275136 bytes for Chunk::new
# Possible reasons:
#   The system is out of physical RAM or swap space
#   The process is running with CompressedOops enabled, and the Java Heap may be blocking the growth of the native heap
# Possible solutions:
#   Reduce memory load on the system
#   Increase physical memory or swap space
#   Check if swap backing store is full
#   Decrease Java heap size (-Xmx/-Xms)
#   Decrease number of Java threads
#   Decrease Java thread stack sizes (-Xss)
#   Set larger code cache with -XX:ReservedCodeCacheSize=
#   JVM is running with Unscaled Compressed Oops mode in which the Java heap is
#     placed in the first 4GB address space. The Java Heap base address is the
#     maximum limit for the native heap growth. Please use -XX:HeapBaseMinAddress
#     to set the Java Heap base and to place the Java Heap above 4GB virtual address.
# This output file may be truncated or incomplete.
#
#  Out of Memory Error (arena.cpp:189), pid=3868, tid=12664
#
# JRE version: Java(TM) SE Runtime Environment (17.0.11+7) (build 17.0.11+7-LTS-207)
# Java VM: Java HotSpot(TM) 64-Bit Server VM (17.0.11+7-LTS-207, mixed mode, sharing, tiered, compressed oops, compressed class ptrs, g1 gc, windows-amd64)
# No core dump will be written. Minidumps are not enabled by default on client versions of Windows
#

---------------  S U M M A R Y ------------

Command Line: --add-opens=java.base/java.util=ALL-UNNAMED --add-opens=java.base/java.lang=ALL-UNNAMED --add-opens=java.base/java.lang.invoke=ALL-UNNAMED --add-opens=java.prefs/java.util.prefs=ALL-UNNAMED --add-opens=java.base/java.nio.charset=ALL-UNNAMED --add-opens=java.base/java.net=ALL-UNNAMED --add-opens=java.base/java.util.concurrent.atomic=ALL-UNNAMED -XX:MaxMetaspaceSize=384m -XX:+HeapDumpOnOutOfMemoryError -Xms256m -Xmx512m -Dfile.encoding=windows-1252 -Duser.country=US -Duser.language=en -Duser.variant -javaagent:C:\Users\Francis\.gradle\wrapper\dists\gradle-8.7-bin\bhs2wmbdwecv87pi65oeuq5iu\gradle-8.7\lib\agents\gradle-instrumentation-agent-8.7.jar org.gradle.launcher.daemon.bootstrap.GradleDaemon 8.7

Host: Intel(R) Pentium(R) Silver N5030 CPU @ 1.10GHz, 4 cores, 3G,  Windows 11 , 64 bit Build 22000 (10.0.22000.2538)
Time: Mon Jun 10 10:21:34 2024 South Africa Standard Time elapsed time: 5526.281952 seconds (0d 1h 32m 6s)

---------------  T H R E A D  ---------------

Current thread (0x000001c14ecab7b0):  JavaThread "C2 CompilerThread0" daemon [_thread_in_native, id=12664, stack(0x0000000101300000,0x0000000101400000)]


Current CompileTask:
C2:5526282 14885   !   4       io.spring.gradle.dependencymanagement.org.apache.maven.model.Model::clone (502 bytes)

Stack: [0x0000000101300000,0x0000000101400000]
Native frames: (J=compiled Java code, j=interpreted, Vv=VM code, C=native code)
V  [jvm.dll+0x679cca]
V  [jvm.dll+0x7da13d]
V  [jvm.dll+0x7dba83]
V  [jvm.dll+0x7dc0f3]
V  [jvm.dll+0x2449af]
V  [jvm.dll+0xab83b]
V  [jvm.dll+0xabe1c]
V  [jvm.dll+0x2a9e6f]
V  [jvm.dll+0x5818d9]
V  [jvm.dll+0x21ed62]
V  [jvm.dll+0x217bd7]
V  [jvm.dll+0x215505]
V  [jvm.dll+0x1a2040]
V  [jvm.dll+0x225a2b]
V  [jvm.dll+0x223bcb]
V  [jvm.dll+0x7903ec]
V  [jvm.dll+0x78a85a]
V  [jvm.dll+0x678bb5]
C  [ucrtbase.dll+0x26c0c]
C  [KERNEL32.DLL+0x153e0]
C  [ntdll.dll+0x485b]


---------------  P R O C E S S  ---------------

Threads class SMR info:
_java_thread_list=0x000001c16c54f800, length=78, elements={
0x000001c134c12170, 0x000001c14ec88110, 0x000001c14ec895a0, 0x000001c14eca27b0,
0x000001c14eca4180, 0x000001c14eca4b40, 0x000001c14eca7510, 0x000001c14ecab7b0,
0x000001c14ecb4670, 0x000001c14ecca7a0, 0x000001c14ec720c0, 0x000001c16819b660,
0x000001c1698d8200, 0x000001c168603f20, 0x000001c1698d5880, 0x000001c169e258e0,
0x000001c169e21200, 0x000001c169e23a80, 0x000001c169e21710, 0x000001c169e23570,
0x000001c169e1fdc0, 0x000001c169e249b0, 0x000001c168e4e260, 0x000001c168e4ec80,
0x000001c168e4c910, 0x000001c168e4d840, 0x000001c168feee80, 0x000001c168ff1c10,
0x000001c168fecb10, 0x000001c168fefdb0, 0x000001c168fef390, 0x000001c168ff3a70,
0x000001c168fed530, 0x000001c168fef8a0, 0x000001c168ff02c0, 0x000001c168ff1700,
0x000001c168ff07d0, 0x000001c168ff0ce0, 0x000001c168ff2630, 0x000001c168ff11f0,
0x000001c168ff2b40, 0x000001c168ff3f80, 0x000001c168feda40, 0x000001c168fed020,
0x000001c16c3a5670, 0x000001c16c3a4740, 0x000001c16c3a3d20, 0x000001c16c3a6ab0,
0x000001c16c3a5160, 0x000001c16c3a3810, 0x000001c16c3a4c50, 0x000001c16c3a5b80,
0x000001c16c3a6090, 0x000001c16c3a65a0, 0x000001c16c3a3300, 0x000001c168e4bef0,
0x000001c168e4d330, 0x000001c168e4e770, 0x000001c168e4c400, 0x000001c168e4f6a0,
0x000001c168e4ce20, 0x000001c168e4dd50, 0x000001c169e22b50, 0x000001c169e26d20,
0x000001c169e23f90, 0x000001c169e20cf0, 0x000001c169532060, 0x000001c169531b50,
0x000001c169531640, 0x000001c169532570, 0x000001c16c383310, 0x000001c16c388e30,
0x000001c16c384750, 0x000001c16c38a270, 0x000001c16c3860a0, 0x000001c16c385170,
0x000001c16c38a780, 0x000001c16c387f00
}

Java Threads: ( => current thread )
  0x000001c134c12170 JavaThread "main" [_thread_blocked, id=7684, stack(0x0000000100600000,0x0000000100700000)]
  0x000001c14ec88110 JavaThread "Reference Handler" daemon [_thread_blocked, id=11260, stack(0x0000000100d00000,0x0000000100e00000)]
  0x000001c14ec895a0 JavaThread "Finalizer" daemon [_thread_blocked, id=15232, stack(0x0000000100e00000,0x0000000100f00000)]
  0x000001c14eca27b0 JavaThread "Signal Dispatcher" daemon [_thread_blocked, id=7668, stack(0x0000000100f00000,0x0000000101000000)]
  0x000001c14eca4180 JavaThread "Attach Listener" daemon [_thread_blocked, id=3612, stack(0x0000000101000000,0x0000000101100000)]
  0x000001c14eca4b40 JavaThread "Service Thread" daemon [_thread_blocked, id=9388, stack(0x0000000101100000,0x0000000101200000)]
  0x000001c14eca7510 JavaThread "Monitor Deflation Thread" daemon [_thread_blocked, id=5092, stack(0x0000000101200000,0x0000000101300000)]
=>0x000001c14ecab7b0 JavaThread "C2 CompilerThread0" daemon [_thread_in_native, id=12664, stack(0x0000000101300000,0x0000000101400000)]
  0x000001c14ecb4670 JavaThread "C1 CompilerThread0" daemon [_thread_blocked, id=13576, stack(0x0000000101400000,0x0000000101500000)]
  0x000001c14ecca7a0 JavaThread "Sweeper thread" daemon [_thread_blocked, id=10440, stack(0x0000000101500000,0x0000000101600000)]
  0x000001c14ec720c0 JavaThread "Common-Cleaner" daemon [_thread_blocked, id=7096, stack(0x0000000101600000,0x0000000101700000)]
  0x000001c16819b660 JavaThread "Notification Thread" daemon [_thread_blocked, id=4976, stack(0x0000000101700000,0x0000000101800000)]
  0x000001c1698d8200 JavaThread "Daemon health stats" [_thread_blocked, id=8212, stack(0x0000000101c00000,0x0000000101d00000)]
  0x000001c168603f20 JavaThread "Incoming local TCP Connector on port 58569" [_thread_in_native, id=4684, stack(0x0000000101d00000,0x0000000101e00000)]
  0x000001c1698d5880 JavaThread "Daemon periodic checks" [_thread_blocked, id=9836, stack(0x0000000101e00000,0x0000000101f00000)]
  0x000001c169e258e0 JavaThread "Cache worker for journal cache (C:\Users\Francis\.gradle\caches\journal-1)" [_thread_in_native, id=1032, stack(0x0000000102600000,0x0000000102700000)]
  0x000001c169e21200 JavaThread "File lock request listener" [_thread_in_native, id=8592, stack(0x0000000102700000,0x0000000102800000)]
  0x000001c169e23a80 JavaThread "Cache worker for file hash cache (C:\Users\Francis\.gradle\caches\8.7\fileHashes)" [_thread_blocked, id=1532, stack(0x0000000102800000,0x0000000102900000)]
  0x000001c169e21710 JavaThread "File watcher server" daemon [_thread_in_native, id=6208, stack(0x0000000102a00000,0x0000000102b00000)]
  0x000001c169e23570 JavaThread "File watcher consumer" daemon [_thread_blocked, id=10668, stack(0x0000000102b00000,0x0000000102c00000)]
  0x000001c169e1fdc0 JavaThread "Cache worker for file content cache (C:\Users\Francis\.gradle\caches\8.7\fileContent)" [_thread_blocked, id=6420, stack(0x0000000102f00000,0x0000000103000000)]
  0x000001c169e249b0 JavaThread "jar transforms" [_thread_blocked, id=8672, stack(0x0000000103000000,0x0000000103100000)]
  0x000001c168e4e260 JavaThread "jar transforms Thread 2" [_thread_blocked, id=12972, stack(0x0000000103200000,0x0000000103300000)]
  0x000001c168e4ec80 JavaThread "jar transforms Thread 3" [_thread_blocked, id=9308, stack(0x0000000103300000,0x0000000103400000)]
  0x000001c168e4c910 JavaThread "jar transforms Thread 4" [_thread_blocked, id=9732, stack(0x0000000103400000,0x0000000103500000)]
  0x000001c168e4d840 JavaThread "Memory manager" [_thread_blocked, id=8952, stack(0x0000000103c00000,0x0000000103d00000)]
  0x000001c168feee80 JavaThread "Daemon Thread 3" [_thread_blocked, id=7292, stack(0x0000000100100000,0x0000000100200000)]
  0x000001c168ff1c10 JavaThread "Handler for socket connection from /127.0.0.1:58569 to /127.0.0.1:53015" [_thread_in_native, id=13692, stack(0x0000000100400000,0x0000000100500000)]
  0x000001c168fecb10 JavaThread "Cancel handler" [_thread_blocked, id=16628, stack(0x0000000100500000,0x0000000100600000)]
  0x000001c168fefdb0 JavaThread "Daemon worker Thread 3" [_thread_blocked, id=11404, stack(0x0000000101f00000,0x0000000102000000)]
  0x000001c168fef390 JavaThread "Asynchronous log dispatcher for DefaultDaemonConnection: socket connection from /127.0.0.1:58569 to /127.0.0.1:53015" [_thread_blocked, id=14228, stack(0x0000000102000000,0x0000000102100000)]
  0x000001c168ff3a70 JavaThread "Stdin handler" [_thread_blocked, id=17220, stack(0x0000000102100000,0x0000000102200000)]
  0x000001c168fed530 JavaThread "Daemon client event forwarder" [_thread_blocked, id=7592, stack(0x0000000102200000,0x0000000102300000)]
  0x000001c168fef8a0 JavaThread "Cache worker for file hash cache (C:\Users\Francis\Code_Lab\BookRestFulApi-Spring\.gradle\8.7\fileHashes)" [_thread_blocked, id=17188, stack(0x0000000102300000,0x0000000102400000)]
  0x000001c168ff02c0 JavaThread "Cache worker for checksums cache (C:\Users\Francis\Code_Lab\BookRestFulApi-Spring\.gradle\8.7\checksums)" [_thread_blocked, id=11504, stack(0x0000000102400000,0x0000000102500000)]
  0x000001c168ff1700 JavaThread "Cache worker for cache directory md-supplier (C:\Users\Francis\.gradle\caches\8.7\md-supplier)" [_thread_blocked, id=15400, stack(0x0000000102500000,0x0000000102600000)]
  0x000001c168ff07d0 JavaThread "Cache worker for cache directory md-rule (C:\Users\Francis\.gradle\caches\8.7\md-rule)" [_thread_blocked, id=17744, stack(0x0000000102900000,0x0000000102a00000)]
  0x000001c168ff0ce0 JavaThread "Cache worker for Build Output Cleanup Cache (C:\Users\Francis\Code_Lab\BookRestFulApi-Spring\.gradle\buildOutputCleanup)" [_thread_blocked, id=9096, stack(0x0000000102c00000,0x0000000102d00000)]
  0x000001c168ff2630 JavaThread "Unconstrained build operations" [_thread_blocked, id=18200, stack(0x0000000102d00000,0x0000000102e00000)]
  0x000001c168ff11f0 JavaThread "Unconstrained build operations Thread 2" [_thread_blocked, id=11076, stack(0x0000000102e00000,0x0000000102f00000)]
  0x000001c168ff2b40 JavaThread "Unconstrained build operations Thread 3" [_thread_blocked, id=14984, stack(0x0000000103100000,0x0000000103200000)]
  0x000001c168ff3f80 JavaThread "Unconstrained build operations Thread 4" [_thread_blocked, id=6856, stack(0x0000000103500000,0x0000000103600000)]
  0x000001c168feda40 JavaThread "Unconstrained build operations Thread 5" [_thread_blocked, id=6188, stack(0x0000000103600000,0x0000000103700000)]
  0x000001c168fed020 JavaThread "Unconstrained build operations Thread 6" [_thread_blocked, id=10804, stack(0x0000000103700000,0x0000000103800000)]
  0x000001c16c3a5670 JavaThread "Unconstrained build operations Thread 7" [_thread_blocked, id=11060, stack(0x0000000103800000,0x0000000103900000)]
  0x000001c16c3a4740 JavaThread "Unconstrained build operations Thread 8" [_thread_blocked, id=13580, stack(0x0000000103900000,0x0000000103a00000)]
  0x000001c16c3a3d20 JavaThread "Unconstrained build operations Thread 9" [_thread_blocked, id=7636, stack(0x0000000103a00000,0x0000000103b00000)]
  0x000001c16c3a6ab0 JavaThread "Unconstrained build operations Thread 10" [_thread_blocked, id=7384, stack(0x0000000103b00000,0x0000000103c00000)]
  0x000001c16c3a5160 JavaThread "Unconstrained build operations Thread 11" [_thread_blocked, id=11080, stack(0x0000000103f00000,0x0000000104000000)]
  0x000001c16c3a3810 JavaThread "Unconstrained build operations Thread 12" [_thread_blocked, id=11000, stack(0x0000000104000000,0x0000000104100000)]
  0x000001c16c3a4c50 JavaThread "Unconstrained build operations Thread 13" [_thread_blocked, id=18372, stack(0x0000000104100000,0x0000000104200000)]
  0x000001c16c3a5b80 JavaThread "Unconstrained build operations Thread 14" [_thread_blocked, id=1028, stack(0x0000000104200000,0x0000000104300000)]
  0x000001c16c3a6090 JavaThread "Unconstrained build operations Thread 15" [_thread_blocked, id=15348, stack(0x0000000104300000,0x0000000104400000)]
  0x000001c16c3a65a0 JavaThread "Unconstrained build operations Thread 16" [_thread_blocked, id=15448, stack(0x0000000104400000,0x0000000104500000)]
  0x000001c16c3a3300 JavaThread "Unconstrained build operations Thread 17" [_thread_blocked, id=11084, stack(0x0000000104500000,0x0000000104600000)]
  0x000001c168e4bef0 JavaThread "Unconstrained build operations Thread 18" [_thread_blocked, id=400, stack(0x0000000104600000,0x0000000104700000)]
  0x000001c168e4d330 JavaThread "Unconstrained build operations Thread 19" [_thread_blocked, id=7256, stack(0x0000000104700000,0x0000000104800000)]
  0x000001c168e4e770 JavaThread "Unconstrained build operations Thread 20" [_thread_blocked, id=11364, stack(0x0000000104800000,0x0000000104900000)]
  0x000001c168e4c400 JavaThread "Unconstrained build operations Thread 21" [_thread_blocked, id=17616, stack(0x0000000104900000,0x0000000104a00000)]
  0x000001c168e4f6a0 JavaThread "Unconstrained build operations Thread 22" [_thread_blocked, id=17488, stack(0x0000000104a00000,0x0000000104b00000)]
  0x000001c168e4ce20 JavaThread "Unconstrained build operations Thread 23" [_thread_blocked, id=18104, stack(0x0000000104b00000,0x0000000104c00000)]
  0x000001c168e4dd50 JavaThread "Unconstrained build operations Thread 24" [_thread_blocked, id=3208, stack(0x0000000104c00000,0x0000000104d00000)]
  0x000001c169e22b50 JavaThread "Unconstrained build operations Thread 25" [_thread_blocked, id=11032, stack(0x0000000104d00000,0x0000000104e00000)]
  0x000001c169e26d20 JavaThread "Unconstrained build operations Thread 26" [_thread_blocked, id=18072, stack(0x0000000104e00000,0x0000000104f00000)]
  0x000001c169e23f90 JavaThread "Unconstrained build operations Thread 27" [_thread_blocked, id=4424, stack(0x0000000104f00000,0x0000000105000000)]
  0x000001c169e20cf0 JavaThread "Unconstrained build operations Thread 28" [_thread_blocked, id=9468, stack(0x0000000105000000,0x0000000105100000)]
  0x000001c169532060 JavaThread "Unconstrained build operations Thread 29" [_thread_blocked, id=14344, stack(0x0000000105100000,0x0000000105200000)]
  0x000001c169531b50 JavaThread "Unconstrained build operations Thread 30" [_thread_in_vm, id=17412, stack(0x0000000105200000,0x0000000105300000)]
  0x000001c169531640 JavaThread "Unconstrained build operations Thread 31" [_thread_blocked, id=17064, stack(0x0000000105300000,0x0000000105400000)]
  0x000001c169532570 JavaThread "Unconstrained build operations Thread 32" [_thread_in_vm, id=9316, stack(0x0000000105400000,0x0000000105500000)]
  0x000001c16c383310 JavaThread "Unconstrained build operations Thread 33" [_thread_blocked, id=11788, stack(0x0000000105500000,0x0000000105600000)]
  0x000001c16c388e30 JavaThread "Unconstrained build operations Thread 34" [_thread_blocked, id=4864, stack(0x0000000105600000,0x0000000105700000)]
  0x000001c16c384750 JavaThread "Unconstrained build operations Thread 35" [_thread_blocked, id=17380, stack(0x0000000105700000,0x0000000105800000)]
  0x000001c16c38a270 JavaThread "Unconstrained build operations Thread 36" [_thread_blocked, id=17884, stack(0x0000000105800000,0x0000000105900000)]
  0x000001c16c3860a0 JavaThread "Unconstrained build operations Thread 37" [_thread_blocked, id=14796, stack(0x0000000105900000,0x0000000105a00000)]
  0x000001c16c385170 JavaThread "Unconstrained build operations Thread 38" [_thread_blocked, id=17564, stack(0x0000000105a00000,0x0000000105b00000)]
  0x000001c16c38a780 JavaThread "Unconstrained build operations Thread 39" [_thread_blocked, id=10908, stack(0x0000000105b00000,0x0000000105c00000)]
  0x000001c16c387f00 JavaThread "Unconstrained build operations Thread 40" [_thread_blocked, id=7464, stack(0x0000000105c00000,0x0000000105d00000)]

Other Threads:
  0x000001c14ec810f0 VMThread "VM Thread" [stack: 0x0000000100c00000,0x0000000100d00000] [id=7828]
  0x000001c16819bb40 WatcherThread [stack: 0x0000000101800000,0x0000000101900000] [id=5744]
  0x000001c134c3eaf0 GCTaskThread "GC Thread#0" [stack: 0x0000000100700000,0x0000000100800000] [id=2316]
  0x000001c1685547a0 GCTaskThread "GC Thread#1" [stack: 0x0000000101900000,0x0000000101a00000] [id=4044]
  0x000001c16837d610 GCTaskThread "GC Thread#2" [stack: 0x0000000101a00000,0x0000000101b00000] [id=3404]
  0x000001c16837d8d0 GCTaskThread "GC Thread#3" [stack: 0x0000000101b00000,0x0000000101c00000] [id=4404]
  0x000001c134c43a40 ConcurrentGCThread "G1 Main Marker" [stack: 0x0000000100800000,0x0000000100900000] [id=700]
  0x000001c134c44bf0 ConcurrentGCThread "G1 Conc#0" [stack: 0x0000000100900000,0x0000000100a00000] [id=2916]
  0x000001c134cee7a0 ConcurrentGCThread "G1 Refine#0" [stack: 0x0000000100a00000,0x0000000100b00000] [id=2868]
  0x000001c16a89f420 ConcurrentGCThread "G1 Refine#1" [stack: 0x0000000103d00000,0x0000000103e00000] [id=14872]
  0x000001c16a89f710 ConcurrentGCThread "G1 Refine#2" [stack: 0x0000000103e00000,0x0000000103f00000] [id=5896]
  0x000001c14eb44710 ConcurrentGCThread "G1 Service" [stack: 0x0000000100b00000,0x0000000100c00000] [id=5116]

Threads with active compile tasks:
C2 CompilerThread0  5526379 14885   !   4       io.spring.gradle.dependencymanagement.org.apache.maven.model.Model::clone (502 bytes)

VM state: not at safepoint (normal execution)

VM Mutex/Monitor currently owned by a thread: None

Heap address: 0x00000000e0000000, size: 512 MB, Compressed Oops mode: 32-bit

CDS archive(s) mapped at: [0x000001c14f000000-0x000001c14fbd0000-0x000001c14fbd0000), size 12386304, SharedBaseAddress: 0x000001c14f000000, ArchiveRelocationMode: 1.
Compressed class space mapped at: 0x000001c150000000-0x000001c164000000, reserved size: 335544320
Narrow klass base: 0x000001c14f000000, Narrow klass shift: 0, Narrow klass range: 0x100000000

GC Precious Log:
 CPUs: 4 total, 4 available
 Memory: 3907M
 Large Page Support: Disabled
 NUMA Support: Disabled
 Compressed Oops: Enabled (32-bit)
 Heap Region Size: 1M
 Heap Min Capacity: 256M
 Heap Initial Capacity: 256M
 Heap Max Capacity: 512M
 Pre-touch: Disabled
 Parallel Workers: 4
 Concurrent Workers: 1
 Concurrent Refinement Workers: 4
 Periodic GC: Disabled

Heap:
 garbage-first heap   total 262144K, used 173031K [0x00000000e0000000, 0x0000000100000000)
  region size 1024K, 100 young (102400K), 2 survivors (2048K)
 Metaspace       used 59723K, committed 60480K, reserved 393216K
  class space    used 8042K, committed 8448K, reserved 327680K

Heap Regions: E=young(eden), S=young(survivor), O=old, HS=humongous(starts), HC=humongous(continues), CS=collection set, F=free, OA=open archive, CA=closed archive, TAMS=top-at-mark-start (previous, next)
|   0|0x00000000e0000000, 0x00000000e0100000, 0x00000000e0100000|100%| O|  |TAMS 0x00000000e0100000, 0x00000000e0000000| Untracked 
|   1|0x00000000e0100000, 0x00000000e0200000, 0x00000000e0200000|100%| O|  |TAMS 0x00000000e0200000, 0x00000000e0100000| Untracked 
|   2|0x00000000e0200000, 0x00000000e0300000, 0x00000000e0300000|100%|HS|  |TAMS 0x00000000e0300000, 0x00000000e0200000| Complete 
|   3|0x00000000e0300000, 0x00000000e0400000, 0x00000000e0400000|100%|HC|  |TAMS 0x00000000e0400000, 0x00000000e0300000| Complete 
|   4|0x00000000e0400000, 0x00000000e0500000, 0x00000000e0500000|100%|HC|  |TAMS 0x00000000e0500000, 0x00000000e0400000| Complete 
|   5|0x00000000e0500000, 0x00000000e0600000, 0x00000000e0600000|100%|HC|  |TAMS 0x00000000e0600000, 0x00000000e0500000| Complete 
|   6|0x00000000e0600000, 0x00000000e0700000, 0x00000000e0700000|100%| O|  |TAMS 0x00000000e0700000, 0x00000000e0600000| Untracked 
|   7|0x00000000e0700000, 0x00000000e0800000, 0x00000000e0800000|100%| O|  |TAMS 0x00000000e0800000, 0x00000000e0700000| Untracked 
|   8|0x00000000e0800000, 0x00000000e0900000, 0x00000000e0900000|100%| O|  |TAMS 0x00000000e0900000, 0x00000000e0800000| Untracked 
|   9|0x00000000e0900000, 0x00000000e0a00000, 0x00000000e0a00000|100%| O|  |TAMS 0x00000000e0a00000, 0x00000000e0900000| Untracked 
|  10|0x00000000e0a00000, 0x00000000e0b00000, 0x00000000e0b00000|100%| O|  |TAMS 0x00000000e0b00000, 0x00000000e0a00000| Untracked 
|  11|0x00000000e0b00000, 0x00000000e0c00000, 0x00000000e0c00000|100%| O|  |TAMS 0x00000000e0c00000, 0x00000000e0b00000| Untracked 
|  12|0x00000000e0c00000, 0x00000000e0d00000, 0x00000000e0d00000|100%| O|  |TAMS 0x00000000e0d00000, 0x00000000e0c00000| Untracked 
|  13|0x00000000e0d00000, 0x00000000e0e00000, 0x00000000e0e00000|100%| O|  |TAMS 0x00000000e0e00000, 0x00000000e0d00000| Untracked 
|  14|0x00000000e0e00000, 0x00000000e0f00000, 0x00000000e0f00000|100%| O|  |TAMS 0x00000000e0f00000, 0x00000000e0e00000| Untracked 
|  15|0x00000000e0f00000, 0x00000000e1000000, 0x00000000e1000000|100%| O|  |TAMS 0x00000000e1000000, 0x00000000e0f00000| Untracked 
|  16|0x00000000e1000000, 0x00000000e1100000, 0x00000000e1100000|100%| O|  |TAMS 0x00000000e1100000, 0x00000000e1000000| Untracked 
|  17|0x00000000e1100000, 0x00000000e1200000, 0x00000000e1200000|100%| O|  |TAMS 0x00000000e1200000, 0x00000000e1100000| Untracked 
|  18|0x00000000e1200000, 0x00000000e1300000, 0x00000000e1300000|100%| O|  |TAMS 0x00000000e1300000, 0x00000000e1200000| Untracked 
|  19|0x00000000e1300000, 0x00000000e1400000, 0x00000000e1400000|100%| O|  |TAMS 0x00000000e1400000, 0x00000000e1300000| Untracked 
|  20|0x00000000e1400000, 0x00000000e1500000, 0x00000000e1500000|100%| O|  |TAMS 0x00000000e1500000, 0x00000000e1400000| Untracked 
|  21|0x00000000e1500000, 0x00000000e1600000, 0x00000000e1600000|100%| O|  |TAMS 0x00000000e1600000, 0x00000000e1500000| Untracked 
|  22|0x00000000e1600000, 0x00000000e1700000, 0x00000000e1700000|100%| O|  |TAMS 0x00000000e1700000, 0x00000000e1600000| Untracked 
|  23|0x00000000e1700000, 0x00000000e1800000, 0x00000000e1800000|100%| O|  |TAMS 0x00000000e1800000, 0x00000000e1700000| Untracked 
|  24|0x00000000e1800000, 0x00000000e1900000, 0x00000000e1900000|100%| O|  |TAMS 0x00000000e1900000, 0x00000000e1800000| Untracked 
|  25|0x00000000e1900000, 0x00000000e1a00000, 0x00000000e1a00000|100%| O|  |TAMS 0x00000000e1a00000, 0x00000000e1900000| Untracked 
|  26|0x00000000e1a00000, 0x00000000e1b00000, 0x00000000e1b00000|100%| O|  |TAMS 0x00000000e1b00000, 0x00000000e1a00000| Untracked 
|  27|0x00000000e1b00000, 0x00000000e1c00000, 0x00000000e1c00000|100%| O|  |TAMS 0x00000000e1c00000, 0x00000000e1b00000| Untracked 
|  28|0x00000000e1c00000, 0x00000000e1d00000, 0x00000000e1d00000|100%| O|  |TAMS 0x00000000e1d00000, 0x00000000e1c00000| Untracked 
|  29|0x00000000e1d00000, 0x00000000e1e00000, 0x00000000e1e00000|100%| O|  |TAMS 0x00000000e1e00000, 0x00000000e1d00000| Untracked 
|  30|0x00000000e1e00000, 0x00000000e1f00000, 0x00000000e1f00000|100%| O|  |TAMS 0x00000000e1f00000, 0x00000000e1e00000| Untracked 
|  31|0x00000000e1f00000, 0x00000000e2000000, 0x00000000e2000000|100%| O|  |TAMS 0x00000000e2000000, 0x00000000e1f00000| Untracked 
|  32|0x00000000e2000000, 0x00000000e2100000, 0x00000000e2100000|100%| O|  |TAMS 0x00000000e2100000, 0x00000000e2000000| Untracked 
|  33|0x00000000e2100000, 0x00000000e2200000, 0x00000000e2200000|100%| O|  |TAMS 0x00000000e2200000, 0x00000000e2100000| Untracked 
|  34|0x00000000e2200000, 0x00000000e2300000, 0x00000000e2300000|100%| O|  |TAMS 0x00000000e2300000, 0x00000000e2200000| Untracked 
|  35|0x00000000e2300000, 0x00000000e2400000, 0x00000000e2400000|100%| O|  |TAMS 0x00000000e2400000, 0x00000000e2300000| Untracked 
|  36|0x00000000e2400000, 0x00000000e2500000, 0x00000000e2500000|100%| O|  |TAMS 0x00000000e2500000, 0x00000000e2400000| Untracked 
|  37|0x00000000e2500000, 0x00000000e2600000, 0x00000000e2600000|100%| O|  |TAMS 0x00000000e2600000, 0x00000000e2500000| Untracked 
|  38|0x00000000e2600000, 0x00000000e2700000, 0x00000000e2700000|100%| O|  |TAMS 0x00000000e2700000, 0x00000000e2600000| Untracked 
|  39|0x00000000e2700000, 0x00000000e2800000, 0x00000000e2800000|100%| O|  |TAMS 0x00000000e2800000, 0x00000000e2700000| Untracked 
|  40|0x00000000e2800000, 0x00000000e2900000, 0x00000000e2900000|100%| O|  |TAMS 0x00000000e2900000, 0x00000000e2800000| Untracked 
|  41|0x00000000e2900000, 0x00000000e2a00000, 0x00000000e2a00000|100%| O|  |TAMS 0x00000000e2a00000, 0x00000000e2900000| Untracked 
|  42|0x00000000e2a00000, 0x00000000e2b00000, 0x00000000e2b00000|100%| O|  |TAMS 0x00000000e2b00000, 0x00000000e2a00000| Untracked 
|  43|0x00000000e2b00000, 0x00000000e2c00000, 0x00000000e2c00000|100%| O|  |TAMS 0x00000000e2c00000, 0x00000000e2b00000| Untracked 
|  44|0x00000000e2c00000, 0x00000000e2d00000, 0x00000000e2d00000|100%| O|  |TAMS 0x00000000e2d00000, 0x00000000e2c00000| Untracked 
|  45|0x00000000e2d00000, 0x00000000e2e00000, 0x00000000e2e00000|100%| O|  |TAMS 0x00000000e2e00000, 0x00000000e2d00000| Untracked 
|  46|0x00000000e2e00000, 0x00000000e2f00000, 0x00000000e2f00000|100%| O|  |TAMS 0x00000000e2f00000, 0x00000000e2e00000| Untracked 
|  47|0x00000000e2f00000, 0x00000000e3000000, 0x00000000e3000000|100%| O|  |TAMS 0x00000000e3000000, 0x00000000e2f00000| Untracked 
|  48|0x00000000e3000000, 0x00000000e3000000, 0x00000000e3100000|  0%| F|  |TAMS 0x00000000e3000000, 0x00000000e3000000| Untracked 
|  49|0x00000000e3100000, 0x00000000e3100000, 0x00000000e3200000|  0%| F|  |TAMS 0x00000000e3100000, 0x00000000e3100000| Untracked 
|  50|0x00000000e3200000, 0x00000000e3200000, 0x00000000e3300000|  0%| F|  |TAMS 0x00000000e3200000, 0x00000000e3200000| Untracked 
|  51|0x00000000e3300000, 0x00000000e3400000, 0x00000000e3400000|100%| O|  |TAMS 0x00000000e3400000, 0x00000000e3300000| Untracked 
|  52|0x00000000e3400000, 0x00000000e3500000, 0x00000000e3500000|100%| O|  |TAMS 0x00000000e3500000, 0x00000000e3400000| Untracked 
|  53|0x00000000e3500000, 0x00000000e3600000, 0x00000000e3600000|100%| O|  |TAMS 0x00000000e3600000, 0x00000000e3500000| Untracked 
|  54|0x00000000e3600000, 0x00000000e3700000, 0x00000000e3700000|100%| O|  |TAMS 0x00000000e3700000, 0x00000000e3600000| Untracked 
|  55|0x00000000e3700000, 0x00000000e3800000, 0x00000000e3800000|100%| O|  |TAMS 0x00000000e3800000, 0x00000000e3700000| Untracked 
|  56|0x00000000e3800000, 0x00000000e3900000, 0x00000000e3900000|100%| O|  |TAMS 0x00000000e3900000, 0x00000000e3800000| Untracked 
|  57|0x00000000e3900000, 0x00000000e3a00000, 0x00000000e3a00000|100%| O|  |TAMS 0x00000000e3a00000, 0x00000000e3900000| Untracked 
|  58|0x00000000e3a00000, 0x00000000e3b00000, 0x00000000e3b00000|100%| O|  |TAMS 0x00000000e3b00000, 0x00000000e3a00000| Untracked 
|  59|0x00000000e3b00000, 0x00000000e3c00000, 0x00000000e3c00000|100%| O|  |TAMS 0x00000000e3c00000, 0x00000000e3b00000| Untracked 
|  60|0x00000000e3c00000, 0x00000000e3d00000, 0x00000000e3d00000|100%| O|  |TAMS 0x00000000e3d00000, 0x00000000e3c00000| Untracked 
|  61|0x00000000e3d00000, 0x00000000e3e00000, 0x00000000e3e00000|100%| O|  |TAMS 0x00000000e3e00000, 0x00000000e3d00000| Untracked 
|  62|0x00000000e3e00000, 0x00000000e3f00000, 0x00000000e3f00000|100%| O|  |TAMS 0x00000000e3f00000, 0x00000000e3e00000| Untracked 
|  63|0x00000000e3f00000, 0x00000000e4000000, 0x00000000e4000000|100%| O|  |TAMS 0x00000000e4000000, 0x00000000e3f00000| Untracked 
|  64|0x00000000e4000000, 0x00000000e4100000, 0x00000000e4100000|100%| O|  |TAMS 0x00000000e4100000, 0x00000000e4000000| Untracked 
|  65|0x00000000e4100000, 0x00000000e4100000, 0x00000000e4200000|  0%| F|  |TAMS 0x00000000e4100000, 0x00000000e4100000| Untracked 
|  66|0x00000000e4200000, 0x00000000e4200000, 0x00000000e4300000|  0%| F|  |TAMS 0x00000000e4200000, 0x00000000e4200000| Untracked 
|  67|0x00000000e4300000, 0x00000000e4400000, 0x00000000e4400000|100%| O|  |TAMS 0x00000000e4400000, 0x00000000e4300000| Untracked 
|  68|0x00000000e4400000, 0x00000000e4500000, 0x00000000e4500000|100%| O|  |TAMS 0x00000000e4500000, 0x00000000e4400000| Untracked 
|  69|0x00000000e4500000, 0x00000000e4600000, 0x00000000e4600000|100%| O|  |TAMS 0x00000000e4600000, 0x00000000e4500000| Untracked 
|  70|0x00000000e4600000, 0x00000000e4700000, 0x00000000e4700000|100%| O|  |TAMS 0x00000000e4700000, 0x00000000e4600000| Untracked 
|  71|0x00000000e4700000, 0x00000000e4800000, 0x00000000e4800000|100%| O|  |TAMS 0x00000000e4700000, 0x00000000e4700000| Untracked 
|  72|0x00000000e4800000, 0x00000000e4800000, 0x00000000e4900000|  0%| F|  |TAMS 0x00000000e4800000, 0x00000000e4800000| Untracked 
|  73|0x00000000e4900000, 0x00000000e4900000, 0x00000000e4a00000|  0%| F|  |TAMS 0x00000000e4900000, 0x00000000e4900000| Untracked 
|  74|0x00000000e4a00000, 0x00000000e4a00000, 0x00000000e4b00000|  0%| F|  |TAMS 0x00000000e4a00000, 0x00000000e4a00000| Untracked 
|  75|0x00000000e4b00000, 0x00000000e4b00000, 0x00000000e4c00000|  0%| F|  |TAMS 0x00000000e4b00000, 0x00000000e4b00000| Untracked 
|  76|0x00000000e4c00000, 0x00000000e4d00000, 0x00000000e4d00000|100%| O|  |TAMS 0x00000000e4d00000, 0x00000000e4c00000| Untracked 
|  77|0x00000000e4d00000, 0x00000000e4e00000, 0x00000000e4e00000|100%| O|  |TAMS 0x00000000e4e00000, 0x00000000e4d00000| Untracked 
|  78|0x00000000e4e00000, 0x00000000e4f00000, 0x00000000e4f00000|100%| O|  |TAMS 0x00000000e4f00000, 0x00000000e4e00000| Untracked 
|  79|0x00000000e4f00000, 0x00000000e5000000, 0x00000000e5000000|100%| O|  |TAMS 0x00000000e4f78400, 0x00000000e4f00000| Untracked 
|  80|0x00000000e5000000, 0x00000000e5092e00, 0x00000000e5100000| 57%| O|  |TAMS 0x00000000e5000000, 0x00000000e5000000| Untracked 
|  81|0x00000000e5100000, 0x00000000e5100000, 0x00000000e5200000|  0%| F|  |TAMS 0x00000000e5100000, 0x00000000e5100000| Untracked 
|  82|0x00000000e5200000, 0x00000000e5200000, 0x00000000e5300000|  0%| F|  |TAMS 0x00000000e5200000, 0x00000000e5200000| Untracked 
|  83|0x00000000e5300000, 0x00000000e5300000, 0x00000000e5400000|  0%| F|  |TAMS 0x00000000e5300000, 0x00000000e5300000| Untracked 
|  84|0x00000000e5400000, 0x00000000e5400000, 0x00000000e5500000|  0%| F|  |TAMS 0x00000000e5400000, 0x00000000e5400000| Untracked 
|  85|0x00000000e5500000, 0x00000000e5500000, 0x00000000e5600000|  0%| F|  |TAMS 0x00000000e5500000, 0x00000000e5500000| Untracked 
|  86|0x00000000e5600000, 0x00000000e5600000, 0x00000000e5700000|  0%| F|  |TAMS 0x00000000e5600000, 0x00000000e5600000| Untracked 
|  87|0x00000000e5700000, 0x00000000e5700000, 0x00000000e5800000|  0%| F|  |TAMS 0x00000000e5700000, 0x00000000e5700000| Untracked 
|  88|0x00000000e5800000, 0x00000000e5800000, 0x00000000e5900000|  0%| F|  |TAMS 0x00000000e5800000, 0x00000000e5800000| Untracked 
|  89|0x00000000e5900000, 0x00000000e5900000, 0x00000000e5a00000|  0%| F|  |TAMS 0x00000000e5900000, 0x00000000e5900000| Untracked 
|  90|0x00000000e5a00000, 0x00000000e5a00000, 0x00000000e5b00000|  0%| F|  |TAMS 0x00000000e5a00000, 0x00000000e5a00000| Untracked 
|  91|0x00000000e5b00000, 0x00000000e5b00000, 0x00000000e5c00000|  0%| F|  |TAMS 0x00000000e5b00000, 0x00000000e5b00000| Untracked 
|  92|0x00000000e5c00000, 0x00000000e5c00000, 0x00000000e5d00000|  0%| F|  |TAMS 0x00000000e5c00000, 0x00000000e5c00000| Untracked 
|  93|0x00000000e5d00000, 0x00000000e5d00000, 0x00000000e5e00000|  0%| F|  |TAMS 0x00000000e5d00000, 0x00000000e5d00000| Untracked 
|  94|0x00000000e5e00000, 0x00000000e5e00000, 0x00000000e5f00000|  0%| F|  |TAMS 0x00000000e5e00000, 0x00000000e5e00000| Untracked 
|  95|0x00000000e5f00000, 0x00000000e5f00000, 0x00000000e6000000|  0%| F|  |TAMS 0x00000000e5f00000, 0x00000000e5f00000| Untracked 
|  96|0x00000000e6000000, 0x00000000e6000000, 0x00000000e6100000|  0%| F|  |TAMS 0x00000000e6000000, 0x00000000e6000000| Untracked 
|  97|0x00000000e6100000, 0x00000000e6100000, 0x00000000e6200000|  0%| F|  |TAMS 0x00000000e6100000, 0x00000000e6100000| Untracked 
|  98|0x00000000e6200000, 0x00000000e6200000, 0x00000000e6300000|  0%| F|  |TAMS 0x00000000e6200000, 0x00000000e6200000| Untracked 
|  99|0x00000000e6300000, 0x00000000e6300000, 0x00000000e6400000|  0%| F|  |TAMS 0x00000000e6300000, 0x00000000e6300000| Untracked 
| 100|0x00000000e6400000, 0x00000000e6400000, 0x00000000e6500000|  0%| F|  |TAMS 0x00000000e6400000, 0x00000000e6400000| Untracked 
| 101|0x00000000e6500000, 0x00000000e6500000, 0x00000000e6600000|  0%| F|  |TAMS 0x00000000e6500000, 0x00000000e6500000| Untracked 
| 102|0x00000000e6600000, 0x00000000e6600000, 0x00000000e6700000|  0%| F|  |TAMS 0x00000000e6600000, 0x00000000e6600000| Untracked 
| 103|0x00000000e6700000, 0x00000000e6700000, 0x00000000e6800000|  0%| F|  |TAMS 0x00000000e6700000, 0x00000000e6700000| Untracked 
| 104|0x00000000e6800000, 0x00000000e6800000, 0x00000000e6900000|  0%| F|  |TAMS 0x00000000e6800000, 0x00000000e6800000| Untracked 
| 105|0x00000000e6900000, 0x00000000e6900000, 0x00000000e6a00000|  0%| F|  |TAMS 0x00000000e6900000, 0x00000000e6900000| Untracked 
| 106|0x00000000e6a00000, 0x00000000e6a00000, 0x00000000e6b00000|  0%| F|  |TAMS 0x00000000e6a00000, 0x00000000e6a00000| Untracked 
| 107|0x00000000e6b00000, 0x00000000e6b00000, 0x00000000e6c00000|  0%| F|  |TAMS 0x00000000e6b00000, 0x00000000e6b00000| Untracked 
| 108|0x00000000e6c00000, 0x00000000e6c00000, 0x00000000e6d00000|  0%| F|  |TAMS 0x00000000e6c00000, 0x00000000e6c00000| Untracked 
| 109|0x00000000e6d00000, 0x00000000e6d00000, 0x00000000e6e00000|  0%| F|  |TAMS 0x00000000e6d00000, 0x00000000e6d00000| Untracked 
| 110|0x00000000e6e00000, 0x00000000e6e00000, 0x00000000e6f00000|  0%| F|  |TAMS 0x00000000e6e00000, 0x00000000e6e00000| Untracked 
| 111|0x00000000e6f00000, 0x00000000e6f00000, 0x00000000e7000000|  0%| F|  |TAMS 0x00000000e6f00000, 0x00000000e6f00000| Untracked 
| 112|0x00000000e7000000, 0x00000000e70671b0, 0x00000000e7100000| 40%| S|CS|TAMS 0x00000000e7000000, 0x00000000e7000000| Complete 
| 113|0x00000000e7100000, 0x00000000e7200000, 0x00000000e7200000|100%| S|CS|TAMS 0x00000000e7100000, 0x00000000e7100000| Complete 
| 114|0x00000000e7200000, 0x00000000e7200000, 0x00000000e7300000|  0%| F|  |TAMS 0x00000000e7200000, 0x00000000e7200000| Untracked 
| 115|0x00000000e7300000, 0x00000000e7300000, 0x00000000e7400000|  0%| F|  |TAMS 0x00000000e7300000, 0x00000000e7300000| Untracked 
| 116|0x00000000e7400000, 0x00000000e7400000, 0x00000000e7500000|  0%| F|  |TAMS 0x00000000e7400000, 0x00000000e7400000| Untracked 
| 117|0x00000000e7500000, 0x00000000e7500000, 0x00000000e7600000|  0%| F|  |TAMS 0x00000000e7500000, 0x00000000e7500000| Untracked 
| 118|0x00000000e7600000, 0x00000000e7600000, 0x00000000e7700000|  0%| F|  |TAMS 0x00000000e7600000, 0x00000000e7600000| Untracked 
| 119|0x00000000e7700000, 0x00000000e7700000, 0x00000000e7800000|  0%| F|  |TAMS 0x00000000e7700000, 0x00000000e7700000| Untracked 
| 120|0x00000000e7800000, 0x00000000e7800000, 0x00000000e7900000|  0%| F|  |TAMS 0x00000000e7800000, 0x00000000e7800000| Untracked 
| 121|0x00000000e7900000, 0x00000000e7900000, 0x00000000e7a00000|  0%| F|  |TAMS 0x00000000e7900000, 0x00000000e7900000| Untracked 
| 122|0x00000000e7a00000, 0x00000000e7a00000, 0x00000000e7b00000|  0%| F|  |TAMS 0x00000000e7a00000, 0x00000000e7a00000| Untracked 
| 123|0x00000000e7b00000, 0x00000000e7b00000, 0x00000000e7c00000|  0%| F|  |TAMS 0x00000000e7b00000, 0x00000000e7b00000| Untracked 
| 124|0x00000000e7c00000, 0x00000000e7c00000, 0x00000000e7d00000|  0%| F|  |TAMS 0x00000000e7c00000, 0x00000000e7c00000| Untracked 
| 125|0x00000000e7d00000, 0x00000000e7d00000, 0x00000000e7e00000|  0%| F|  |TAMS 0x00000000e7d00000, 0x00000000e7d00000| Untracked 
| 126|0x00000000e7e00000, 0x00000000e7e00000, 0x00000000e7f00000|  0%| F|  |TAMS 0x00000000e7e00000, 0x00000000e7e00000| Untracked 
| 127|0x00000000e7f00000, 0x00000000e7f00000, 0x00000000e8000000|  0%| F|  |TAMS 0x00000000e7f00000, 0x00000000e7f00000| Untracked 
| 128|0x00000000e8000000, 0x00000000e8000000, 0x00000000e8100000|  0%| F|  |TAMS 0x00000000e8000000, 0x00000000e8000000| Untracked 
| 129|0x00000000e8100000, 0x00000000e8100000, 0x00000000e8200000|  0%| F|  |TAMS 0x00000000e8100000, 0x00000000e8100000| Untracked 
| 130|0x00000000e8200000, 0x00000000e8200000, 0x00000000e8300000|  0%| F|  |TAMS 0x00000000e8200000, 0x00000000e8200000| Untracked 
| 131|0x00000000e8300000, 0x00000000e8300000, 0x00000000e8400000|  0%| F|  |TAMS 0x00000000e8300000, 0x00000000e8300000| Untracked 
| 132|0x00000000e8400000, 0x00000000e8400000, 0x00000000e8500000|  0%| F|  |TAMS 0x00000000e8400000, 0x00000000e8400000| Untracked 
| 133|0x00000000e8500000, 0x00000000e8500000, 0x00000000e8600000|  0%| F|  |TAMS 0x00000000e8500000, 0x00000000e8500000| Untracked 
| 134|0x00000000e8600000, 0x00000000e8600000, 0x00000000e8700000|  0%| F|  |TAMS 0x00000000e8600000, 0x00000000e8600000| Untracked 
| 135|0x00000000e8700000, 0x00000000e8700000, 0x00000000e8800000|  0%| F|  |TAMS 0x00000000e8700000, 0x00000000e8700000| Untracked 
| 136|0x00000000e8800000, 0x00000000e8800000, 0x00000000e8900000|  0%| F|  |TAMS 0x00000000e8800000, 0x00000000e8800000| Untracked 
| 137|0x00000000e8900000, 0x00000000e8900000, 0x00000000e8a00000|  0%| F|  |TAMS 0x00000000e8900000, 0x00000000e8900000| Untracked 
| 138|0x00000000e8a00000, 0x00000000e8a00000, 0x00000000e8b00000|  0%| F|  |TAMS 0x00000000e8a00000, 0x00000000e8a00000| Untracked 
| 139|0x00000000e8b00000, 0x00000000e8b00000, 0x00000000e8c00000|  0%| F|  |TAMS 0x00000000e8b00000, 0x00000000e8b00000| Untracked 
| 140|0x00000000e8c00000, 0x00000000e8c00000, 0x00000000e8d00000|  0%| F|  |TAMS 0x00000000e8c00000, 0x00000000e8c00000| Untracked 
| 141|0x00000000e8d00000, 0x00000000e8d00000, 0x00000000e8e00000|  0%| F|  |TAMS 0x00000000e8d00000, 0x00000000e8d00000| Untracked 
| 142|0x00000000e8e00000, 0x00000000e8e00000, 0x00000000e8f00000|  0%| F|  |TAMS 0x00000000e8e00000, 0x00000000e8e00000| Untracked 
| 143|0x00000000e8f00000, 0x00000000e8f00000, 0x00000000e9000000|  0%| F|  |TAMS 0x00000000e8f00000, 0x00000000e8f00000| Untracked 
| 144|0x00000000e9000000, 0x00000000e9000000, 0x00000000e9100000|  0%| F|  |TAMS 0x00000000e9000000, 0x00000000e9000000| Untracked 
| 145|0x00000000e9100000, 0x00000000e9100000, 0x00000000e9200000|  0%| F|  |TAMS 0x00000000e9100000, 0x00000000e9100000| Untracked 
| 146|0x00000000e9200000, 0x00000000e9200000, 0x00000000e9300000|  0%| F|  |TAMS 0x00000000e9200000, 0x00000000e9200000| Untracked 
| 147|0x00000000e9300000, 0x00000000e9300000, 0x00000000e9400000|  0%| F|  |TAMS 0x00000000e9300000, 0x00000000e9300000| Untracked 
| 148|0x00000000e9400000, 0x00000000e9400000, 0x00000000e9500000|  0%| F|  |TAMS 0x00000000e9400000, 0x00000000e9400000| Untracked 
| 149|0x00000000e9500000, 0x00000000e9500000, 0x00000000e9600000|  0%| F|  |TAMS 0x00000000e9500000, 0x00000000e9500000| Untracked 
| 150|0x00000000e9600000, 0x00000000e9600000, 0x00000000e9700000|  0%| F|  |TAMS 0x00000000e9600000, 0x00000000e9600000| Untracked 
| 151|0x00000000e9700000, 0x00000000e9700000, 0x00000000e9800000|  0%| F|  |TAMS 0x00000000e9700000, 0x00000000e9700000| Untracked 
| 152|0x00000000e9800000, 0x00000000e9800000, 0x00000000e9900000|  0%| F|  |TAMS 0x00000000e9800000, 0x00000000e9800000| Untracked 
| 153|0x00000000e9900000, 0x00000000e9900000, 0x00000000e9a00000|  0%| F|  |TAMS 0x00000000e9900000, 0x00000000e9900000| Untracked 
| 154|0x00000000e9a00000, 0x00000000e9a00000, 0x00000000e9b00000|  0%| F|  |TAMS 0x00000000e9a00000, 0x00000000e9a00000| Untracked 
| 155|0x00000000e9b00000, 0x00000000e9b00000, 0x00000000e9c00000|  0%| F|  |TAMS 0x00000000e9b00000, 0x00000000e9b00000| Untracked 
| 156|0x00000000e9c00000, 0x00000000e9c00000, 0x00000000e9d00000|  0%| F|  |TAMS 0x00000000e9c00000, 0x00000000e9c00000| Untracked 
| 157|0x00000000e9d00000, 0x00000000e9d00000, 0x00000000e9e00000|  0%| F|  |TAMS 0x00000000e9d00000, 0x00000000e9d00000| Untracked 
| 158|0x00000000e9e00000, 0x00000000e9ecfc80, 0x00000000e9f00000| 81%| E|  |TAMS 0x00000000e9e00000, 0x00000000e9e00000| Complete 
| 159|0x00000000e9f00000, 0x00000000ea000000, 0x00000000ea000000|100%| E|CS|TAMS 0x00000000e9f00000, 0x00000000e9f00000| Complete 
| 160|0x00000000ea000000, 0x00000000ea100000, 0x00000000ea100000|100%| E|CS|TAMS 0x00000000ea000000, 0x00000000ea000000| Complete 
| 161|0x00000000ea100000, 0x00000000ea200000, 0x00000000ea200000|100%| E|CS|TAMS 0x00000000ea100000, 0x00000000ea100000| Complete 
| 162|0x00000000ea200000, 0x00000000ea300000, 0x00000000ea300000|100%| E|CS|TAMS 0x00000000ea200000, 0x00000000ea200000| Complete 
| 163|0x00000000ea300000, 0x00000000ea400000, 0x00000000ea400000|100%| E|CS|TAMS 0x00000000ea300000, 0x00000000ea300000| Complete 
| 164|0x00000000ea400000, 0x00000000ea500000, 0x00000000ea500000|100%| E|CS|TAMS 0x00000000ea400000, 0x00000000ea400000| Complete 
| 165|0x00000000ea500000, 0x00000000ea600000, 0x00000000ea600000|100%| E|CS|TAMS 0x00000000ea500000, 0x00000000ea500000| Complete 
| 166|0x00000000ea600000, 0x00000000ea700000, 0x00000000ea700000|100%| E|CS|TAMS 0x00000000ea600000, 0x00000000ea600000| Complete 
| 167|0x00000000ea700000, 0x00000000ea800000, 0x00000000ea800000|100%| E|CS|TAMS 0x00000000ea700000, 0x00000000ea700000| Complete 
| 168|0x00000000ea800000, 0x00000000ea900000, 0x00000000ea900000|100%| E|CS|TAMS 0x00000000ea800000, 0x00000000ea800000| Complete 
| 169|0x00000000ea900000, 0x00000000eaa00000, 0x00000000eaa00000|100%| E|CS|TAMS 0x00000000ea900000, 0x00000000ea900000| Complete 
| 170|0x00000000eaa00000, 0x00000000eab00000, 0x00000000eab00000|100%| E|CS|TAMS 0x00000000eaa00000, 0x00000000eaa00000| Complete 
| 171|0x00000000eab00000, 0x00000000eac00000, 0x00000000eac00000|100%| E|CS|TAMS 0x00000000eab00000, 0x00000000eab00000| Complete 
| 172|0x00000000eac00000, 0x00000000ead00000, 0x00000000ead00000|100%| E|CS|TAMS 0x00000000eac00000, 0x00000000eac00000| Complete 
| 173|0x00000000ead00000, 0x00000000eae00000, 0x00000000eae00000|100%| E|CS|TAMS 0x00000000ead00000, 0x00000000ead00000| Complete 
| 174|0x00000000eae00000, 0x00000000eaf00000, 0x00000000eaf00000|100%| E|CS|TAMS 0x00000000eae00000, 0x00000000eae00000| Complete 
| 175|0x00000000eaf00000, 0x00000000eb000000, 0x00000000eb000000|100%| E|CS|TAMS 0x00000000eaf00000, 0x00000000eaf00000| Complete 
| 176|0x00000000eb000000, 0x00000000eb100000, 0x00000000eb100000|100%| E|  |TAMS 0x00000000eb000000, 0x00000000eb000000| Complete 
| 177|0x00000000eb100000, 0x00000000eb200000, 0x00000000eb200000|100%| E|CS|TAMS 0x00000000eb100000, 0x00000000eb100000| Complete 
| 178|0x00000000eb200000, 0x00000000eb300000, 0x00000000eb300000|100%| E|CS|TAMS 0x00000000eb200000, 0x00000000eb200000| Complete 
| 179|0x00000000eb300000, 0x00000000eb400000, 0x00000000eb400000|100%| E|CS|TAMS 0x00000000eb300000, 0x00000000eb300000| Complete 
| 180|0x00000000eb400000, 0x00000000eb500000, 0x00000000eb500000|100%| E|CS|TAMS 0x00000000eb400000, 0x00000000eb400000| Complete 
| 181|0x00000000eb500000, 0x00000000eb600000, 0x00000000eb600000|100%| E|CS|TAMS 0x00000000eb500000, 0x00000000eb500000| Complete 
| 182|0x00000000eb600000, 0x00000000eb700000, 0x00000000eb700000|100%| E|CS|TAMS 0x00000000eb600000, 0x00000000eb600000| Complete 
| 183|0x00000000eb700000, 0x00000000eb800000, 0x00000000eb800000|100%| E|CS|TAMS 0x00000000eb700000, 0x00000000eb700000| Complete 
| 184|0x00000000eb800000, 0x00000000eb900000, 0x00000000eb900000|100%| E|CS|TAMS 0x00000000eb800000, 0x00000000eb800000| Complete 
| 185|0x00000000eb900000, 0x00000000eba00000, 0x00000000eba00000|100%| E|CS|TAMS 0x00000000eb900000, 0x00000000eb900000| Complete 
| 186|0x00000000eba00000, 0x00000000ebb00000, 0x00000000ebb00000|100%| E|CS|TAMS 0x00000000eba00000, 0x00000000eba00000| Complete 
| 187|0x00000000ebb00000, 0x00000000ebc00000, 0x00000000ebc00000|100%| E|CS|TAMS 0x00000000ebb00000, 0x00000000ebb00000| Complete 
| 188|0x00000000ebc00000, 0x00000000ebd00000, 0x00000000ebd00000|100%| E|CS|TAMS 0x00000000ebc00000, 0x00000000ebc00000| Complete 
| 189|0x00000000ebd00000, 0x00000000ebe00000, 0x00000000ebe00000|100%| E|CS|TAMS 0x00000000ebd00000, 0x00000000ebd00000| Complete 
| 190|0x00000000ebe00000, 0x00000000ebf00000, 0x00000000ebf00000|100%| E|CS|TAMS 0x00000000ebe00000, 0x00000000ebe00000| Complete 
| 191|0x00000000ebf00000, 0x00000000ec000000, 0x00000000ec000000|100%| E|CS|TAMS 0x00000000ebf00000, 0x00000000ebf00000| Complete 
| 192|0x00000000ec000000, 0x00000000ec100000, 0x00000000ec100000|100%| E|CS|TAMS 0x00000000ec000000, 0x00000000ec000000| Complete 
| 193|0x00000000ec100000, 0x00000000ec200000, 0x00000000ec200000|100%| E|CS|TAMS 0x00000000ec100000, 0x00000000ec100000| Complete 
| 194|0x00000000ec200000, 0x00000000ec300000, 0x00000000ec300000|100%| E|CS|TAMS 0x00000000ec200000, 0x00000000ec200000| Complete 
| 195|0x00000000ec300000, 0x00000000ec400000, 0x00000000ec400000|100%| E|CS|TAMS 0x00000000ec300000, 0x00000000ec300000| Complete 
| 196|0x00000000ec400000, 0x00000000ec500000, 0x00000000ec500000|100%| E|CS|TAMS 0x00000000ec400000, 0x00000000ec400000| Complete 
| 197|0x00000000ec500000, 0x00000000ec600000, 0x00000000ec600000|100%| E|CS|TAMS 0x00000000ec500000, 0x00000000ec500000| Complete 
| 198|0x00000000ec600000, 0x00000000ec700000, 0x00000000ec700000|100%| E|CS|TAMS 0x00000000ec600000, 0x00000000ec600000| Complete 
| 199|0x00000000ec700000, 0x00000000ec800000, 0x00000000ec800000|100%| E|CS|TAMS 0x00000000ec700000, 0x00000000ec700000| Complete 
| 200|0x00000000ec800000, 0x00000000ec900000, 0x00000000ec900000|100%| E|CS|TAMS 0x00000000ec800000, 0x00000000ec800000| Complete 
| 201|0x00000000ec900000, 0x00000000eca00000, 0x00000000eca00000|100%| E|CS|TAMS 0x00000000ec900000, 0x00000000ec900000| Complete 
| 202|0x00000000eca00000, 0x00000000ecb00000, 0x00000000ecb00000|100%| E|CS|TAMS 0x00000000eca00000, 0x00000000eca00000| Complete 
| 203|0x00000000ecb00000, 0x00000000ecc00000, 0x00000000ecc00000|100%| E|CS|TAMS 0x00000000ecb00000, 0x00000000ecb00000| Complete 
| 204|0x00000000ecc00000, 0x00000000ecd00000, 0x00000000ecd00000|100%| E|CS|TAMS 0x00000000ecc00000, 0x00000000ecc00000| Complete 
| 205|0x00000000ecd00000, 0x00000000ece00000, 0x00000000ece00000|100%| E|CS|TAMS 0x00000000ecd00000, 0x00000000ecd00000| Complete 
| 206|0x00000000ece00000, 0x00000000ecf00000, 0x00000000ecf00000|100%| E|CS|TAMS 0x00000000ece00000, 0x00000000ece00000| Complete 
| 207|0x00000000ecf00000, 0x00000000ed000000, 0x00000000ed000000|100%| E|CS|TAMS 0x00000000ecf00000, 0x00000000ecf00000| Complete 
| 208|0x00000000ed000000, 0x00000000ed100000, 0x00000000ed100000|100%| E|CS|TAMS 0x00000000ed000000, 0x00000000ed000000| Complete 
| 209|0x00000000ed100000, 0x00000000ed200000, 0x00000000ed200000|100%| E|CS|TAMS 0x00000000ed100000, 0x00000000ed100000| Complete 
| 210|0x00000000ed200000, 0x00000000ed300000, 0x00000000ed300000|100%| E|CS|TAMS 0x00000000ed200000, 0x00000000ed200000| Complete 
| 211|0x00000000ed300000, 0x00000000ed400000, 0x00000000ed400000|100%| E|CS|TAMS 0x00000000ed300000, 0x00000000ed300000| Complete 
| 212|0x00000000ed400000, 0x00000000ed500000, 0x00000000ed500000|100%| E|CS|TAMS 0x00000000ed400000, 0x00000000ed400000| Complete 
| 213|0x00000000ed500000, 0x00000000ed600000, 0x00000000ed600000|100%| E|CS|TAMS 0x00000000ed500000, 0x00000000ed500000| Complete 
| 214|0x00000000ed600000, 0x00000000ed700000, 0x00000000ed700000|100%| E|CS|TAMS 0x00000000ed600000, 0x00000000ed600000| Complete 
| 215|0x00000000ed700000, 0x00000000ed800000, 0x00000000ed800000|100%| E|CS|TAMS 0x00000000ed700000, 0x00000000ed700000| Complete 
| 216|0x00000000ed800000, 0x00000000ed900000, 0x00000000ed900000|100%| E|CS|TAMS 0x00000000ed800000, 0x00000000ed800000| Complete 
| 217|0x00000000ed900000, 0x00000000eda00000, 0x00000000eda00000|100%| E|CS|TAMS 0x00000000ed900000, 0x00000000ed900000| Complete 
| 218|0x00000000eda00000, 0x00000000edb00000, 0x00000000edb00000|100%| E|CS|TAMS 0x00000000eda00000, 0x00000000eda00000| Complete 
| 219|0x00000000edb00000, 0x00000000edc00000, 0x00000000edc00000|100%| E|CS|TAMS 0x00000000edb00000, 0x00000000edb00000| Complete 
| 220|0x00000000edc00000, 0x00000000edd00000, 0x00000000edd00000|100%| E|CS|TAMS 0x00000000edc00000, 0x00000000edc00000| Complete 
| 221|0x00000000edd00000, 0x00000000ede00000, 0x00000000ede00000|100%| E|CS|TAMS 0x00000000edd00000, 0x00000000edd00000| Complete 
| 222|0x00000000ede00000, 0x00000000edf00000, 0x00000000edf00000|100%| E|CS|TAMS 0x00000000ede00000, 0x00000000ede00000| Complete 
| 223|0x00000000edf00000, 0x00000000ee000000, 0x00000000ee000000|100%| E|CS|TAMS 0x00000000edf00000, 0x00000000edf00000| Complete 
| 224|0x00000000ee000000, 0x00000000ee100000, 0x00000000ee100000|100%| E|CS|TAMS 0x00000000ee000000, 0x00000000ee000000| Complete 
| 225|0x00000000ee100000, 0x00000000ee200000, 0x00000000ee200000|100%| E|CS|TAMS 0x00000000ee100000, 0x00000000ee100000| Complete 
| 226|0x00000000ee200000, 0x00000000ee300000, 0x00000000ee300000|100%| E|CS|TAMS 0x00000000ee200000, 0x00000000ee200000| Complete 
| 227|0x00000000ee300000, 0x00000000ee400000, 0x00000000ee400000|100%| E|CS|TAMS 0x00000000ee300000, 0x00000000ee300000| Complete 
| 228|0x00000000ee400000, 0x00000000ee500000, 0x00000000ee500000|100%| E|CS|TAMS 0x00000000ee400000, 0x00000000ee400000| Complete 
| 229|0x00000000ee500000, 0x00000000ee600000, 0x00000000ee600000|100%| E|CS|TAMS 0x00000000ee500000, 0x00000000ee500000| Complete 
| 230|0x00000000ee600000, 0x00000000ee700000, 0x00000000ee700000|100%| E|CS|TAMS 0x00000000ee600000, 0x00000000ee600000| Complete 
| 231|0x00000000ee700000, 0x00000000ee800000, 0x00000000ee800000|100%| E|CS|TAMS 0x00000000ee700000, 0x00000000ee700000| Complete 
| 232|0x00000000ee800000, 0x00000000ee900000, 0x00000000ee900000|100%| E|CS|TAMS 0x00000000ee800000, 0x00000000ee800000| Complete 
| 233|0x00000000ee900000, 0x00000000eea00000, 0x00000000eea00000|100%| E|CS|TAMS 0x00000000ee900000, 0x00000000ee900000| Complete 
| 234|0x00000000eea00000, 0x00000000eeb00000, 0x00000000eeb00000|100%| E|CS|TAMS 0x00000000eea00000, 0x00000000eea00000| Complete 
| 235|0x00000000eeb00000, 0x00000000eec00000, 0x00000000eec00000|100%| E|CS|TAMS 0x00000000eeb00000, 0x00000000eeb00000| Complete 
| 236|0x00000000eec00000, 0x00000000eed00000, 0x00000000eed00000|100%| E|CS|TAMS 0x00000000eec00000, 0x00000000eec00000| Complete 
| 237|0x00000000eed00000, 0x00000000eee00000, 0x00000000eee00000|100%| E|CS|TAMS 0x00000000eed00000, 0x00000000eed00000| Complete 
| 238|0x00000000eee00000, 0x00000000eef00000, 0x00000000eef00000|100%| E|CS|TAMS 0x00000000eee00000, 0x00000000eee00000| Complete 
| 239|0x00000000eef00000, 0x00000000ef000000, 0x00000000ef000000|100%| E|CS|TAMS 0x00000000eef00000, 0x00000000eef00000| Complete 
| 240|0x00000000ef000000, 0x00000000ef100000, 0x00000000ef100000|100%| E|CS|TAMS 0x00000000ef000000, 0x00000000ef000000| Complete 
| 241|0x00000000ef100000, 0x00000000ef200000, 0x00000000ef200000|100%| E|CS|TAMS 0x00000000ef100000, 0x00000000ef100000| Complete 
| 242|0x00000000ef200000, 0x00000000ef300000, 0x00000000ef300000|100%| E|CS|TAMS 0x00000000ef200000, 0x00000000ef200000| Complete 
| 243|0x00000000ef300000, 0x00000000ef400000, 0x00000000ef400000|100%| E|CS|TAMS 0x00000000ef300000, 0x00000000ef300000| Complete 
| 244|0x00000000ef400000, 0x00000000ef500000, 0x00000000ef500000|100%| E|CS|TAMS 0x00000000ef400000, 0x00000000ef400000| Complete 
| 245|0x00000000ef500000, 0x00000000ef600000, 0x00000000ef600000|100%| E|CS|TAMS 0x00000000ef500000, 0x00000000ef500000| Complete 
| 246|0x00000000ef600000, 0x00000000ef700000, 0x00000000ef700000|100%| E|CS|TAMS 0x00000000ef600000, 0x00000000ef600000| Complete 
| 247|0x00000000ef700000, 0x00000000ef800000, 0x00000000ef800000|100%| E|CS|TAMS 0x00000000ef700000, 0x00000000ef700000| Complete 
| 248|0x00000000ef800000, 0x00000000ef900000, 0x00000000ef900000|100%| E|CS|TAMS 0x00000000ef800000, 0x00000000ef800000| Complete 
| 249|0x00000000ef900000, 0x00000000efa00000, 0x00000000efa00000|100%| E|CS|TAMS 0x00000000ef900000, 0x00000000ef900000| Complete 
| 250|0x00000000efa00000, 0x00000000efb00000, 0x00000000efb00000|100%| E|CS|TAMS 0x00000000efa00000, 0x00000000efa00000| Complete 
| 251|0x00000000efb00000, 0x00000000efc00000, 0x00000000efc00000|100%| E|CS|TAMS 0x00000000efb00000, 0x00000000efb00000| Complete 
| 252|0x00000000efc00000, 0x00000000efd00000, 0x00000000efd00000|100%| E|CS|TAMS 0x00000000efc00000, 0x00000000efc00000| Complete 
| 253|0x00000000efd00000, 0x00000000efe00000, 0x00000000efe00000|100%| E|CS|TAMS 0x00000000efd00000, 0x00000000efd00000| Complete 
| 254|0x00000000efe00000, 0x00000000eff00000, 0x00000000eff00000|100%| E|CS|TAMS 0x00000000efe00000, 0x00000000efe00000| Complete 
| 255|0x00000000eff00000, 0x00000000f0000000, 0x00000000f0000000|100%| E|CS|TAMS 0x00000000eff00000, 0x00000000eff00000| Complete 

Card table byte_map: [0x000001c14b4e0000,0x000001c14b5e0000] _byte_map_base: 0x000001c14ade0000

Marking Bits (Prev, Next): (CMBitMap*) 0x000001c134c3f150, (CMBitMap*) 0x000001c134c3f110
 Prev Bits: [0x000001c14bee0000, 0x000001c14c6e0000)
 Next Bits: [0x000001c14b6e0000, 0x000001c14bee0000)

Polling page: 0x000001c132af0000

Metaspace:

Usage:
  Non-class:     50.47 MB used.
      Class:      7.85 MB used.
       Both:     58.32 MB used.

Virtual space:
  Non-class space:       64.00 MB reserved,      50.81 MB ( 79%) committed,  1 nodes.
      Class space:      320.00 MB reserved,       8.25 MB (  3%) committed,  1 nodes.
             Both:      384.00 MB reserved,      59.06 MB ( 15%) committed. 

Chunk freelists:
   Non-Class:  12.63 MB
       Class:  7.81 MB
        Both:  20.44 MB

MaxMetaspaceSize: 384.00 MB
CompressedClassSpaceSize: 320.00 MB
Initial GC threshold: 21.00 MB
Current GC threshold: 97.94 MB
CDS: on
MetaspaceReclaimPolicy: balanced
 - commit_granule_bytes: 65536.
 - commit_granule_words: 8192.
 - virtual_space_node_default_size: 8388608.
 - enlarge_chunks_in_place: 1.
 - new_chunks_are_fully_committed: 0.
 - uncommit_free_chunks: 1.
 - use_allocation_guard: 0.
 - handle_deallocations: 1.


Internal statistics:

num_allocs_failed_limit: 9.
num_arena_births: 944.
num_arena_deaths: 0.
num_vsnodes_births: 2.
num_vsnodes_deaths: 0.
num_space_committed: 945.
num_space_uncommitted: 0.
num_chunks_returned_to_freelist: 9.
num_chunks_taken_from_freelist: 3586.
num_chunk_merges: 9.
num_chunk_splits: 2201.
num_chunks_enlarged: 1289.
num_inconsistent_stats: 0.

CodeHeap 'non-profiled nmethods': size=120000Kb used=10589Kb max_used=10589Kb free=109410Kb
 bounds [0x000001c143fb0000, 0x000001c144a10000, 0x000001c14b4e0000]
CodeHeap 'profiled nmethods': size=120000Kb used=23561Kb max_used=23561Kb free=96438Kb
 bounds [0x000001c13c4e0000, 0x000001c13dbf0000, 0x000001c143a10000]
CodeHeap 'non-nmethods': size=5760Kb used=2329Kb max_used=2384Kb free=3430Kb
 bounds [0x000001c143a10000, 0x000001c143c80000, 0x000001c143fb0000]
 total_blobs=13144 nmethods=12294 adapters=763
 compilation: enabled
              stopped_count=0, restarted_count=0
 full_count=0

Compilation events (20 events):
Event: 5525.287 Thread 0x000001c14ecab7b0 nmethod 14883 0x000001c144a02f10 code [0x000001c144a030a0, 0x000001c144a032d8]
Event: 5525.343 Thread 0x000001c14ecab7b0 14884       4       io.spring.gradle.dependencymanagement.org.apache.maven.model.profile.DefaultProfileActivationContext::toMap (61 bytes)
Event: 5525.529 Thread 0x000001c14ecab7b0 nmethod 14884 0x000001c144a03390 code [0x000001c144a03600, 0x000001c144a059b0]
Event: 5525.529 Thread 0x000001c14ecab7b0 14885   !   4       io.spring.gradle.dependencymanagement.org.apache.maven.model.Model::clone (502 bytes)
Event: 5525.545 Thread 0x000001c14ecb4670 14886       3       io.spring.gradle.dependencymanagement.internal.ExclusionConfiguringAction$DependencyCandidate::<init> (6 bytes)
Event: 5525.546 Thread 0x000001c14ecb4670 nmethod 14886 0x000001c13dbe1c90 code [0x000001c13dbe1e60, 0x000001c13dbe2338]
Event: 5525.549 Thread 0x000001c14ecb4670 14887       3       org.gradle.api.JavaVersion::assertTrue (37 bytes)
Event: 5525.551 Thread 0x000001c14ecb4670 nmethod 14887 0x000001c13dbe2590 code [0x000001c13dbe27c0, 0x000001c13dbe2e88]
Event: 5525.551 Thread 0x000001c14ecb4670 14888       3       org.gradle.api.tasks.compile.JavaCompile_Decorated::getOptions (33 bytes)
Event: 5525.555 Thread 0x000001c14ecb4670 nmethod 14888 0x000001c13dbe3110 code [0x000001c13dbe3320, 0x000001c13dbe3a98]
Event: 5525.556 Thread 0x000001c14ecb4670 14889       3       org.gradle.api.tasks.compile.CompileOptions_Decorated::attachOwner (11 bytes)
Event: 5525.556 Thread 0x000001c14ecb4670 nmethod 14889 0x000001c13dbe3c90 code [0x000001c13dbe3e20, 0x000001c13dbe3fd8]
Event: 5525.556 Thread 0x000001c14ecb4670 14890       3       org.gradle.internal.component.model.MultipleCandidateMatcher$$Lambda$1225/0x000001c15074a0b0::apply (13 bytes)
Event: 5525.558 Thread 0x000001c14ecb4670 nmethod 14890 0x000001c13dbe4090 code [0x000001c13dbe4260, 0x000001c13dbe45c8]
Event: 5525.919 Thread 0x000001c14ecb4670 14894       3       org.gradle.api.internal.artifacts.ivyservice.resolveengine.graph.builder.NodeState::storeOwnStrictVersions (26 bytes)
Event: 5525.920 Thread 0x000001c14ecb4670 nmethod 14894 0x000001c13dbe4790 code [0x000001c13dbe4980, 0x000001c13dbe5038]
Event: 5526.120 Thread 0x000001c14ecb4670 14896       1       io.spring.gradle.dependencymanagement.org.apache.maven.model.Reporting::setPlugins (6 bytes)
Event: 5526.120 Thread 0x000001c14ecb4670 nmethod 14896 0x000001c144a07390 code [0x000001c144a07520, 0x000001c144a07638]
Event: 5526.255 Thread 0x000001c14ecb4670 14897       3       io.spring.gradle.dependencymanagement.internal.Versions$$Lambda$1201/0x000001c15070dd08::<init> (10 bytes)
Event: 5526.256 Thread 0x000001c14ecb4670 nmethod 14897 0x000001c13dbe5210 code [0x000001c13dbe53a0, 0x000001c13dbe5558]

GC Heap History (20 events):
Event: 187.929 GC heap before
{Heap before GC invocations=13 (full 0):
 garbage-first heap   total 262144K, used 205148K [0x00000000e0000000, 0x0000000100000000)
  region size 1024K, 134 young (137216K), 13 survivors (13312K)
 Metaspace       used 57947K, committed 58560K, reserved 393216K
  class space    used 7926K, committed 8256K, reserved 327680K
}
Event: 187.959 GC heap after
{Heap after GC invocations=14 (full 0):
 garbage-first heap   total 262144K, used 85165K [0x00000000e0000000, 0x0000000100000000)
  region size 1024K, 10 young (10240K), 10 survivors (10240K)
 Metaspace       used 57947K, committed 58560K, reserved 393216K
  class space    used 7926K, committed 8256K, reserved 327680K
}
Event: 210.822 GC heap before
{Heap before GC invocations=14 (full 0):
 garbage-first heap   total 262144K, used 211117K [0x00000000e0000000, 0x0000000100000000)
  region size 1024K, 133 young (136192K), 10 survivors (10240K)
 Metaspace       used 58000K, committed 58688K, reserved 393216K
  class space    used 7936K, committed 8256K, reserved 327680K
}
Event: 210.832 GC heap after
{Heap after GC invocations=15 (full 0):
 garbage-first heap   total 262144K, used 80061K [0x00000000e0000000, 0x0000000100000000)
  region size 1024K, 2 young (2048K), 2 survivors (2048K)
 Metaspace       used 58000K, committed 58688K, reserved 393216K
  class space    used 7936K, committed 8256K, reserved 327680K
}
Event: 218.586 GC heap before
{Heap before GC invocations=15 (full 0):
 garbage-first heap   total 262144K, used 230589K [0x00000000e0000000, 0x0000000100000000)
  region size 1024K, 133 young (136192K), 2 survivors (2048K)
 Metaspace       used 58172K, committed 58816K, reserved 393216K
  class space    used 7957K, committed 8256K, reserved 327680K
}
Event: 218.609 GC heap after
{Heap after GC invocations=16 (full 0):
 garbage-first heap   total 262144K, used 82353K [0x00000000e0000000, 0x0000000100000000)
  region size 1024K, 5 young (5120K), 5 survivors (5120K)
 Metaspace       used 58172K, committed 58816K, reserved 393216K
  class space    used 7957K, committed 8256K, reserved 327680K
}
Event: 229.980 GC heap before
{Heap before GC invocations=16 (full 0):
 garbage-first heap   total 262144K, used 214449K [0x00000000e0000000, 0x0000000100000000)
  region size 1024K, 135 young (138240K), 5 survivors (5120K)
 Metaspace       used 58753K, committed 59456K, reserved 393216K
  class space    used 8001K, committed 8384K, reserved 327680K
}
Event: 230.035 GC heap after
{Heap after GC invocations=17 (full 0):
 garbage-first heap   total 262144K, used 89923K [0x00000000e0000000, 0x0000000100000000)
  region size 1024K, 12 young (12288K), 12 survivors (12288K)
 Metaspace       used 58753K, committed 59456K, reserved 393216K
  class space    used 8001K, committed 8384K, reserved 327680K
}
Event: 281.068 GC heap before
{Heap before GC invocations=17 (full 0):
 garbage-first heap   total 262144K, used 213827K [0x00000000e0000000, 0x0000000100000000)
  region size 1024K, 133 young (136192K), 12 survivors (12288K)
 Metaspace       used 59004K, committed 59776K, reserved 393216K
  class space    used 8007K, committed 8384K, reserved 327680K
}
Event: 281.080 GC heap after
{Heap after GC invocations=18 (full 0):
 garbage-first heap   total 262144K, used 83894K [0x00000000e0000000, 0x0000000100000000)
  region size 1024K, 3 young (3072K), 3 survivors (3072K)
 Metaspace       used 59004K, committed 59776K, reserved 393216K
  class space    used 8007K, committed 8384K, reserved 327680K
}
Event: 372.730 GC heap before
{Heap before GC invocations=18 (full 0):
 garbage-first heap   total 262144K, used 218038K [0x00000000e0000000, 0x0000000100000000)
  region size 1024K, 134 young (137216K), 3 survivors (3072K)
 Metaspace       used 59241K, committed 59968K, reserved 393216K
  class space    used 8027K, committed 8384K, reserved 327680K
}
Event: 372.757 GC heap after
{Heap after GC invocations=19 (full 0):
 garbage-first heap   total 262144K, used 85984K [0x00000000e0000000, 0x0000000100000000)
  region size 1024K, 5 young (5120K), 5 survivors (5120K)
 Metaspace       used 59241K, committed 59968K, reserved 393216K
  class space    used 8027K, committed 8384K, reserved 327680K
}
Event: 390.092 GC heap before
{Heap before GC invocations=19 (full 0):
 garbage-first heap   total 262144K, used 209888K [0x00000000e0000000, 0x0000000100000000)
  region size 1024K, 128 young (131072K), 5 survivors (5120K)
 Metaspace       used 59401K, committed 60096K, reserved 393216K
  class space    used 8030K, committed 8384K, reserved 327680K
}
Event: 390.129 GC heap after
{Heap after GC invocations=20 (full 0):
 garbage-first heap   total 262144K, used 84837K [0x00000000e0000000, 0x0000000100000000)
  region size 1024K, 4 young (4096K), 4 survivors (4096K)
 Metaspace       used 59401K, committed 60096K, reserved 393216K
  class space    used 8030K, committed 8384K, reserved 327680K
}
Event: 397.361 GC heap before
{Heap before GC invocations=21 (full 0):
 garbage-first heap   total 262144K, used 217957K [0x00000000e0000000, 0x0000000100000000)
  region size 1024K, 135 young (138240K), 4 survivors (4096K)
 Metaspace       used 59483K, committed 60224K, reserved 393216K
  class space    used 8030K, committed 8384K, reserved 327680K
}
Event: 397.404 GC heap after
{Heap after GC invocations=22 (full 0):
 garbage-first heap   total 262144K, used 88545K [0x00000000e0000000, 0x0000000100000000)
  region size 1024K, 8 young (8192K), 8 survivors (8192K)
 Metaspace       used 59483K, committed 60224K, reserved 393216K
  class space    used 8030K, committed 8384K, reserved 327680K
}
Event: 485.612 GC heap before
{Heap before GC invocations=22 (full 0):
 garbage-first heap   total 262144K, used 91617K [0x00000000e0000000, 0x0000000100000000)
  region size 1024K, 12 young (12288K), 8 survivors (8192K)
 Metaspace       used 59504K, committed 60224K, reserved 393216K
  class space    used 8030K, committed 8384K, reserved 327680K
}
Event: 485.702 GC heap after
{Heap after GC invocations=23 (full 0):
 garbage-first heap   total 262144K, used 74315K [0x00000000e0000000, 0x0000000100000000)
  region size 1024K, 1 young (1024K), 1 survivors (1024K)
 Metaspace       used 59504K, committed 60224K, reserved 393216K
  class space    used 8030K, committed 8384K, reserved 327680K
}
Event: 5515.843 GC heap before
{Heap before GC invocations=23 (full 0):
 garbage-first heap   total 262144K, used 217675K [0x00000000e0000000, 0x0000000100000000)
  region size 1024K, 142 young (145408K), 1 survivors (1024K)
 Metaspace       used 59687K, committed 60480K, reserved 393216K
  class space    used 8041K, committed 8448K, reserved 327680K
}
Event: 5516.165 GC heap after
{Heap after GC invocations=24 (full 0):
 garbage-first heap   total 262144K, used 74727K [0x00000000e0000000, 0x0000000100000000)
  region size 1024K, 2 young (2048K), 2 survivors (2048K)
 Metaspace       used 59687K, committed 60480K, reserved 393216K
  class space    used 8041K, committed 8448K, reserved 327680K
}

Deoptimization events (20 events):
Event: 5515.438 Thread 0x000001c168fefdb0 DEOPT PACKING pc=0x000001c1449b56d0 sp=0x0000000101ff80b0
Event: 5515.438 Thread 0x000001c168fefdb0 DEOPT UNPACKING pc=0x000001c143a6239d sp=0x0000000101ff8060 mode 2
Event: 5516.573 Thread 0x000001c168fefdb0 DEOPT PACKING pc=0x000001c13cb9faee sp=0x0000000101ffb2d0
Event: 5516.573 Thread 0x000001c168fefdb0 DEOPT UNPACKING pc=0x000001c143a62b24 sp=0x0000000101ffa798 mode 0
Event: 5517.294 Thread 0x000001c168fefdb0 Uncommon trap: trap_request=0xffffffd6 fr.pc=0x000001c1449aa284 relative=0x0000000000000364
Event: 5517.294 Thread 0x000001c168fefdb0 Uncommon trap: reason=array_check action=maybe_recompile pc=0x000001c1449aa284 method=java.util.LinkedHashMap.keysToArray([Ljava/lang/Object;)[Ljava/lang/Object; @ 25 c2
Event: 5517.294 Thread 0x000001c168fefdb0 DEOPT PACKING pc=0x000001c1449aa284 sp=0x0000000101ff86d0
Event: 5517.294 Thread 0x000001c168fefdb0 DEOPT UNPACKING pc=0x000001c143a6239d sp=0x0000000101ff8678 mode 2
Event: 5519.154 Thread 0x000001c168fefdb0 Uncommon trap: trap_request=0xffffffd6 fr.pc=0x000001c1449aa284 relative=0x0000000000000364
Event: 5519.154 Thread 0x000001c168fefdb0 Uncommon trap: reason=array_check action=maybe_recompile pc=0x000001c1449aa284 method=java.util.LinkedHashMap.keysToArray([Ljava/lang/Object;)[Ljava/lang/Object; @ 25 c2
Event: 5519.154 Thread 0x000001c168fefdb0 DEOPT PACKING pc=0x000001c1449aa284 sp=0x0000000101ff7c50
Event: 5519.154 Thread 0x000001c168fefdb0 DEOPT UNPACKING pc=0x000001c143a6239d sp=0x0000000101ff7bf8 mode 2
Event: 5521.501 Thread 0x000001c168fefdb0 Uncommon trap: trap_request=0xffffffd6 fr.pc=0x000001c1449aa284 relative=0x0000000000000364
Event: 5521.501 Thread 0x000001c168fefdb0 Uncommon trap: reason=array_check action=maybe_recompile pc=0x000001c1449aa284 method=java.util.LinkedHashMap.keysToArray([Ljava/lang/Object;)[Ljava/lang/Object; @ 25 c2
Event: 5521.501 Thread 0x000001c168fefdb0 DEOPT PACKING pc=0x000001c1449aa284 sp=0x0000000101ff87b0
Event: 5521.501 Thread 0x000001c168fefdb0 DEOPT UNPACKING pc=0x000001c143a6239d sp=0x0000000101ff8758 mode 2
Event: 5522.680 Thread 0x000001c168fefdb0 DEOPT PACKING pc=0x000001c13c6942ae sp=0x0000000101ff97f0
Event: 5522.681 Thread 0x000001c168fefdb0 DEOPT UNPACKING pc=0x000001c143a62b24 sp=0x0000000101ff8d08 mode 0
Event: 5526.178 Thread 0x000001c168fefdb0 DEOPT PACKING pc=0x000001c13c6942ae sp=0x0000000101ff9570
Event: 5526.179 Thread 0x000001c168fefdb0 DEOPT UNPACKING pc=0x000001c143a62b24 sp=0x0000000101ff8a88 mode 0

Classes unloaded (0 events):
No events

Classes redefined (0 events):
No events

Internal exceptions (20 events):
Event: 369.782 Thread 0x000001c168ff2630 Exception <a 'sun/nio/fs/WindowsException'{0x00000000e9f2a258}> (0x00000000e9f2a258) 
thrown [s\open\src\hotspot\share\prims\jni.cpp, line 516]
Event: 369.784 Thread 0x000001c168ff2630 Exception <a 'sun/nio/fs/WindowsException'{0x00000000e9f2b7c0}> (0x00000000e9f2b7c0) 
thrown [s\open\src\hotspot\share\prims\jni.cpp, line 516]
Event: 369.785 Thread 0x000001c168ff2630 Exception <a 'sun/nio/fs/WindowsException'{0x00000000e9f2cd28}> (0x00000000e9f2cd28) 
thrown [s\open\src\hotspot\share\prims\jni.cpp, line 516]
Event: 370.513 Thread 0x000001c168ff2630 Exception <a 'java/lang/NoClassDefFoundError'{0x00000000e9bc7a88}: org/jetbrains/kotlin/gradle/plugin/KotlinPluginWrapper> (0x00000000e9bc7a88) 
thrown [s\open\src\hotspot\share\oops\constantPool.cpp, line 837]
Event: 370.514 Thread 0x000001c168ff2630 Exception <a 'java/lang/NoClassDefFoundError'{0x00000000e9bc9b80}: org/graalvm/buildtools/gradle/NativeImagePlugin> (0x00000000e9bc9b80) 
thrown [s\open\src\hotspot\share\oops\constantPool.cpp, line 837]
Event: 388.329 Thread 0x000001c168ff2630 Implicit null exception at 0x000001c144415fdb to 0x000001c14441606c
Event: 388.576 Thread 0x000001c168ff2630 Exception <a 'sun/nio/fs/WindowsException'{0x00000000e8dc0898}> (0x00000000e8dc0898) 
thrown [s\open\src\hotspot\share\prims\jni.cpp, line 516]
Event: 388.579 Thread 0x000001c168ff2630 Exception <a 'sun/nio/fs/WindowsException'{0x00000000e8dc1e00}> (0x00000000e8dc1e00) 
thrown [s\open\src\hotspot\share\prims\jni.cpp, line 516]
Event: 388.581 Thread 0x000001c168ff2630 Exception <a 'sun/nio/fs/WindowsException'{0x00000000e8dc3368}> (0x00000000e8dc3368) 
thrown [s\open\src\hotspot\share\prims\jni.cpp, line 516]
Event: 388.584 Thread 0x000001c168ff2630 Exception <a 'sun/nio/fs/WindowsException'{0x00000000e8dc48d0}> (0x00000000e8dc48d0) 
thrown [s\open\src\hotspot\share\prims\jni.cpp, line 516]
Event: 389.628 Thread 0x000001c168ff2630 Exception <a 'java/lang/NoClassDefFoundError'{0x00000000e88329b0}: org/jetbrains/kotlin/gradle/plugin/KotlinPluginWrapper> (0x00000000e88329b0) 
thrown [s\open\src\hotspot\share\oops\constantPool.cpp, line 837]
Event: 389.628 Thread 0x000001c168ff2630 Exception <a 'java/lang/NoClassDefFoundError'{0x00000000e8834aa8}: org/graalvm/buildtools/gradle/NativeImagePlugin> (0x00000000e8834aa8) 
thrown [s\open\src\hotspot\share\oops\constantPool.cpp, line 837]
Event: 390.395 Thread 0x000001c168ff2630 Implicit null exception at 0x000001c144381058 to 0x000001c144381466
Event: 5508.344 Thread 0x000001c168fefdb0 Implicit null exception at 0x000001c1448fa584 to 0x000001c1448fa71c
Event: 5511.318 Thread 0x000001c168fefdb0 Exception <a 'sun/nio/fs/WindowsException'{0x00000000e76f0f60}> (0x00000000e76f0f60) 
thrown [s\open\src\hotspot\share\prims\jni.cpp, line 516]
Event: 5511.330 Thread 0x000001c168fefdb0 Exception <a 'sun/nio/fs/WindowsException'{0x00000000e76f24c8}> (0x00000000e76f24c8) 
thrown [s\open\src\hotspot\share\prims\jni.cpp, line 516]
Event: 5511.332 Thread 0x000001c168fefdb0 Exception <a 'sun/nio/fs/WindowsException'{0x00000000e76f3a30}> (0x00000000e76f3a30) 
thrown [s\open\src\hotspot\share\prims\jni.cpp, line 516]
Event: 5511.334 Thread 0x000001c168fefdb0 Exception <a 'sun/nio/fs/WindowsException'{0x00000000e76f4f98}> (0x00000000e76f4f98) 
thrown [s\open\src\hotspot\share\prims\jni.cpp, line 516]
Event: 5516.295 Thread 0x000001c168fefdb0 Exception <a 'java/lang/NoClassDefFoundError'{0x00000000effb7e18}: org/jetbrains/kotlin/gradle/plugin/KotlinPluginWrapper> (0x00000000effb7e18) 
thrown [s\open\src\hotspot\share\oops\constantPool.cpp, line 837]
Event: 5516.298 Thread 0x000001c168fefdb0 Exception <a 'java/lang/NoClassDefFoundError'{0x00000000effb9f10}: org/graalvm/buildtools/gradle/NativeImagePlugin> (0x00000000effb9f10) 
thrown [s\open\src\hotspot\share\oops\constantPool.cpp, line 837]

VM Operations (20 events):
Event: 5508.632 Executing VM operation: Cleanup
Event: 5508.632 Executing VM operation: Cleanup done
Event: 5509.641 Executing VM operation: Cleanup
Event: 5509.664 Executing VM operation: Cleanup done
Event: 5511.674 Executing VM operation: Cleanup
Event: 5511.711 Executing VM operation: Cleanup done
Event: 5513.743 Executing VM operation: Cleanup
Event: 5513.964 Executing VM operation: Cleanup done
Event: 5515.694 Executing VM operation: G1CollectForAllocation
Event: 5516.172 Executing VM operation: G1CollectForAllocation done
Event: 5517.174 Executing VM operation: Cleanup
Event: 5517.176 Executing VM operation: Cleanup done
Event: 5518.180 Executing VM operation: Cleanup
Event: 5518.226 Executing VM operation: Cleanup done
Event: 5520.227 Executing VM operation: Cleanup
Event: 5520.228 Executing VM operation: Cleanup done
Event: 5522.247 Executing VM operation: Cleanup
Event: 5522.248 Executing VM operation: Cleanup done
Event: 5524.265 Executing VM operation: Cleanup
Event: 5524.281 Executing VM operation: Cleanup done

Events (20 events):
Event: 5519.642 Thread 0x000001c168e4c400 Thread added: 0x000001c168e4c400
Event: 5519.705 Thread 0x000001c168e4f6a0 Thread added: 0x000001c168e4f6a0
Event: 5520.311 Thread 0x000001c168e4ce20 Thread added: 0x000001c168e4ce20
Event: 5520.338 Thread 0x000001c168e4dd50 Thread added: 0x000001c168e4dd50
Event: 5520.393 Thread 0x000001c169e22b50 Thread added: 0x000001c169e22b50
Event: 5520.427 Thread 0x000001c169e26d20 Thread added: 0x000001c169e26d20
Event: 5520.472 Thread 0x000001c169e23f90 Thread added: 0x000001c169e23f90
Event: 5520.507 Thread 0x000001c169e20cf0 Thread added: 0x000001c169e20cf0
Event: 5520.553 Thread 0x000001c169532060 Thread added: 0x000001c169532060
Event: 5520.590 Thread 0x000001c169531b50 Thread added: 0x000001c169531b50
Event: 5520.624 Thread 0x000001c169531640 Thread added: 0x000001c169531640
Event: 5520.644 Thread 0x000001c169532570 Thread added: 0x000001c169532570
Event: 5520.704 Thread 0x000001c16c383310 Thread added: 0x000001c16c383310
Event: 5520.733 Thread 0x000001c16c388e30 Thread added: 0x000001c16c388e30
Event: 5520.775 Thread 0x000001c16c384750 Thread added: 0x000001c16c384750
Event: 5520.837 Thread 0x000001c16c38a270 Thread added: 0x000001c16c38a270
Event: 5520.938 Thread 0x000001c16c3860a0 Thread added: 0x000001c16c3860a0
Event: 5521.006 Thread 0x000001c16c385170 Thread added: 0x000001c16c385170
Event: 5521.027 Thread 0x000001c16c38a780 Thread added: 0x000001c16c38a780
Event: 5521.075 Thread 0x000001c16c387f00 Thread added: 0x000001c16c387f00


Dynamic libraries:
0x00007ff7c6e70000 - 0x00007ff7c6e80000 	C:\Program Files\Java\jdk-17\bin\java.exe
0x00007ff8556a0000 - 0x00007ff8558a9000 	C:\WINDOWS\SYSTEM32\ntdll.dll
0x00007ff853ed0000 - 0x00007ff853f8d000 	C:\WINDOWS\System32\KERNEL32.DLL
0x00007ff852f80000 - 0x00007ff853304000 	C:\WINDOWS\System32\KERNELBASE.dll
0x00007ff852be0000 - 0x00007ff852cf1000 	C:\WINDOWS\System32\ucrtbase.dll
0x00007ffff8660000 - 0x00007ffff867b000 	C:\Program Files\Java\jdk-17\bin\VCRUNTIME140.dll
0x00007ff804300000 - 0x00007ff804319000 	C:\Program Files\Java\jdk-17\bin\jli.dll
0x00007ff854520000 - 0x00007ff8545ce000 	C:\WINDOWS\System32\ADVAPI32.dll
0x00007ff853640000 - 0x00007ff8536e3000 	C:\WINDOWS\System32\msvcrt.dll
0x00007ff853f90000 - 0x00007ff85402e000 	C:\WINDOWS\System32\sechost.dll
0x00007ff855530000 - 0x00007ff855651000 	C:\WINDOWS\System32\RPCRT4.dll
0x00007ff855380000 - 0x00007ff85552d000 	C:\WINDOWS\System32\USER32.dll
0x00007ff852bb0000 - 0x00007ff852bd6000 	C:\WINDOWS\System32\win32u.dll
0x00007ff8374b0000 - 0x00007ff837755000 	C:\WINDOWS\WinSxS\amd64_microsoft.windows.common-controls_6595b64144ccf1df_6.0.22000.120_none_9d947278b86cc467\COMCTL32.dll
0x00007ff854230000 - 0x00007ff85425a000 	C:\WINDOWS\System32\GDI32.dll
0x00007ff8533d0000 - 0x00007ff8534ee000 	C:\WINDOWS\System32\gdi32full.dll
0x00007ff852d00000 - 0x00007ff852d9d000 	C:\WINDOWS\System32\msvcp_win.dll
0x00007ff84a5f0000 - 0x00007ff84a5fa000 	C:\WINDOWS\SYSTEM32\VERSION.dll
0x00007ff8546c0000 - 0x00007ff8546f1000 	C:\WINDOWS\System32\IMM32.DLL
0x00007ffff8650000 - 0x00007ffff865c000 	C:\Program Files\Java\jdk-17\bin\vcruntime140_1.dll
0x00007fffbbbd0000 - 0x00007fffbbc5e000 	C:\Program Files\Java\jdk-17\bin\msvcp140.dll
0x00007fffbaff0000 - 0x00007fffbbbd0000 	C:\Program Files\Java\jdk-17\bin\server\jvm.dll
0x00007ff853ec0000 - 0x00007ff853ec8000 	C:\WINDOWS\System32\PSAPI.DLL
0x00007ff84b200000 - 0x00007ff84b233000 	C:\WINDOWS\SYSTEM32\WINMM.dll
0x00007ffff8550000 - 0x00007ffff8559000 	C:\WINDOWS\SYSTEM32\WSOCK32.dll
0x00007ff855310000 - 0x00007ff85537f000 	C:\WINDOWS\System32\WS2_32.dll
0x00007ff851ba0000 - 0x00007ff851bb8000 	C:\WINDOWS\SYSTEM32\kernel.appcore.dll
0x00007ffff8540000 - 0x00007ffff854a000 	C:\Program Files\Java\jdk-17\bin\jimage.dll
0x00007ff850610000 - 0x00007ff850831000 	C:\WINDOWS\SYSTEM32\DBGHELP.DLL
0x00007ff832320000 - 0x00007ff832351000 	C:\WINDOWS\SYSTEM32\dbgcore.DLL
0x00007ff852b30000 - 0x00007ff852baf000 	C:\WINDOWS\System32\bcryptPrimitives.dll
0x00007ff812da0000 - 0x00007ff812dae000 	C:\Program Files\Java\jdk-17\bin\instrument.dll
0x00007ffff81e0000 - 0x00007ffff8205000 	C:\Program Files\Java\jdk-17\bin\java.dll
0x00007fffbaf10000 - 0x00007fffbafe7000 	C:\Program Files\Java\jdk-17\bin\jsvml.dll
0x00007ff8536f0000 - 0x00007ff853eb5000 	C:\WINDOWS\System32\SHELL32.dll
0x00007ff850c00000 - 0x00007ff851462000 	C:\WINDOWS\SYSTEM32\windows.storage.dll
0x00007ff854790000 - 0x00007ff854b06000 	C:\WINDOWS\System32\combase.dll
0x00007ff850a90000 - 0x00007ff850bf7000 	C:\WINDOWS\SYSTEM32\wintypes.dll
0x00007ff8545d0000 - 0x00007ff8546ba000 	C:\WINDOWS\System32\SHCORE.dll
0x00007ff854260000 - 0x00007ff8542bd000 	C:\WINDOWS\System32\shlwapi.dll
0x00007ff852a60000 - 0x00007ff852a85000 	C:\WINDOWS\SYSTEM32\profapi.dll
0x00007fffd20f0000 - 0x00007fffd2108000 	C:\Program Files\Java\jdk-17\bin\zip.dll
0x00007fffd2300000 - 0x00007fffd2319000 	C:\Program Files\Java\jdk-17\bin\net.dll
0x00007ff84b430000 - 0x00007ff84b544000 	C:\WINDOWS\SYSTEM32\WINHTTP.dll
0x00007ff852050000 - 0x00007ff8520b7000 	C:\WINDOWS\system32\mswsock.dll
0x00007fffd2110000 - 0x00007fffd2126000 	C:\Program Files\Java\jdk-17\bin\nio.dll
0x00007ff8439d0000 - 0x00007ff8439e0000 	C:\Program Files\Java\jdk-17\bin\verify.dll
0x00007ff8439a0000 - 0x00007ff8439c7000 	C:\Users\Francis\.gradle\native\c067742578af261105cb4f569cf0c3c89f3d7b1fecec35dd04571415982c5e48\windows-amd64\native-platform.dll
0x00007fffb37f0000 - 0x00007fffb3934000 	C:\Users\Francis\.gradle\native\38dada09dfb8b06ba9b0570ebf7e218e3eb74d4ef43ca46872605cf95ebc2f47\windows-amd64\native-platform-file-events.dll
0x00007ff8110d0000 - 0x00007ff8110da000 	C:\Program Files\Java\jdk-17\bin\management.dll
0x00007ff8110c0000 - 0x00007ff8110cb000 	C:\Program Files\Java\jdk-17\bin\management_ext.dll
0x00007ff8522a0000 - 0x00007ff8522b8000 	C:\WINDOWS\SYSTEM32\CRYPTSP.dll
0x00007ff851b00000 - 0x00007ff851b35000 	C:\WINDOWS\system32\rsaenh.dll
0x00007ff852140000 - 0x00007ff85216c000 	C:\WINDOWS\SYSTEM32\USERENV.dll
0x00007ff852410000 - 0x00007ff852437000 	C:\WINDOWS\SYSTEM32\bcrypt.dll
0x00007ff852290000 - 0x00007ff85229c000 	C:\WINDOWS\SYSTEM32\CRYPTBASE.dll
0x00007ff8516c0000 - 0x00007ff8516ed000 	C:\WINDOWS\SYSTEM32\IPHLPAPI.DLL
0x00007ff854b10000 - 0x00007ff854b19000 	C:\WINDOWS\System32\NSI.dll
0x00007ff84b7e0000 - 0x00007ff84b7f9000 	C:\WINDOWS\SYSTEM32\dhcpcsvc6.DLL
0x00007ff84c800000 - 0x00007ff84c81e000 	C:\WINDOWS\SYSTEM32\dhcpcsvc.DLL
0x00007ff8516f0000 - 0x00007ff8517d7000 	C:\WINDOWS\SYSTEM32\DNSAPI.dll
0x00007ff8110b0000 - 0x00007ff8110be000 	C:\Program Files\Java\jdk-17\bin\sunmscapi.dll
0x00007ff852e10000 - 0x00007ff852f72000 	C:\WINDOWS\System32\CRYPT32.dll
0x00007ff8523e0000 - 0x00007ff852408000 	C:\WINDOWS\SYSTEM32\ncrypt.dll
0x00007ff8523a0000 - 0x00007ff8523d7000 	C:\WINDOWS\SYSTEM32\NTASN1.dll
0x00007ff8110a0000 - 0x00007ff8110a8000 	C:\WINDOWS\system32\wshunix.dll

dbghelp: loaded successfully - version: 4.0.5 - missing functions: none
symbol engine: initialized successfully - sym options: 0x614 - pdb path: .;C:\Program Files\Java\jdk-17\bin;C:\WINDOWS\SYSTEM32;C:\WINDOWS\WinSxS\amd64_microsoft.windows.common-controls_6595b64144ccf1df_6.0.22000.120_none_9d947278b86cc467;C:\Program Files\Java\jdk-17\bin\server;C:\Users\Francis\.gradle\native\c067742578af261105cb4f569cf0c3c89f3d7b1fecec35dd04571415982c5e48\windows-amd64;C:\Users\Francis\.gradle\native\38dada09dfb8b06ba9b0570ebf7e218e3eb74d4ef43ca46872605cf95ebc2f47\windows-amd64

VM Arguments:
jvm_args: --add-opens=java.base/java.util=ALL-UNNAMED --add-opens=java.base/java.lang=ALL-UNNAMED --add-opens=java.base/java.lang.invoke=ALL-UNNAMED --add-opens=java.prefs/java.util.prefs=ALL-UNNAMED --add-opens=java.base/java.nio.charset=ALL-UNNAMED --add-opens=java.base/java.net=ALL-UNNAMED --add-opens=java.base/java.util.concurrent.atomic=ALL-UNNAMED -XX:MaxMetaspaceSize=384m -XX:+HeapDumpOnOutOfMemoryError -Xms256m -Xmx512m -Dfile.encoding=windows-1252 -Duser.country=US -Duser.language=en -Duser.variant -javaagent:C:\Users\Francis\.gradle\wrapper\dists\gradle-8.7-bin\bhs2wmbdwecv87pi65oeuq5iu\gradle-8.7\lib\agents\gradle-instrumentation-agent-8.7.jar 
java_command: org.gradle.launcher.daemon.bootstrap.GradleDaemon 8.7
java_class_path (initial): C:\Users\Francis\.gradle\wrapper\dists\gradle-8.7-bin\bhs2wmbdwecv87pi65oeuq5iu\gradle-8.7\lib\gradle-launcher-8.7.jar
Launcher Type: SUN_STANDARD

[Global flags]
     intx CICompilerCount                          = 3                                         {product} {ergonomic}
   size_t CompressedClassSpaceSize                 = 335544320                                 {product} {ergonomic}
     uint ConcGCThreads                            = 1                                         {product} {ergonomic}
     uint G1ConcRefinementThreads                  = 4                                         {product} {ergonomic}
   size_t G1HeapRegionSize                         = 1048576                                   {product} {ergonomic}
    uintx GCDrainStackTargetSize                   = 64                                        {product} {ergonomic}
     bool HeapDumpOnOutOfMemoryError               = true                                   {manageable} {command line}
   size_t InitialHeapSize                          = 268435456                                 {product} {command line}
   size_t MarkStackSize                            = 4194304                                   {product} {ergonomic}
   size_t MaxHeapSize                              = 536870912                                 {product} {command line}
   size_t MaxMetaspaceSize                         = 402653184                                 {product} {command line}
   size_t MaxNewSize                               = 321912832                                 {product} {ergonomic}
   size_t MinHeapDeltaBytes                        = 1048576                                   {product} {ergonomic}
   size_t MinHeapSize                              = 268435456                                 {product} {command line}
    uintx NonNMethodCodeHeapSize                   = 5832780                                {pd product} {ergonomic}
    uintx NonProfiledCodeHeapSize                  = 122912730                              {pd product} {ergonomic}
    uintx ProfiledCodeHeapSize                     = 122912730                              {pd product} {ergonomic}
    uintx ReservedCodeCacheSize                    = 251658240                              {pd product} {ergonomic}
     bool SegmentedCodeCache                       = true                                      {product} {ergonomic}
   size_t SoftMaxHeapSize                          = 536870912                              {manageable} {ergonomic}
     bool UseCompressedClassPointers               = true                           {product lp64_product} {ergonomic}
     bool UseCompressedOops                        = true                           {product lp64_product} {ergonomic}
     bool UseG1GC                                  = true                                      {product} {ergonomic}
     bool UseLargePagesIndividualAllocation        = false                                  {pd product} {ergonomic}

Logging:
Log output configuration:
 #0: stdout all=warning uptime,level,tags
 #1: stderr all=off uptime,level,tags

Environment Variables:
PATH=C:\Program Files\Common Files\Oracle\Java\javapath;C:\WINDOWS\system32;C:\WINDOWS;C:\WINDOWS\System32\Wbem;C:\WINDOWS\System32\WindowsPowerShell\v1.0\;C:\WINDOWS\System32\OpenSSH\;C:\Program Files\HP\HP One Agent;C:\Program Files\Git\cmd;C:\Program Files\nodejs\;C:\ProgramData\chocolatey\bin;C:\Program Files\Go\bin;C:\Users\Francis\AppData\Local\Programs\Python\Launcher\;C:\Users\Francis\AppData\Local\Microsoft\WindowsApps;C:\Users\Francis\AppData\Local\Programs\Microsoft VS Code\bin;C:\Users\Francis\AppData\Roaming\npm;C:\Users\Francis\go\bin;C:\tools\dart-sdk\bin;C:\Users\Francis\AppData\Local\Pub\Cache\bin;C:\Users\Francis\.bun\bin;C:\src\dart-sass;C:\src\apache-maven-3.9.6\bin;C:\Gradle\gradle-8.7\bin;C:\src\sqlite;
USERNAME=Francis
OS=Windows_NT
PROCESSOR_IDENTIFIER=Intel64 Family 6 Model 122 Stepping 8, GenuineIntel



---------------  S Y S T E M  ---------------

OS:
 Windows 11 , 64 bit Build 22000 (10.0.22000.2538)
OS uptime: 0 days 1:37 hours

CPU: total 4 (initial active 4) (4 cores per cpu, 1 threads per core) family 6 model 122 stepping 8 microcode 0x20, cx8, cmov, fxsr, mmx, 3dnowpref, sse, sse2, sse3, ssse3, sse4.1, sse4.2, popcnt, tsc, tscinvbit, aes, erms, clmul, sha, clflush, clflushopt

Memory: 4k page, system-wide physical 3907M (261M free)
TotalPageFile size 11231M (AvailPageFile size 2M)
current process WorkingSet (physical memory assigned to process): 246M, peak: 391M
current process commit charge ("private bytes"): 496M, peak: 511M

vm_info: Java HotSpot(TM) 64-Bit Server VM (17.0.11+7-LTS-207) for windows-amd64 JRE (17.0.11+7-LTS-207), built on Mar 11 2024 19:01:50 by "mach5one" with MS VC++ 17.6 (VS2022)

END.
